#! /c/Source/iverilog-install/bin/vvp
:ivl_version "12.0 (devel)" "(s20150603-1539-g2693dd32b)";
:ivl_delay_selection "TYPICAL";
:vpi_time_precision + 0;
:vpi_module "D:\iverilog\lib\ivl\system.vpi";
:vpi_module "D:\iverilog\lib\ivl\vhdl_sys.vpi";
:vpi_module "D:\iverilog\lib\ivl\vhdl_textio.vpi";
:vpi_module "D:\iverilog\lib\ivl\v2005_math.vpi";
:vpi_module "D:\iverilog\lib\ivl\va_math.vpi";
S_0000021b179d6340 .scope module, "miniCPU" "miniCPU" 2 1;
 .timescale 0 0;
    .port_info 0 /INPUT 1 "CLK";
    .port_info 1 /INPUT 1 "RST_";
P_0000021b17a8bfe0 .param/l "ADC_I" 1 2 18, C4<01101001>;
P_0000021b17a8c018 .param/l "ADC_M" 1 2 19, C4<01100101>;
P_0000021b17a8c050 .param/l "CY_EXECUTE" 1 2 11, C4<000100>;
P_0000021b17a8c088 .param/l "CY_FETCH_DECODE" 1 2 8, C4<000001>;
P_0000021b17a8c0c0 .param/l "CY_GET_IMMEDIATE" 1 2 9, C4<000010>;
P_0000021b17a8c0f8 .param/l "CY_GET_OPERAND" 1 2 10, C4<000011>;
P_0000021b17a8c130 .param/l "CY_ILLEGAL_OPCODE" 1 2 12, C4<111111>;
P_0000021b17a8c168 .param/l "CY_RESET" 1 2 7, C4<000000>;
P_0000021b17a8c1a0 .param/l "JMP" 1 2 21, C4<01001100>;
P_0000021b17a8c1d8 .param/l "JSR" 1 2 22, C4<00100000>;
P_0000021b17a8c210 .param/l "LDA_I" 1 2 15, C4<10101001>;
P_0000021b17a8c248 .param/l "LDA_M" 1 2 16, C4<10100101>;
P_0000021b17a8c280 .param/l "NOP" 1 2 20, C4<11101010>;
P_0000021b17a8c2b8 .param/l "PHA" 1 2 24, C4<01001000>;
P_0000021b17a8c2f0 .param/l "PLA" 1 2 25, C4<01101000>;
P_0000021b17a8c328 .param/l "RTS" 1 2 23, C4<01100000>;
P_0000021b17a8c360 .param/l "STA_M" 1 2 17, C4<10000101>;
P_0000021b17a8c398 .param/l "dir_CTRL" 1 2 30, C4<10>;
P_0000021b17a8c3d0 .param/l "dir_MR" 1 2 29, C4<01>;
P_0000021b17a8c408 .param/l "dir_RM" 1 2 28, C4<00>;
v0000021b179d6980_0 .var "A", 7 0;
v0000021b179d6ba0_0 .var "A_out", 7 0;
o0000021b17a9e9d8 .functor BUFZ 1, C4<z>; HiZ drive
v0000021b179d6660_0 .net "CLK", 0 0, o0000021b17a9e9d8;  0 drivers
v0000021b179d6700_0 .var "DP", 7 0;
v0000021b17a609d0_0 .var "DP_out", 7 0;
v0000021b17a60a70_0 .var "IR", 7 0;
v0000021b17a64380_0 .var "IR_out", 7 0;
v0000021b17a64420_0 .var "PC", 7 0;
v0000021b17a644c0_0 .var "PC_out", 7 0;
o0000021b17a9eb28 .functor BUFZ 1, C4<z>; HiZ drive
v0000021b17a64560_0 .net "RST_", 0 0, o0000021b17a9eb28;  0 drivers
v0000021b17a64600_0 .var "SP", 7 0;
v0000021b17a96080_0 .var "SP_out", 7 0;
v0000021b17a96120_0 .var "cycle", 7 0;
v0000021b17a961c0_0 .var/i "i", 31 0;
v0000021b17aeb2a0_0 .var "instruction", 7 0;
v0000021b17aeab20_0 .var "instruction_out", 7 0;
v0000021b17aeada0 .array "itable", 255 0, 7 0;
v0000021b17aeb7a0 .array "mem", 255 0, 7 0;
v0000021b17aeb0c0_0 .var "next_cycle", 7 0;
v0000021b17aeb3e0_0 .var "opcode", 7 0;
v0000021b17aeb480_0 .var "opcode_out", 7 0;
E_0000021b17a57d40/0 .event anyedge, v0000021b17a96120_0, v0000021b179d6980_0, v0000021b17a64420_0, v0000021b179d6700_0;
v0000021b17aeb7a0_0 .array/port v0000021b17aeb7a0, 0;
v0000021b17aeb7a0_1 .array/port v0000021b17aeb7a0, 1;
E_0000021b17a57d40/1 .event anyedge, v0000021b17a64600_0, v0000021b17a64560_0, v0000021b17aeb7a0_0, v0000021b17aeb7a0_1;
v0000021b17aeb7a0_2 .array/port v0000021b17aeb7a0, 2;
v0000021b17aeb7a0_3 .array/port v0000021b17aeb7a0, 3;
v0000021b17aeb7a0_4 .array/port v0000021b17aeb7a0, 4;
v0000021b17aeb7a0_5 .array/port v0000021b17aeb7a0, 5;
E_0000021b17a57d40/2 .event anyedge, v0000021b17aeb7a0_2, v0000021b17aeb7a0_3, v0000021b17aeb7a0_4, v0000021b17aeb7a0_5;
v0000021b17aeb7a0_6 .array/port v0000021b17aeb7a0, 6;
v0000021b17aeb7a0_7 .array/port v0000021b17aeb7a0, 7;
v0000021b17aeb7a0_8 .array/port v0000021b17aeb7a0, 8;
v0000021b17aeb7a0_9 .array/port v0000021b17aeb7a0, 9;
E_0000021b17a57d40/3 .event anyedge, v0000021b17aeb7a0_6, v0000021b17aeb7a0_7, v0000021b17aeb7a0_8, v0000021b17aeb7a0_9;
v0000021b17aeb7a0_10 .array/port v0000021b17aeb7a0, 10;
v0000021b17aeb7a0_11 .array/port v0000021b17aeb7a0, 11;
v0000021b17aeb7a0_12 .array/port v0000021b17aeb7a0, 12;
v0000021b17aeb7a0_13 .array/port v0000021b17aeb7a0, 13;
E_0000021b17a57d40/4 .event anyedge, v0000021b17aeb7a0_10, v0000021b17aeb7a0_11, v0000021b17aeb7a0_12, v0000021b17aeb7a0_13;
v0000021b17aeb7a0_14 .array/port v0000021b17aeb7a0, 14;
v0000021b17aeb7a0_15 .array/port v0000021b17aeb7a0, 15;
v0000021b17aeb7a0_16 .array/port v0000021b17aeb7a0, 16;
v0000021b17aeb7a0_17 .array/port v0000021b17aeb7a0, 17;
E_0000021b17a57d40/5 .event anyedge, v0000021b17aeb7a0_14, v0000021b17aeb7a0_15, v0000021b17aeb7a0_16, v0000021b17aeb7a0_17;
v0000021b17aeb7a0_18 .array/port v0000021b17aeb7a0, 18;
v0000021b17aeb7a0_19 .array/port v0000021b17aeb7a0, 19;
v0000021b17aeb7a0_20 .array/port v0000021b17aeb7a0, 20;
v0000021b17aeb7a0_21 .array/port v0000021b17aeb7a0, 21;
E_0000021b17a57d40/6 .event anyedge, v0000021b17aeb7a0_18, v0000021b17aeb7a0_19, v0000021b17aeb7a0_20, v0000021b17aeb7a0_21;
v0000021b17aeb7a0_22 .array/port v0000021b17aeb7a0, 22;
v0000021b17aeb7a0_23 .array/port v0000021b17aeb7a0, 23;
v0000021b17aeb7a0_24 .array/port v0000021b17aeb7a0, 24;
v0000021b17aeb7a0_25 .array/port v0000021b17aeb7a0, 25;
E_0000021b17a57d40/7 .event anyedge, v0000021b17aeb7a0_22, v0000021b17aeb7a0_23, v0000021b17aeb7a0_24, v0000021b17aeb7a0_25;
v0000021b17aeb7a0_26 .array/port v0000021b17aeb7a0, 26;
v0000021b17aeb7a0_27 .array/port v0000021b17aeb7a0, 27;
v0000021b17aeb7a0_28 .array/port v0000021b17aeb7a0, 28;
v0000021b17aeb7a0_29 .array/port v0000021b17aeb7a0, 29;
E_0000021b17a57d40/8 .event anyedge, v0000021b17aeb7a0_26, v0000021b17aeb7a0_27, v0000021b17aeb7a0_28, v0000021b17aeb7a0_29;
v0000021b17aeb7a0_30 .array/port v0000021b17aeb7a0, 30;
v0000021b17aeb7a0_31 .array/port v0000021b17aeb7a0, 31;
v0000021b17aeb7a0_32 .array/port v0000021b17aeb7a0, 32;
v0000021b17aeb7a0_33 .array/port v0000021b17aeb7a0, 33;
E_0000021b17a57d40/9 .event anyedge, v0000021b17aeb7a0_30, v0000021b17aeb7a0_31, v0000021b17aeb7a0_32, v0000021b17aeb7a0_33;
v0000021b17aeb7a0_34 .array/port v0000021b17aeb7a0, 34;
v0000021b17aeb7a0_35 .array/port v0000021b17aeb7a0, 35;
v0000021b17aeb7a0_36 .array/port v0000021b17aeb7a0, 36;
v0000021b17aeb7a0_37 .array/port v0000021b17aeb7a0, 37;
E_0000021b17a57d40/10 .event anyedge, v0000021b17aeb7a0_34, v0000021b17aeb7a0_35, v0000021b17aeb7a0_36, v0000021b17aeb7a0_37;
v0000021b17aeb7a0_38 .array/port v0000021b17aeb7a0, 38;
v0000021b17aeb7a0_39 .array/port v0000021b17aeb7a0, 39;
v0000021b17aeb7a0_40 .array/port v0000021b17aeb7a0, 40;
v0000021b17aeb7a0_41 .array/port v0000021b17aeb7a0, 41;
E_0000021b17a57d40/11 .event anyedge, v0000021b17aeb7a0_38, v0000021b17aeb7a0_39, v0000021b17aeb7a0_40, v0000021b17aeb7a0_41;
v0000021b17aeb7a0_42 .array/port v0000021b17aeb7a0, 42;
v0000021b17aeb7a0_43 .array/port v0000021b17aeb7a0, 43;
v0000021b17aeb7a0_44 .array/port v0000021b17aeb7a0, 44;
v0000021b17aeb7a0_45 .array/port v0000021b17aeb7a0, 45;
E_0000021b17a57d40/12 .event anyedge, v0000021b17aeb7a0_42, v0000021b17aeb7a0_43, v0000021b17aeb7a0_44, v0000021b17aeb7a0_45;
v0000021b17aeb7a0_46 .array/port v0000021b17aeb7a0, 46;
v0000021b17aeb7a0_47 .array/port v0000021b17aeb7a0, 47;
v0000021b17aeb7a0_48 .array/port v0000021b17aeb7a0, 48;
v0000021b17aeb7a0_49 .array/port v0000021b17aeb7a0, 49;
E_0000021b17a57d40/13 .event anyedge, v0000021b17aeb7a0_46, v0000021b17aeb7a0_47, v0000021b17aeb7a0_48, v0000021b17aeb7a0_49;
v0000021b17aeb7a0_50 .array/port v0000021b17aeb7a0, 50;
v0000021b17aeb7a0_51 .array/port v0000021b17aeb7a0, 51;
v0000021b17aeb7a0_52 .array/port v0000021b17aeb7a0, 52;
v0000021b17aeb7a0_53 .array/port v0000021b17aeb7a0, 53;
E_0000021b17a57d40/14 .event anyedge, v0000021b17aeb7a0_50, v0000021b17aeb7a0_51, v0000021b17aeb7a0_52, v0000021b17aeb7a0_53;
v0000021b17aeb7a0_54 .array/port v0000021b17aeb7a0, 54;
v0000021b17aeb7a0_55 .array/port v0000021b17aeb7a0, 55;
v0000021b17aeb7a0_56 .array/port v0000021b17aeb7a0, 56;
v0000021b17aeb7a0_57 .array/port v0000021b17aeb7a0, 57;
E_0000021b17a57d40/15 .event anyedge, v0000021b17aeb7a0_54, v0000021b17aeb7a0_55, v0000021b17aeb7a0_56, v0000021b17aeb7a0_57;
v0000021b17aeb7a0_58 .array/port v0000021b17aeb7a0, 58;
v0000021b17aeb7a0_59 .array/port v0000021b17aeb7a0, 59;
v0000021b17aeb7a0_60 .array/port v0000021b17aeb7a0, 60;
v0000021b17aeb7a0_61 .array/port v0000021b17aeb7a0, 61;
E_0000021b17a57d40/16 .event anyedge, v0000021b17aeb7a0_58, v0000021b17aeb7a0_59, v0000021b17aeb7a0_60, v0000021b17aeb7a0_61;
v0000021b17aeb7a0_62 .array/port v0000021b17aeb7a0, 62;
v0000021b17aeb7a0_63 .array/port v0000021b17aeb7a0, 63;
v0000021b17aeb7a0_64 .array/port v0000021b17aeb7a0, 64;
v0000021b17aeb7a0_65 .array/port v0000021b17aeb7a0, 65;
E_0000021b17a57d40/17 .event anyedge, v0000021b17aeb7a0_62, v0000021b17aeb7a0_63, v0000021b17aeb7a0_64, v0000021b17aeb7a0_65;
v0000021b17aeb7a0_66 .array/port v0000021b17aeb7a0, 66;
v0000021b17aeb7a0_67 .array/port v0000021b17aeb7a0, 67;
v0000021b17aeb7a0_68 .array/port v0000021b17aeb7a0, 68;
v0000021b17aeb7a0_69 .array/port v0000021b17aeb7a0, 69;
E_0000021b17a57d40/18 .event anyedge, v0000021b17aeb7a0_66, v0000021b17aeb7a0_67, v0000021b17aeb7a0_68, v0000021b17aeb7a0_69;
v0000021b17aeb7a0_70 .array/port v0000021b17aeb7a0, 70;
v0000021b17aeb7a0_71 .array/port v0000021b17aeb7a0, 71;
v0000021b17aeb7a0_72 .array/port v0000021b17aeb7a0, 72;
v0000021b17aeb7a0_73 .array/port v0000021b17aeb7a0, 73;
E_0000021b17a57d40/19 .event anyedge, v0000021b17aeb7a0_70, v0000021b17aeb7a0_71, v0000021b17aeb7a0_72, v0000021b17aeb7a0_73;
v0000021b17aeb7a0_74 .array/port v0000021b17aeb7a0, 74;
v0000021b17aeb7a0_75 .array/port v0000021b17aeb7a0, 75;
v0000021b17aeb7a0_76 .array/port v0000021b17aeb7a0, 76;
v0000021b17aeb7a0_77 .array/port v0000021b17aeb7a0, 77;
E_0000021b17a57d40/20 .event anyedge, v0000021b17aeb7a0_74, v0000021b17aeb7a0_75, v0000021b17aeb7a0_76, v0000021b17aeb7a0_77;
v0000021b17aeb7a0_78 .array/port v0000021b17aeb7a0, 78;
v0000021b17aeb7a0_79 .array/port v0000021b17aeb7a0, 79;
v0000021b17aeb7a0_80 .array/port v0000021b17aeb7a0, 80;
v0000021b17aeb7a0_81 .array/port v0000021b17aeb7a0, 81;
E_0000021b17a57d40/21 .event anyedge, v0000021b17aeb7a0_78, v0000021b17aeb7a0_79, v0000021b17aeb7a0_80, v0000021b17aeb7a0_81;
v0000021b17aeb7a0_82 .array/port v0000021b17aeb7a0, 82;
v0000021b17aeb7a0_83 .array/port v0000021b17aeb7a0, 83;
v0000021b17aeb7a0_84 .array/port v0000021b17aeb7a0, 84;
v0000021b17aeb7a0_85 .array/port v0000021b17aeb7a0, 85;
E_0000021b17a57d40/22 .event anyedge, v0000021b17aeb7a0_82, v0000021b17aeb7a0_83, v0000021b17aeb7a0_84, v0000021b17aeb7a0_85;
v0000021b17aeb7a0_86 .array/port v0000021b17aeb7a0, 86;
v0000021b17aeb7a0_87 .array/port v0000021b17aeb7a0, 87;
v0000021b17aeb7a0_88 .array/port v0000021b17aeb7a0, 88;
v0000021b17aeb7a0_89 .array/port v0000021b17aeb7a0, 89;
E_0000021b17a57d40/23 .event anyedge, v0000021b17aeb7a0_86, v0000021b17aeb7a0_87, v0000021b17aeb7a0_88, v0000021b17aeb7a0_89;
v0000021b17aeb7a0_90 .array/port v0000021b17aeb7a0, 90;
v0000021b17aeb7a0_91 .array/port v0000021b17aeb7a0, 91;
v0000021b17aeb7a0_92 .array/port v0000021b17aeb7a0, 92;
v0000021b17aeb7a0_93 .array/port v0000021b17aeb7a0, 93;
E_0000021b17a57d40/24 .event anyedge, v0000021b17aeb7a0_90, v0000021b17aeb7a0_91, v0000021b17aeb7a0_92, v0000021b17aeb7a0_93;
v0000021b17aeb7a0_94 .array/port v0000021b17aeb7a0, 94;
v0000021b17aeb7a0_95 .array/port v0000021b17aeb7a0, 95;
v0000021b17aeb7a0_96 .array/port v0000021b17aeb7a0, 96;
v0000021b17aeb7a0_97 .array/port v0000021b17aeb7a0, 97;
E_0000021b17a57d40/25 .event anyedge, v0000021b17aeb7a0_94, v0000021b17aeb7a0_95, v0000021b17aeb7a0_96, v0000021b17aeb7a0_97;
v0000021b17aeb7a0_98 .array/port v0000021b17aeb7a0, 98;
v0000021b17aeb7a0_99 .array/port v0000021b17aeb7a0, 99;
v0000021b17aeb7a0_100 .array/port v0000021b17aeb7a0, 100;
v0000021b17aeb7a0_101 .array/port v0000021b17aeb7a0, 101;
E_0000021b17a57d40/26 .event anyedge, v0000021b17aeb7a0_98, v0000021b17aeb7a0_99, v0000021b17aeb7a0_100, v0000021b17aeb7a0_101;
v0000021b17aeb7a0_102 .array/port v0000021b17aeb7a0, 102;
v0000021b17aeb7a0_103 .array/port v0000021b17aeb7a0, 103;
v0000021b17aeb7a0_104 .array/port v0000021b17aeb7a0, 104;
v0000021b17aeb7a0_105 .array/port v0000021b17aeb7a0, 105;
E_0000021b17a57d40/27 .event anyedge, v0000021b17aeb7a0_102, v0000021b17aeb7a0_103, v0000021b17aeb7a0_104, v0000021b17aeb7a0_105;
v0000021b17aeb7a0_106 .array/port v0000021b17aeb7a0, 106;
v0000021b17aeb7a0_107 .array/port v0000021b17aeb7a0, 107;
v0000021b17aeb7a0_108 .array/port v0000021b17aeb7a0, 108;
v0000021b17aeb7a0_109 .array/port v0000021b17aeb7a0, 109;
E_0000021b17a57d40/28 .event anyedge, v0000021b17aeb7a0_106, v0000021b17aeb7a0_107, v0000021b17aeb7a0_108, v0000021b17aeb7a0_109;
v0000021b17aeb7a0_110 .array/port v0000021b17aeb7a0, 110;
v0000021b17aeb7a0_111 .array/port v0000021b17aeb7a0, 111;
v0000021b17aeb7a0_112 .array/port v0000021b17aeb7a0, 112;
v0000021b17aeb7a0_113 .array/port v0000021b17aeb7a0, 113;
E_0000021b17a57d40/29 .event anyedge, v0000021b17aeb7a0_110, v0000021b17aeb7a0_111, v0000021b17aeb7a0_112, v0000021b17aeb7a0_113;
v0000021b17aeb7a0_114 .array/port v0000021b17aeb7a0, 114;
v0000021b17aeb7a0_115 .array/port v0000021b17aeb7a0, 115;
v0000021b17aeb7a0_116 .array/port v0000021b17aeb7a0, 116;
v0000021b17aeb7a0_117 .array/port v0000021b17aeb7a0, 117;
E_0000021b17a57d40/30 .event anyedge, v0000021b17aeb7a0_114, v0000021b17aeb7a0_115, v0000021b17aeb7a0_116, v0000021b17aeb7a0_117;
v0000021b17aeb7a0_118 .array/port v0000021b17aeb7a0, 118;
v0000021b17aeb7a0_119 .array/port v0000021b17aeb7a0, 119;
v0000021b17aeb7a0_120 .array/port v0000021b17aeb7a0, 120;
v0000021b17aeb7a0_121 .array/port v0000021b17aeb7a0, 121;
E_0000021b17a57d40/31 .event anyedge, v0000021b17aeb7a0_118, v0000021b17aeb7a0_119, v0000021b17aeb7a0_120, v0000021b17aeb7a0_121;
v0000021b17aeb7a0_122 .array/port v0000021b17aeb7a0, 122;
v0000021b17aeb7a0_123 .array/port v0000021b17aeb7a0, 123;
v0000021b17aeb7a0_124 .array/port v0000021b17aeb7a0, 124;
v0000021b17aeb7a0_125 .array/port v0000021b17aeb7a0, 125;
E_0000021b17a57d40/32 .event anyedge, v0000021b17aeb7a0_122, v0000021b17aeb7a0_123, v0000021b17aeb7a0_124, v0000021b17aeb7a0_125;
v0000021b17aeb7a0_126 .array/port v0000021b17aeb7a0, 126;
v0000021b17aeb7a0_127 .array/port v0000021b17aeb7a0, 127;
v0000021b17aeb7a0_128 .array/port v0000021b17aeb7a0, 128;
v0000021b17aeb7a0_129 .array/port v0000021b17aeb7a0, 129;
E_0000021b17a57d40/33 .event anyedge, v0000021b17aeb7a0_126, v0000021b17aeb7a0_127, v0000021b17aeb7a0_128, v0000021b17aeb7a0_129;
v0000021b17aeb7a0_130 .array/port v0000021b17aeb7a0, 130;
v0000021b17aeb7a0_131 .array/port v0000021b17aeb7a0, 131;
v0000021b17aeb7a0_132 .array/port v0000021b17aeb7a0, 132;
v0000021b17aeb7a0_133 .array/port v0000021b17aeb7a0, 133;
E_0000021b17a57d40/34 .event anyedge, v0000021b17aeb7a0_130, v0000021b17aeb7a0_131, v0000021b17aeb7a0_132, v0000021b17aeb7a0_133;
v0000021b17aeb7a0_134 .array/port v0000021b17aeb7a0, 134;
v0000021b17aeb7a0_135 .array/port v0000021b17aeb7a0, 135;
v0000021b17aeb7a0_136 .array/port v0000021b17aeb7a0, 136;
v0000021b17aeb7a0_137 .array/port v0000021b17aeb7a0, 137;
E_0000021b17a57d40/35 .event anyedge, v0000021b17aeb7a0_134, v0000021b17aeb7a0_135, v0000021b17aeb7a0_136, v0000021b17aeb7a0_137;
v0000021b17aeb7a0_138 .array/port v0000021b17aeb7a0, 138;
v0000021b17aeb7a0_139 .array/port v0000021b17aeb7a0, 139;
v0000021b17aeb7a0_140 .array/port v0000021b17aeb7a0, 140;
v0000021b17aeb7a0_141 .array/port v0000021b17aeb7a0, 141;
E_0000021b17a57d40/36 .event anyedge, v0000021b17aeb7a0_138, v0000021b17aeb7a0_139, v0000021b17aeb7a0_140, v0000021b17aeb7a0_141;
v0000021b17aeb7a0_142 .array/port v0000021b17aeb7a0, 142;
v0000021b17aeb7a0_143 .array/port v0000021b17aeb7a0, 143;
v0000021b17aeb7a0_144 .array/port v0000021b17aeb7a0, 144;
v0000021b17aeb7a0_145 .array/port v0000021b17aeb7a0, 145;
E_0000021b17a57d40/37 .event anyedge, v0000021b17aeb7a0_142, v0000021b17aeb7a0_143, v0000021b17aeb7a0_144, v0000021b17aeb7a0_145;
v0000021b17aeb7a0_146 .array/port v0000021b17aeb7a0, 146;
v0000021b17aeb7a0_147 .array/port v0000021b17aeb7a0, 147;
v0000021b17aeb7a0_148 .array/port v0000021b17aeb7a0, 148;
v0000021b17aeb7a0_149 .array/port v0000021b17aeb7a0, 149;
E_0000021b17a57d40/38 .event anyedge, v0000021b17aeb7a0_146, v0000021b17aeb7a0_147, v0000021b17aeb7a0_148, v0000021b17aeb7a0_149;
v0000021b17aeb7a0_150 .array/port v0000021b17aeb7a0, 150;
v0000021b17aeb7a0_151 .array/port v0000021b17aeb7a0, 151;
v0000021b17aeb7a0_152 .array/port v0000021b17aeb7a0, 152;
v0000021b17aeb7a0_153 .array/port v0000021b17aeb7a0, 153;
E_0000021b17a57d40/39 .event anyedge, v0000021b17aeb7a0_150, v0000021b17aeb7a0_151, v0000021b17aeb7a0_152, v0000021b17aeb7a0_153;
v0000021b17aeb7a0_154 .array/port v0000021b17aeb7a0, 154;
v0000021b17aeb7a0_155 .array/port v0000021b17aeb7a0, 155;
v0000021b17aeb7a0_156 .array/port v0000021b17aeb7a0, 156;
v0000021b17aeb7a0_157 .array/port v0000021b17aeb7a0, 157;
E_0000021b17a57d40/40 .event anyedge, v0000021b17aeb7a0_154, v0000021b17aeb7a0_155, v0000021b17aeb7a0_156, v0000021b17aeb7a0_157;
v0000021b17aeb7a0_158 .array/port v0000021b17aeb7a0, 158;
v0000021b17aeb7a0_159 .array/port v0000021b17aeb7a0, 159;
v0000021b17aeb7a0_160 .array/port v0000021b17aeb7a0, 160;
v0000021b17aeb7a0_161 .array/port v0000021b17aeb7a0, 161;
E_0000021b17a57d40/41 .event anyedge, v0000021b17aeb7a0_158, v0000021b17aeb7a0_159, v0000021b17aeb7a0_160, v0000021b17aeb7a0_161;
v0000021b17aeb7a0_162 .array/port v0000021b17aeb7a0, 162;
v0000021b17aeb7a0_163 .array/port v0000021b17aeb7a0, 163;
v0000021b17aeb7a0_164 .array/port v0000021b17aeb7a0, 164;
v0000021b17aeb7a0_165 .array/port v0000021b17aeb7a0, 165;
E_0000021b17a57d40/42 .event anyedge, v0000021b17aeb7a0_162, v0000021b17aeb7a0_163, v0000021b17aeb7a0_164, v0000021b17aeb7a0_165;
v0000021b17aeb7a0_166 .array/port v0000021b17aeb7a0, 166;
v0000021b17aeb7a0_167 .array/port v0000021b17aeb7a0, 167;
v0000021b17aeb7a0_168 .array/port v0000021b17aeb7a0, 168;
v0000021b17aeb7a0_169 .array/port v0000021b17aeb7a0, 169;
E_0000021b17a57d40/43 .event anyedge, v0000021b17aeb7a0_166, v0000021b17aeb7a0_167, v0000021b17aeb7a0_168, v0000021b17aeb7a0_169;
v0000021b17aeb7a0_170 .array/port v0000021b17aeb7a0, 170;
v0000021b17aeb7a0_171 .array/port v0000021b17aeb7a0, 171;
v0000021b17aeb7a0_172 .array/port v0000021b17aeb7a0, 172;
v0000021b17aeb7a0_173 .array/port v0000021b17aeb7a0, 173;
E_0000021b17a57d40/44 .event anyedge, v0000021b17aeb7a0_170, v0000021b17aeb7a0_171, v0000021b17aeb7a0_172, v0000021b17aeb7a0_173;
v0000021b17aeb7a0_174 .array/port v0000021b17aeb7a0, 174;
v0000021b17aeb7a0_175 .array/port v0000021b17aeb7a0, 175;
v0000021b17aeb7a0_176 .array/port v0000021b17aeb7a0, 176;
v0000021b17aeb7a0_177 .array/port v0000021b17aeb7a0, 177;
E_0000021b17a57d40/45 .event anyedge, v0000021b17aeb7a0_174, v0000021b17aeb7a0_175, v0000021b17aeb7a0_176, v0000021b17aeb7a0_177;
v0000021b17aeb7a0_178 .array/port v0000021b17aeb7a0, 178;
v0000021b17aeb7a0_179 .array/port v0000021b17aeb7a0, 179;
v0000021b17aeb7a0_180 .array/port v0000021b17aeb7a0, 180;
v0000021b17aeb7a0_181 .array/port v0000021b17aeb7a0, 181;
E_0000021b17a57d40/46 .event anyedge, v0000021b17aeb7a0_178, v0000021b17aeb7a0_179, v0000021b17aeb7a0_180, v0000021b17aeb7a0_181;
v0000021b17aeb7a0_182 .array/port v0000021b17aeb7a0, 182;
v0000021b17aeb7a0_183 .array/port v0000021b17aeb7a0, 183;
v0000021b17aeb7a0_184 .array/port v0000021b17aeb7a0, 184;
v0000021b17aeb7a0_185 .array/port v0000021b17aeb7a0, 185;
E_0000021b17a57d40/47 .event anyedge, v0000021b17aeb7a0_182, v0000021b17aeb7a0_183, v0000021b17aeb7a0_184, v0000021b17aeb7a0_185;
v0000021b17aeb7a0_186 .array/port v0000021b17aeb7a0, 186;
v0000021b17aeb7a0_187 .array/port v0000021b17aeb7a0, 187;
v0000021b17aeb7a0_188 .array/port v0000021b17aeb7a0, 188;
v0000021b17aeb7a0_189 .array/port v0000021b17aeb7a0, 189;
E_0000021b17a57d40/48 .event anyedge, v0000021b17aeb7a0_186, v0000021b17aeb7a0_187, v0000021b17aeb7a0_188, v0000021b17aeb7a0_189;
v0000021b17aeb7a0_190 .array/port v0000021b17aeb7a0, 190;
v0000021b17aeb7a0_191 .array/port v0000021b17aeb7a0, 191;
v0000021b17aeb7a0_192 .array/port v0000021b17aeb7a0, 192;
v0000021b17aeb7a0_193 .array/port v0000021b17aeb7a0, 193;
E_0000021b17a57d40/49 .event anyedge, v0000021b17aeb7a0_190, v0000021b17aeb7a0_191, v0000021b17aeb7a0_192, v0000021b17aeb7a0_193;
v0000021b17aeb7a0_194 .array/port v0000021b17aeb7a0, 194;
v0000021b17aeb7a0_195 .array/port v0000021b17aeb7a0, 195;
v0000021b17aeb7a0_196 .array/port v0000021b17aeb7a0, 196;
v0000021b17aeb7a0_197 .array/port v0000021b17aeb7a0, 197;
E_0000021b17a57d40/50 .event anyedge, v0000021b17aeb7a0_194, v0000021b17aeb7a0_195, v0000021b17aeb7a0_196, v0000021b17aeb7a0_197;
v0000021b17aeb7a0_198 .array/port v0000021b17aeb7a0, 198;
v0000021b17aeb7a0_199 .array/port v0000021b17aeb7a0, 199;
v0000021b17aeb7a0_200 .array/port v0000021b17aeb7a0, 200;
v0000021b17aeb7a0_201 .array/port v0000021b17aeb7a0, 201;
E_0000021b17a57d40/51 .event anyedge, v0000021b17aeb7a0_198, v0000021b17aeb7a0_199, v0000021b17aeb7a0_200, v0000021b17aeb7a0_201;
v0000021b17aeb7a0_202 .array/port v0000021b17aeb7a0, 202;
v0000021b17aeb7a0_203 .array/port v0000021b17aeb7a0, 203;
v0000021b17aeb7a0_204 .array/port v0000021b17aeb7a0, 204;
v0000021b17aeb7a0_205 .array/port v0000021b17aeb7a0, 205;
E_0000021b17a57d40/52 .event anyedge, v0000021b17aeb7a0_202, v0000021b17aeb7a0_203, v0000021b17aeb7a0_204, v0000021b17aeb7a0_205;
v0000021b17aeb7a0_206 .array/port v0000021b17aeb7a0, 206;
v0000021b17aeb7a0_207 .array/port v0000021b17aeb7a0, 207;
v0000021b17aeb7a0_208 .array/port v0000021b17aeb7a0, 208;
v0000021b17aeb7a0_209 .array/port v0000021b17aeb7a0, 209;
E_0000021b17a57d40/53 .event anyedge, v0000021b17aeb7a0_206, v0000021b17aeb7a0_207, v0000021b17aeb7a0_208, v0000021b17aeb7a0_209;
v0000021b17aeb7a0_210 .array/port v0000021b17aeb7a0, 210;
v0000021b17aeb7a0_211 .array/port v0000021b17aeb7a0, 211;
v0000021b17aeb7a0_212 .array/port v0000021b17aeb7a0, 212;
v0000021b17aeb7a0_213 .array/port v0000021b17aeb7a0, 213;
E_0000021b17a57d40/54 .event anyedge, v0000021b17aeb7a0_210, v0000021b17aeb7a0_211, v0000021b17aeb7a0_212, v0000021b17aeb7a0_213;
v0000021b17aeb7a0_214 .array/port v0000021b17aeb7a0, 214;
v0000021b17aeb7a0_215 .array/port v0000021b17aeb7a0, 215;
v0000021b17aeb7a0_216 .array/port v0000021b17aeb7a0, 216;
v0000021b17aeb7a0_217 .array/port v0000021b17aeb7a0, 217;
E_0000021b17a57d40/55 .event anyedge, v0000021b17aeb7a0_214, v0000021b17aeb7a0_215, v0000021b17aeb7a0_216, v0000021b17aeb7a0_217;
v0000021b17aeb7a0_218 .array/port v0000021b17aeb7a0, 218;
v0000021b17aeb7a0_219 .array/port v0000021b17aeb7a0, 219;
v0000021b17aeb7a0_220 .array/port v0000021b17aeb7a0, 220;
v0000021b17aeb7a0_221 .array/port v0000021b17aeb7a0, 221;
E_0000021b17a57d40/56 .event anyedge, v0000021b17aeb7a0_218, v0000021b17aeb7a0_219, v0000021b17aeb7a0_220, v0000021b17aeb7a0_221;
v0000021b17aeb7a0_222 .array/port v0000021b17aeb7a0, 222;
v0000021b17aeb7a0_223 .array/port v0000021b17aeb7a0, 223;
v0000021b17aeb7a0_224 .array/port v0000021b17aeb7a0, 224;
v0000021b17aeb7a0_225 .array/port v0000021b17aeb7a0, 225;
E_0000021b17a57d40/57 .event anyedge, v0000021b17aeb7a0_222, v0000021b17aeb7a0_223, v0000021b17aeb7a0_224, v0000021b17aeb7a0_225;
v0000021b17aeb7a0_226 .array/port v0000021b17aeb7a0, 226;
v0000021b17aeb7a0_227 .array/port v0000021b17aeb7a0, 227;
v0000021b17aeb7a0_228 .array/port v0000021b17aeb7a0, 228;
v0000021b17aeb7a0_229 .array/port v0000021b17aeb7a0, 229;
E_0000021b17a57d40/58 .event anyedge, v0000021b17aeb7a0_226, v0000021b17aeb7a0_227, v0000021b17aeb7a0_228, v0000021b17aeb7a0_229;
v0000021b17aeb7a0_230 .array/port v0000021b17aeb7a0, 230;
v0000021b17aeb7a0_231 .array/port v0000021b17aeb7a0, 231;
v0000021b17aeb7a0_232 .array/port v0000021b17aeb7a0, 232;
v0000021b17aeb7a0_233 .array/port v0000021b17aeb7a0, 233;
E_0000021b17a57d40/59 .event anyedge, v0000021b17aeb7a0_230, v0000021b17aeb7a0_231, v0000021b17aeb7a0_232, v0000021b17aeb7a0_233;
v0000021b17aeb7a0_234 .array/port v0000021b17aeb7a0, 234;
v0000021b17aeb7a0_235 .array/port v0000021b17aeb7a0, 235;
v0000021b17aeb7a0_236 .array/port v0000021b17aeb7a0, 236;
v0000021b17aeb7a0_237 .array/port v0000021b17aeb7a0, 237;
E_0000021b17a57d40/60 .event anyedge, v0000021b17aeb7a0_234, v0000021b17aeb7a0_235, v0000021b17aeb7a0_236, v0000021b17aeb7a0_237;
v0000021b17aeb7a0_238 .array/port v0000021b17aeb7a0, 238;
v0000021b17aeb7a0_239 .array/port v0000021b17aeb7a0, 239;
v0000021b17aeb7a0_240 .array/port v0000021b17aeb7a0, 240;
v0000021b17aeb7a0_241 .array/port v0000021b17aeb7a0, 241;
E_0000021b17a57d40/61 .event anyedge, v0000021b17aeb7a0_238, v0000021b17aeb7a0_239, v0000021b17aeb7a0_240, v0000021b17aeb7a0_241;
v0000021b17aeb7a0_242 .array/port v0000021b17aeb7a0, 242;
v0000021b17aeb7a0_243 .array/port v0000021b17aeb7a0, 243;
v0000021b17aeb7a0_244 .array/port v0000021b17aeb7a0, 244;
v0000021b17aeb7a0_245 .array/port v0000021b17aeb7a0, 245;
E_0000021b17a57d40/62 .event anyedge, v0000021b17aeb7a0_242, v0000021b17aeb7a0_243, v0000021b17aeb7a0_244, v0000021b17aeb7a0_245;
v0000021b17aeb7a0_246 .array/port v0000021b17aeb7a0, 246;
v0000021b17aeb7a0_247 .array/port v0000021b17aeb7a0, 247;
v0000021b17aeb7a0_248 .array/port v0000021b17aeb7a0, 248;
v0000021b17aeb7a0_249 .array/port v0000021b17aeb7a0, 249;
E_0000021b17a57d40/63 .event anyedge, v0000021b17aeb7a0_246, v0000021b17aeb7a0_247, v0000021b17aeb7a0_248, v0000021b17aeb7a0_249;
v0000021b17aeb7a0_250 .array/port v0000021b17aeb7a0, 250;
v0000021b17aeb7a0_251 .array/port v0000021b17aeb7a0, 251;
v0000021b17aeb7a0_252 .array/port v0000021b17aeb7a0, 252;
v0000021b17aeb7a0_253 .array/port v0000021b17aeb7a0, 253;
E_0000021b17a57d40/64 .event anyedge, v0000021b17aeb7a0_250, v0000021b17aeb7a0_251, v0000021b17aeb7a0_252, v0000021b17aeb7a0_253;
v0000021b17aeb7a0_254 .array/port v0000021b17aeb7a0, 254;
v0000021b17aeb7a0_255 .array/port v0000021b17aeb7a0, 255;
v0000021b17aeada0_0 .array/port v0000021b17aeada0, 0;
E_0000021b17a57d40/65 .event anyedge, v0000021b17aeb7a0_254, v0000021b17aeb7a0_255, v0000021b17aeb480_0, v0000021b17aeada0_0;
v0000021b17aeada0_1 .array/port v0000021b17aeada0, 1;
v0000021b17aeada0_2 .array/port v0000021b17aeada0, 2;
v0000021b17aeada0_3 .array/port v0000021b17aeada0, 3;
v0000021b17aeada0_4 .array/port v0000021b17aeada0, 4;
E_0000021b17a57d40/66 .event anyedge, v0000021b17aeada0_1, v0000021b17aeada0_2, v0000021b17aeada0_3, v0000021b17aeada0_4;
v0000021b17aeada0_5 .array/port v0000021b17aeada0, 5;
v0000021b17aeada0_6 .array/port v0000021b17aeada0, 6;
v0000021b17aeada0_7 .array/port v0000021b17aeada0, 7;
v0000021b17aeada0_8 .array/port v0000021b17aeada0, 8;
E_0000021b17a57d40/67 .event anyedge, v0000021b17aeada0_5, v0000021b17aeada0_6, v0000021b17aeada0_7, v0000021b17aeada0_8;
v0000021b17aeada0_9 .array/port v0000021b17aeada0, 9;
v0000021b17aeada0_10 .array/port v0000021b17aeada0, 10;
v0000021b17aeada0_11 .array/port v0000021b17aeada0, 11;
v0000021b17aeada0_12 .array/port v0000021b17aeada0, 12;
E_0000021b17a57d40/68 .event anyedge, v0000021b17aeada0_9, v0000021b17aeada0_10, v0000021b17aeada0_11, v0000021b17aeada0_12;
v0000021b17aeada0_13 .array/port v0000021b17aeada0, 13;
v0000021b17aeada0_14 .array/port v0000021b17aeada0, 14;
v0000021b17aeada0_15 .array/port v0000021b17aeada0, 15;
v0000021b17aeada0_16 .array/port v0000021b17aeada0, 16;
E_0000021b17a57d40/69 .event anyedge, v0000021b17aeada0_13, v0000021b17aeada0_14, v0000021b17aeada0_15, v0000021b17aeada0_16;
v0000021b17aeada0_17 .array/port v0000021b17aeada0, 17;
v0000021b17aeada0_18 .array/port v0000021b17aeada0, 18;
v0000021b17aeada0_19 .array/port v0000021b17aeada0, 19;
v0000021b17aeada0_20 .array/port v0000021b17aeada0, 20;
E_0000021b17a57d40/70 .event anyedge, v0000021b17aeada0_17, v0000021b17aeada0_18, v0000021b17aeada0_19, v0000021b17aeada0_20;
v0000021b17aeada0_21 .array/port v0000021b17aeada0, 21;
v0000021b17aeada0_22 .array/port v0000021b17aeada0, 22;
v0000021b17aeada0_23 .array/port v0000021b17aeada0, 23;
v0000021b17aeada0_24 .array/port v0000021b17aeada0, 24;
E_0000021b17a57d40/71 .event anyedge, v0000021b17aeada0_21, v0000021b17aeada0_22, v0000021b17aeada0_23, v0000021b17aeada0_24;
v0000021b17aeada0_25 .array/port v0000021b17aeada0, 25;
v0000021b17aeada0_26 .array/port v0000021b17aeada0, 26;
v0000021b17aeada0_27 .array/port v0000021b17aeada0, 27;
v0000021b17aeada0_28 .array/port v0000021b17aeada0, 28;
E_0000021b17a57d40/72 .event anyedge, v0000021b17aeada0_25, v0000021b17aeada0_26, v0000021b17aeada0_27, v0000021b17aeada0_28;
v0000021b17aeada0_29 .array/port v0000021b17aeada0, 29;
v0000021b17aeada0_30 .array/port v0000021b17aeada0, 30;
v0000021b17aeada0_31 .array/port v0000021b17aeada0, 31;
v0000021b17aeada0_32 .array/port v0000021b17aeada0, 32;
E_0000021b17a57d40/73 .event anyedge, v0000021b17aeada0_29, v0000021b17aeada0_30, v0000021b17aeada0_31, v0000021b17aeada0_32;
v0000021b17aeada0_33 .array/port v0000021b17aeada0, 33;
v0000021b17aeada0_34 .array/port v0000021b17aeada0, 34;
v0000021b17aeada0_35 .array/port v0000021b17aeada0, 35;
v0000021b17aeada0_36 .array/port v0000021b17aeada0, 36;
E_0000021b17a57d40/74 .event anyedge, v0000021b17aeada0_33, v0000021b17aeada0_34, v0000021b17aeada0_35, v0000021b17aeada0_36;
v0000021b17aeada0_37 .array/port v0000021b17aeada0, 37;
v0000021b17aeada0_38 .array/port v0000021b17aeada0, 38;
v0000021b17aeada0_39 .array/port v0000021b17aeada0, 39;
v0000021b17aeada0_40 .array/port v0000021b17aeada0, 40;
E_0000021b17a57d40/75 .event anyedge, v0000021b17aeada0_37, v0000021b17aeada0_38, v0000021b17aeada0_39, v0000021b17aeada0_40;
v0000021b17aeada0_41 .array/port v0000021b17aeada0, 41;
v0000021b17aeada0_42 .array/port v0000021b17aeada0, 42;
v0000021b17aeada0_43 .array/port v0000021b17aeada0, 43;
v0000021b17aeada0_44 .array/port v0000021b17aeada0, 44;
E_0000021b17a57d40/76 .event anyedge, v0000021b17aeada0_41, v0000021b17aeada0_42, v0000021b17aeada0_43, v0000021b17aeada0_44;
v0000021b17aeada0_45 .array/port v0000021b17aeada0, 45;
v0000021b17aeada0_46 .array/port v0000021b17aeada0, 46;
v0000021b17aeada0_47 .array/port v0000021b17aeada0, 47;
v0000021b17aeada0_48 .array/port v0000021b17aeada0, 48;
E_0000021b17a57d40/77 .event anyedge, v0000021b17aeada0_45, v0000021b17aeada0_46, v0000021b17aeada0_47, v0000021b17aeada0_48;
v0000021b17aeada0_49 .array/port v0000021b17aeada0, 49;
v0000021b17aeada0_50 .array/port v0000021b17aeada0, 50;
v0000021b17aeada0_51 .array/port v0000021b17aeada0, 51;
v0000021b17aeada0_52 .array/port v0000021b17aeada0, 52;
E_0000021b17a57d40/78 .event anyedge, v0000021b17aeada0_49, v0000021b17aeada0_50, v0000021b17aeada0_51, v0000021b17aeada0_52;
v0000021b17aeada0_53 .array/port v0000021b17aeada0, 53;
v0000021b17aeada0_54 .array/port v0000021b17aeada0, 54;
v0000021b17aeada0_55 .array/port v0000021b17aeada0, 55;
v0000021b17aeada0_56 .array/port v0000021b17aeada0, 56;
E_0000021b17a57d40/79 .event anyedge, v0000021b17aeada0_53, v0000021b17aeada0_54, v0000021b17aeada0_55, v0000021b17aeada0_56;
v0000021b17aeada0_57 .array/port v0000021b17aeada0, 57;
v0000021b17aeada0_58 .array/port v0000021b17aeada0, 58;
v0000021b17aeada0_59 .array/port v0000021b17aeada0, 59;
v0000021b17aeada0_60 .array/port v0000021b17aeada0, 60;
E_0000021b17a57d40/80 .event anyedge, v0000021b17aeada0_57, v0000021b17aeada0_58, v0000021b17aeada0_59, v0000021b17aeada0_60;
v0000021b17aeada0_61 .array/port v0000021b17aeada0, 61;
v0000021b17aeada0_62 .array/port v0000021b17aeada0, 62;
v0000021b17aeada0_63 .array/port v0000021b17aeada0, 63;
v0000021b17aeada0_64 .array/port v0000021b17aeada0, 64;
E_0000021b17a57d40/81 .event anyedge, v0000021b17aeada0_61, v0000021b17aeada0_62, v0000021b17aeada0_63, v0000021b17aeada0_64;
v0000021b17aeada0_65 .array/port v0000021b17aeada0, 65;
v0000021b17aeada0_66 .array/port v0000021b17aeada0, 66;
v0000021b17aeada0_67 .array/port v0000021b17aeada0, 67;
v0000021b17aeada0_68 .array/port v0000021b17aeada0, 68;
E_0000021b17a57d40/82 .event anyedge, v0000021b17aeada0_65, v0000021b17aeada0_66, v0000021b17aeada0_67, v0000021b17aeada0_68;
v0000021b17aeada0_69 .array/port v0000021b17aeada0, 69;
v0000021b17aeada0_70 .array/port v0000021b17aeada0, 70;
v0000021b17aeada0_71 .array/port v0000021b17aeada0, 71;
v0000021b17aeada0_72 .array/port v0000021b17aeada0, 72;
E_0000021b17a57d40/83 .event anyedge, v0000021b17aeada0_69, v0000021b17aeada0_70, v0000021b17aeada0_71, v0000021b17aeada0_72;
v0000021b17aeada0_73 .array/port v0000021b17aeada0, 73;
v0000021b17aeada0_74 .array/port v0000021b17aeada0, 74;
v0000021b17aeada0_75 .array/port v0000021b17aeada0, 75;
v0000021b17aeada0_76 .array/port v0000021b17aeada0, 76;
E_0000021b17a57d40/84 .event anyedge, v0000021b17aeada0_73, v0000021b17aeada0_74, v0000021b17aeada0_75, v0000021b17aeada0_76;
v0000021b17aeada0_77 .array/port v0000021b17aeada0, 77;
v0000021b17aeada0_78 .array/port v0000021b17aeada0, 78;
v0000021b17aeada0_79 .array/port v0000021b17aeada0, 79;
v0000021b17aeada0_80 .array/port v0000021b17aeada0, 80;
E_0000021b17a57d40/85 .event anyedge, v0000021b17aeada0_77, v0000021b17aeada0_78, v0000021b17aeada0_79, v0000021b17aeada0_80;
v0000021b17aeada0_81 .array/port v0000021b17aeada0, 81;
v0000021b17aeada0_82 .array/port v0000021b17aeada0, 82;
v0000021b17aeada0_83 .array/port v0000021b17aeada0, 83;
v0000021b17aeada0_84 .array/port v0000021b17aeada0, 84;
E_0000021b17a57d40/86 .event anyedge, v0000021b17aeada0_81, v0000021b17aeada0_82, v0000021b17aeada0_83, v0000021b17aeada0_84;
v0000021b17aeada0_85 .array/port v0000021b17aeada0, 85;
v0000021b17aeada0_86 .array/port v0000021b17aeada0, 86;
v0000021b17aeada0_87 .array/port v0000021b17aeada0, 87;
v0000021b17aeada0_88 .array/port v0000021b17aeada0, 88;
E_0000021b17a57d40/87 .event anyedge, v0000021b17aeada0_85, v0000021b17aeada0_86, v0000021b17aeada0_87, v0000021b17aeada0_88;
v0000021b17aeada0_89 .array/port v0000021b17aeada0, 89;
v0000021b17aeada0_90 .array/port v0000021b17aeada0, 90;
v0000021b17aeada0_91 .array/port v0000021b17aeada0, 91;
v0000021b17aeada0_92 .array/port v0000021b17aeada0, 92;
E_0000021b17a57d40/88 .event anyedge, v0000021b17aeada0_89, v0000021b17aeada0_90, v0000021b17aeada0_91, v0000021b17aeada0_92;
v0000021b17aeada0_93 .array/port v0000021b17aeada0, 93;
v0000021b17aeada0_94 .array/port v0000021b17aeada0, 94;
v0000021b17aeada0_95 .array/port v0000021b17aeada0, 95;
v0000021b17aeada0_96 .array/port v0000021b17aeada0, 96;
E_0000021b17a57d40/89 .event anyedge, v0000021b17aeada0_93, v0000021b17aeada0_94, v0000021b17aeada0_95, v0000021b17aeada0_96;
v0000021b17aeada0_97 .array/port v0000021b17aeada0, 97;
v0000021b17aeada0_98 .array/port v0000021b17aeada0, 98;
v0000021b17aeada0_99 .array/port v0000021b17aeada0, 99;
v0000021b17aeada0_100 .array/port v0000021b17aeada0, 100;
E_0000021b17a57d40/90 .event anyedge, v0000021b17aeada0_97, v0000021b17aeada0_98, v0000021b17aeada0_99, v0000021b17aeada0_100;
v0000021b17aeada0_101 .array/port v0000021b17aeada0, 101;
v0000021b17aeada0_102 .array/port v0000021b17aeada0, 102;
v0000021b17aeada0_103 .array/port v0000021b17aeada0, 103;
v0000021b17aeada0_104 .array/port v0000021b17aeada0, 104;
E_0000021b17a57d40/91 .event anyedge, v0000021b17aeada0_101, v0000021b17aeada0_102, v0000021b17aeada0_103, v0000021b17aeada0_104;
v0000021b17aeada0_105 .array/port v0000021b17aeada0, 105;
v0000021b17aeada0_106 .array/port v0000021b17aeada0, 106;
v0000021b17aeada0_107 .array/port v0000021b17aeada0, 107;
v0000021b17aeada0_108 .array/port v0000021b17aeada0, 108;
E_0000021b17a57d40/92 .event anyedge, v0000021b17aeada0_105, v0000021b17aeada0_106, v0000021b17aeada0_107, v0000021b17aeada0_108;
v0000021b17aeada0_109 .array/port v0000021b17aeada0, 109;
v0000021b17aeada0_110 .array/port v0000021b17aeada0, 110;
v0000021b17aeada0_111 .array/port v0000021b17aeada0, 111;
v0000021b17aeada0_112 .array/port v0000021b17aeada0, 112;
E_0000021b17a57d40/93 .event anyedge, v0000021b17aeada0_109, v0000021b17aeada0_110, v0000021b17aeada0_111, v0000021b17aeada0_112;
v0000021b17aeada0_113 .array/port v0000021b17aeada0, 113;
v0000021b17aeada0_114 .array/port v0000021b17aeada0, 114;
v0000021b17aeada0_115 .array/port v0000021b17aeada0, 115;
v0000021b17aeada0_116 .array/port v0000021b17aeada0, 116;
E_0000021b17a57d40/94 .event anyedge, v0000021b17aeada0_113, v0000021b17aeada0_114, v0000021b17aeada0_115, v0000021b17aeada0_116;
v0000021b17aeada0_117 .array/port v0000021b17aeada0, 117;
v0000021b17aeada0_118 .array/port v0000021b17aeada0, 118;
v0000021b17aeada0_119 .array/port v0000021b17aeada0, 119;
v0000021b17aeada0_120 .array/port v0000021b17aeada0, 120;
E_0000021b17a57d40/95 .event anyedge, v0000021b17aeada0_117, v0000021b17aeada0_118, v0000021b17aeada0_119, v0000021b17aeada0_120;
v0000021b17aeada0_121 .array/port v0000021b17aeada0, 121;
v0000021b17aeada0_122 .array/port v0000021b17aeada0, 122;
v0000021b17aeada0_123 .array/port v0000021b17aeada0, 123;
v0000021b17aeada0_124 .array/port v0000021b17aeada0, 124;
E_0000021b17a57d40/96 .event anyedge, v0000021b17aeada0_121, v0000021b17aeada0_122, v0000021b17aeada0_123, v0000021b17aeada0_124;
v0000021b17aeada0_125 .array/port v0000021b17aeada0, 125;
v0000021b17aeada0_126 .array/port v0000021b17aeada0, 126;
v0000021b17aeada0_127 .array/port v0000021b17aeada0, 127;
v0000021b17aeada0_128 .array/port v0000021b17aeada0, 128;
E_0000021b17a57d40/97 .event anyedge, v0000021b17aeada0_125, v0000021b17aeada0_126, v0000021b17aeada0_127, v0000021b17aeada0_128;
v0000021b17aeada0_129 .array/port v0000021b17aeada0, 129;
v0000021b17aeada0_130 .array/port v0000021b17aeada0, 130;
v0000021b17aeada0_131 .array/port v0000021b17aeada0, 131;
v0000021b17aeada0_132 .array/port v0000021b17aeada0, 132;
E_0000021b17a57d40/98 .event anyedge, v0000021b17aeada0_129, v0000021b17aeada0_130, v0000021b17aeada0_131, v0000021b17aeada0_132;
v0000021b17aeada0_133 .array/port v0000021b17aeada0, 133;
v0000021b17aeada0_134 .array/port v0000021b17aeada0, 134;
v0000021b17aeada0_135 .array/port v0000021b17aeada0, 135;
v0000021b17aeada0_136 .array/port v0000021b17aeada0, 136;
E_0000021b17a57d40/99 .event anyedge, v0000021b17aeada0_133, v0000021b17aeada0_134, v0000021b17aeada0_135, v0000021b17aeada0_136;
v0000021b17aeada0_137 .array/port v0000021b17aeada0, 137;
v0000021b17aeada0_138 .array/port v0000021b17aeada0, 138;
v0000021b17aeada0_139 .array/port v0000021b17aeada0, 139;
v0000021b17aeada0_140 .array/port v0000021b17aeada0, 140;
E_0000021b17a57d40/100 .event anyedge, v0000021b17aeada0_137, v0000021b17aeada0_138, v0000021b17aeada0_139, v0000021b17aeada0_140;
v0000021b17aeada0_141 .array/port v0000021b17aeada0, 141;
v0000021b17aeada0_142 .array/port v0000021b17aeada0, 142;
v0000021b17aeada0_143 .array/port v0000021b17aeada0, 143;
v0000021b17aeada0_144 .array/port v0000021b17aeada0, 144;
E_0000021b17a57d40/101 .event anyedge, v0000021b17aeada0_141, v0000021b17aeada0_142, v0000021b17aeada0_143, v0000021b17aeada0_144;
v0000021b17aeada0_145 .array/port v0000021b17aeada0, 145;
v0000021b17aeada0_146 .array/port v0000021b17aeada0, 146;
v0000021b17aeada0_147 .array/port v0000021b17aeada0, 147;
v0000021b17aeada0_148 .array/port v0000021b17aeada0, 148;
E_0000021b17a57d40/102 .event anyedge, v0000021b17aeada0_145, v0000021b17aeada0_146, v0000021b17aeada0_147, v0000021b17aeada0_148;
v0000021b17aeada0_149 .array/port v0000021b17aeada0, 149;
v0000021b17aeada0_150 .array/port v0000021b17aeada0, 150;
v0000021b17aeada0_151 .array/port v0000021b17aeada0, 151;
v0000021b17aeada0_152 .array/port v0000021b17aeada0, 152;
E_0000021b17a57d40/103 .event anyedge, v0000021b17aeada0_149, v0000021b17aeada0_150, v0000021b17aeada0_151, v0000021b17aeada0_152;
v0000021b17aeada0_153 .array/port v0000021b17aeada0, 153;
v0000021b17aeada0_154 .array/port v0000021b17aeada0, 154;
v0000021b17aeada0_155 .array/port v0000021b17aeada0, 155;
v0000021b17aeada0_156 .array/port v0000021b17aeada0, 156;
E_0000021b17a57d40/104 .event anyedge, v0000021b17aeada0_153, v0000021b17aeada0_154, v0000021b17aeada0_155, v0000021b17aeada0_156;
v0000021b17aeada0_157 .array/port v0000021b17aeada0, 157;
v0000021b17aeada0_158 .array/port v0000021b17aeada0, 158;
v0000021b17aeada0_159 .array/port v0000021b17aeada0, 159;
v0000021b17aeada0_160 .array/port v0000021b17aeada0, 160;
E_0000021b17a57d40/105 .event anyedge, v0000021b17aeada0_157, v0000021b17aeada0_158, v0000021b17aeada0_159, v0000021b17aeada0_160;
v0000021b17aeada0_161 .array/port v0000021b17aeada0, 161;
v0000021b17aeada0_162 .array/port v0000021b17aeada0, 162;
v0000021b17aeada0_163 .array/port v0000021b17aeada0, 163;
v0000021b17aeada0_164 .array/port v0000021b17aeada0, 164;
E_0000021b17a57d40/106 .event anyedge, v0000021b17aeada0_161, v0000021b17aeada0_162, v0000021b17aeada0_163, v0000021b17aeada0_164;
v0000021b17aeada0_165 .array/port v0000021b17aeada0, 165;
v0000021b17aeada0_166 .array/port v0000021b17aeada0, 166;
v0000021b17aeada0_167 .array/port v0000021b17aeada0, 167;
v0000021b17aeada0_168 .array/port v0000021b17aeada0, 168;
E_0000021b17a57d40/107 .event anyedge, v0000021b17aeada0_165, v0000021b17aeada0_166, v0000021b17aeada0_167, v0000021b17aeada0_168;
v0000021b17aeada0_169 .array/port v0000021b17aeada0, 169;
v0000021b17aeada0_170 .array/port v0000021b17aeada0, 170;
v0000021b17aeada0_171 .array/port v0000021b17aeada0, 171;
v0000021b17aeada0_172 .array/port v0000021b17aeada0, 172;
E_0000021b17a57d40/108 .event anyedge, v0000021b17aeada0_169, v0000021b17aeada0_170, v0000021b17aeada0_171, v0000021b17aeada0_172;
v0000021b17aeada0_173 .array/port v0000021b17aeada0, 173;
v0000021b17aeada0_174 .array/port v0000021b17aeada0, 174;
v0000021b17aeada0_175 .array/port v0000021b17aeada0, 175;
v0000021b17aeada0_176 .array/port v0000021b17aeada0, 176;
E_0000021b17a57d40/109 .event anyedge, v0000021b17aeada0_173, v0000021b17aeada0_174, v0000021b17aeada0_175, v0000021b17aeada0_176;
v0000021b17aeada0_177 .array/port v0000021b17aeada0, 177;
v0000021b17aeada0_178 .array/port v0000021b17aeada0, 178;
v0000021b17aeada0_179 .array/port v0000021b17aeada0, 179;
v0000021b17aeada0_180 .array/port v0000021b17aeada0, 180;
E_0000021b17a57d40/110 .event anyedge, v0000021b17aeada0_177, v0000021b17aeada0_178, v0000021b17aeada0_179, v0000021b17aeada0_180;
v0000021b17aeada0_181 .array/port v0000021b17aeada0, 181;
v0000021b17aeada0_182 .array/port v0000021b17aeada0, 182;
v0000021b17aeada0_183 .array/port v0000021b17aeada0, 183;
v0000021b17aeada0_184 .array/port v0000021b17aeada0, 184;
E_0000021b17a57d40/111 .event anyedge, v0000021b17aeada0_181, v0000021b17aeada0_182, v0000021b17aeada0_183, v0000021b17aeada0_184;
v0000021b17aeada0_185 .array/port v0000021b17aeada0, 185;
v0000021b17aeada0_186 .array/port v0000021b17aeada0, 186;
v0000021b17aeada0_187 .array/port v0000021b17aeada0, 187;
v0000021b17aeada0_188 .array/port v0000021b17aeada0, 188;
E_0000021b17a57d40/112 .event anyedge, v0000021b17aeada0_185, v0000021b17aeada0_186, v0000021b17aeada0_187, v0000021b17aeada0_188;
v0000021b17aeada0_189 .array/port v0000021b17aeada0, 189;
v0000021b17aeada0_190 .array/port v0000021b17aeada0, 190;
v0000021b17aeada0_191 .array/port v0000021b17aeada0, 191;
v0000021b17aeada0_192 .array/port v0000021b17aeada0, 192;
E_0000021b17a57d40/113 .event anyedge, v0000021b17aeada0_189, v0000021b17aeada0_190, v0000021b17aeada0_191, v0000021b17aeada0_192;
v0000021b17aeada0_193 .array/port v0000021b17aeada0, 193;
v0000021b17aeada0_194 .array/port v0000021b17aeada0, 194;
v0000021b17aeada0_195 .array/port v0000021b17aeada0, 195;
v0000021b17aeada0_196 .array/port v0000021b17aeada0, 196;
E_0000021b17a57d40/114 .event anyedge, v0000021b17aeada0_193, v0000021b17aeada0_194, v0000021b17aeada0_195, v0000021b17aeada0_196;
v0000021b17aeada0_197 .array/port v0000021b17aeada0, 197;
v0000021b17aeada0_198 .array/port v0000021b17aeada0, 198;
v0000021b17aeada0_199 .array/port v0000021b17aeada0, 199;
v0000021b17aeada0_200 .array/port v0000021b17aeada0, 200;
E_0000021b17a57d40/115 .event anyedge, v0000021b17aeada0_197, v0000021b17aeada0_198, v0000021b17aeada0_199, v0000021b17aeada0_200;
v0000021b17aeada0_201 .array/port v0000021b17aeada0, 201;
v0000021b17aeada0_202 .array/port v0000021b17aeada0, 202;
v0000021b17aeada0_203 .array/port v0000021b17aeada0, 203;
v0000021b17aeada0_204 .array/port v0000021b17aeada0, 204;
E_0000021b17a57d40/116 .event anyedge, v0000021b17aeada0_201, v0000021b17aeada0_202, v0000021b17aeada0_203, v0000021b17aeada0_204;
v0000021b17aeada0_205 .array/port v0000021b17aeada0, 205;
v0000021b17aeada0_206 .array/port v0000021b17aeada0, 206;
v0000021b17aeada0_207 .array/port v0000021b17aeada0, 207;
v0000021b17aeada0_208 .array/port v0000021b17aeada0, 208;
E_0000021b17a57d40/117 .event anyedge, v0000021b17aeada0_205, v0000021b17aeada0_206, v0000021b17aeada0_207, v0000021b17aeada0_208;
v0000021b17aeada0_209 .array/port v0000021b17aeada0, 209;
v0000021b17aeada0_210 .array/port v0000021b17aeada0, 210;
v0000021b17aeada0_211 .array/port v0000021b17aeada0, 211;
v0000021b17aeada0_212 .array/port v0000021b17aeada0, 212;
E_0000021b17a57d40/118 .event anyedge, v0000021b17aeada0_209, v0000021b17aeada0_210, v0000021b17aeada0_211, v0000021b17aeada0_212;
v0000021b17aeada0_213 .array/port v0000021b17aeada0, 213;
v0000021b17aeada0_214 .array/port v0000021b17aeada0, 214;
v0000021b17aeada0_215 .array/port v0000021b17aeada0, 215;
v0000021b17aeada0_216 .array/port v0000021b17aeada0, 216;
E_0000021b17a57d40/119 .event anyedge, v0000021b17aeada0_213, v0000021b17aeada0_214, v0000021b17aeada0_215, v0000021b17aeada0_216;
v0000021b17aeada0_217 .array/port v0000021b17aeada0, 217;
v0000021b17aeada0_218 .array/port v0000021b17aeada0, 218;
v0000021b17aeada0_219 .array/port v0000021b17aeada0, 219;
v0000021b17aeada0_220 .array/port v0000021b17aeada0, 220;
E_0000021b17a57d40/120 .event anyedge, v0000021b17aeada0_217, v0000021b17aeada0_218, v0000021b17aeada0_219, v0000021b17aeada0_220;
v0000021b17aeada0_221 .array/port v0000021b17aeada0, 221;
v0000021b17aeada0_222 .array/port v0000021b17aeada0, 222;
v0000021b17aeada0_223 .array/port v0000021b17aeada0, 223;
v0000021b17aeada0_224 .array/port v0000021b17aeada0, 224;
E_0000021b17a57d40/121 .event anyedge, v0000021b17aeada0_221, v0000021b17aeada0_222, v0000021b17aeada0_223, v0000021b17aeada0_224;
v0000021b17aeada0_225 .array/port v0000021b17aeada0, 225;
v0000021b17aeada0_226 .array/port v0000021b17aeada0, 226;
v0000021b17aeada0_227 .array/port v0000021b17aeada0, 227;
v0000021b17aeada0_228 .array/port v0000021b17aeada0, 228;
E_0000021b17a57d40/122 .event anyedge, v0000021b17aeada0_225, v0000021b17aeada0_226, v0000021b17aeada0_227, v0000021b17aeada0_228;
v0000021b17aeada0_229 .array/port v0000021b17aeada0, 229;
v0000021b17aeada0_230 .array/port v0000021b17aeada0, 230;
v0000021b17aeada0_231 .array/port v0000021b17aeada0, 231;
v0000021b17aeada0_232 .array/port v0000021b17aeada0, 232;
E_0000021b17a57d40/123 .event anyedge, v0000021b17aeada0_229, v0000021b17aeada0_230, v0000021b17aeada0_231, v0000021b17aeada0_232;
v0000021b17aeada0_233 .array/port v0000021b17aeada0, 233;
v0000021b17aeada0_234 .array/port v0000021b17aeada0, 234;
v0000021b17aeada0_235 .array/port v0000021b17aeada0, 235;
v0000021b17aeada0_236 .array/port v0000021b17aeada0, 236;
E_0000021b17a57d40/124 .event anyedge, v0000021b17aeada0_233, v0000021b17aeada0_234, v0000021b17aeada0_235, v0000021b17aeada0_236;
v0000021b17aeada0_237 .array/port v0000021b17aeada0, 237;
v0000021b17aeada0_238 .array/port v0000021b17aeada0, 238;
v0000021b17aeada0_239 .array/port v0000021b17aeada0, 239;
v0000021b17aeada0_240 .array/port v0000021b17aeada0, 240;
E_0000021b17a57d40/125 .event anyedge, v0000021b17aeada0_237, v0000021b17aeada0_238, v0000021b17aeada0_239, v0000021b17aeada0_240;
v0000021b17aeada0_241 .array/port v0000021b17aeada0, 241;
v0000021b17aeada0_242 .array/port v0000021b17aeada0, 242;
v0000021b17aeada0_243 .array/port v0000021b17aeada0, 243;
v0000021b17aeada0_244 .array/port v0000021b17aeada0, 244;
E_0000021b17a57d40/126 .event anyedge, v0000021b17aeada0_241, v0000021b17aeada0_242, v0000021b17aeada0_243, v0000021b17aeada0_244;
v0000021b17aeada0_245 .array/port v0000021b17aeada0, 245;
v0000021b17aeada0_246 .array/port v0000021b17aeada0, 246;
v0000021b17aeada0_247 .array/port v0000021b17aeada0, 247;
v0000021b17aeada0_248 .array/port v0000021b17aeada0, 248;
E_0000021b17a57d40/127 .event anyedge, v0000021b17aeada0_245, v0000021b17aeada0_246, v0000021b17aeada0_247, v0000021b17aeada0_248;
v0000021b17aeada0_249 .array/port v0000021b17aeada0, 249;
v0000021b17aeada0_250 .array/port v0000021b17aeada0, 250;
v0000021b17aeada0_251 .array/port v0000021b17aeada0, 251;
v0000021b17aeada0_252 .array/port v0000021b17aeada0, 252;
E_0000021b17a57d40/128 .event anyedge, v0000021b17aeada0_249, v0000021b17aeada0_250, v0000021b17aeada0_251, v0000021b17aeada0_252;
v0000021b17aeada0_253 .array/port v0000021b17aeada0, 253;
v0000021b17aeada0_254 .array/port v0000021b17aeada0, 254;
v0000021b17aeada0_255 .array/port v0000021b17aeada0, 255;
E_0000021b17a57d40/129 .event anyedge, v0000021b17aeada0_253, v0000021b17aeada0_254, v0000021b17aeada0_255, v0000021b17aeab20_0;
E_0000021b17a57d40/130 .event anyedge, v0000021b17aeb2a0_0;
E_0000021b17a57d40 .event/or E_0000021b17a57d40/0, E_0000021b17a57d40/1, E_0000021b17a57d40/2, E_0000021b17a57d40/3, E_0000021b17a57d40/4, E_0000021b17a57d40/5, E_0000021b17a57d40/6, E_0000021b17a57d40/7, E_0000021b17a57d40/8, E_0000021b17a57d40/9, E_0000021b17a57d40/10, E_0000021b17a57d40/11, E_0000021b17a57d40/12, E_0000021b17a57d40/13, E_0000021b17a57d40/14, E_0000021b17a57d40/15, E_0000021b17a57d40/16, E_0000021b17a57d40/17, E_0000021b17a57d40/18, E_0000021b17a57d40/19, E_0000021b17a57d40/20, E_0000021b17a57d40/21, E_0000021b17a57d40/22, E_0000021b17a57d40/23, E_0000021b17a57d40/24, E_0000021b17a57d40/25, E_0000021b17a57d40/26, E_0000021b17a57d40/27, E_0000021b17a57d40/28, E_0000021b17a57d40/29, E_0000021b17a57d40/30, E_0000021b17a57d40/31, E_0000021b17a57d40/32, E_0000021b17a57d40/33, E_0000021b17a57d40/34, E_0000021b17a57d40/35, E_0000021b17a57d40/36, E_0000021b17a57d40/37, E_0000021b17a57d40/38, E_0000021b17a57d40/39, E_0000021b17a57d40/40, E_0000021b17a57d40/41, E_0000021b17a57d40/42, E_0000021b17a57d40/43, E_0000021b17a57d40/44, E_0000021b17a57d40/45, E_0000021b17a57d40/46, E_0000021b17a57d40/47, E_0000021b17a57d40/48, E_0000021b17a57d40/49, E_0000021b17a57d40/50, E_0000021b17a57d40/51, E_0000021b17a57d40/52, E_0000021b17a57d40/53, E_0000021b17a57d40/54, E_0000021b17a57d40/55, E_0000021b17a57d40/56, E_0000021b17a57d40/57, E_0000021b17a57d40/58, E_0000021b17a57d40/59, E_0000021b17a57d40/60, E_0000021b17a57d40/61, E_0000021b17a57d40/62, E_0000021b17a57d40/63, E_0000021b17a57d40/64, E_0000021b17a57d40/65, E_0000021b17a57d40/66, E_0000021b17a57d40/67, E_0000021b17a57d40/68, E_0000021b17a57d40/69, E_0000021b17a57d40/70, E_0000021b17a57d40/71, E_0000021b17a57d40/72, E_0000021b17a57d40/73, E_0000021b17a57d40/74, E_0000021b17a57d40/75, E_0000021b17a57d40/76, E_0000021b17a57d40/77, E_0000021b17a57d40/78, E_0000021b17a57d40/79, E_0000021b17a57d40/80, E_0000021b17a57d40/81, E_0000021b17a57d40/82, E_0000021b17a57d40/83, E_0000021b17a57d40/84, E_0000021b17a57d40/85, E_0000021b17a57d40/86, E_0000021b17a57d40/87, E_0000021b17a57d40/88, E_0000021b17a57d40/89, E_0000021b17a57d40/90, E_0000021b17a57d40/91, E_0000021b17a57d40/92, E_0000021b17a57d40/93, E_0000021b17a57d40/94, E_0000021b17a57d40/95, E_0000021b17a57d40/96, E_0000021b17a57d40/97, E_0000021b17a57d40/98, E_0000021b17a57d40/99, E_0000021b17a57d40/100, E_0000021b17a57d40/101, E_0000021b17a57d40/102, E_0000021b17a57d40/103, E_0000021b17a57d40/104, E_0000021b17a57d40/105, E_0000021b17a57d40/106, E_0000021b17a57d40/107, E_0000021b17a57d40/108, E_0000021b17a57d40/109, E_0000021b17a57d40/110, E_0000021b17a57d40/111, E_0000021b17a57d40/112, E_0000021b17a57d40/113, E_0000021b17a57d40/114, E_0000021b17a57d40/115, E_0000021b17a57d40/116, E_0000021b17a57d40/117, E_0000021b17a57d40/118, E_0000021b17a57d40/119, E_0000021b17a57d40/120, E_0000021b17a57d40/121, E_0000021b17a57d40/122, E_0000021b17a57d40/123, E_0000021b17a57d40/124, E_0000021b17a57d40/125, E_0000021b17a57d40/126, E_0000021b17a57d40/127, E_0000021b17a57d40/128, E_0000021b17a57d40/129, E_0000021b17a57d40/130;
E_0000021b17a665d0 .event posedge, v0000021b179d6660_0;
S_0000021b179d64d0 .scope task, "execute_control" "execute_control" 2 62, 2 62 0, S_0000021b179d6340;
 .timescale 0 0;
TD_miniCPU.execute_control ;
    %load/vec4 v0000021b17aeb3e0_0;
    %dup/vec4;
    %pushi/vec4 234, 0, 8;
    %cmp/u;
    %jmp/1 T_0.0, 6;
    %dup/vec4;
    %pushi/vec4 96, 0, 8;
    %cmp/u;
    %jmp/1 T_0.1, 6;
    %dup/vec4;
    %pushi/vec4 72, 0, 8;
    %cmp/u;
    %jmp/1 T_0.2, 6;
    %dup/vec4;
    %pushi/vec4 104, 0, 8;
    %cmp/u;
    %jmp/1 T_0.3, 6;
    %jmp T_0.4;
T_0.0 ;
    %jmp T_0.4;
T_0.1 ;
    %load/vec4 v0000021b17a64600_0;
    %addi 1, 0, 8;
    %store/vec4 v0000021b17a96080_0, 0, 8;
    %load/vec4 v0000021b17a96080_0;
    %pad/u 10;
    %ix/vec4 4;
    %load/vec4a v0000021b17aeb7a0, 4;
    %store/vec4 v0000021b17a644c0_0, 0, 8;
    %jmp T_0.4;
T_0.2 ;
    %load/vec4 v0000021b179d6980_0;
    %load/vec4 v0000021b17a64600_0;
    %pad/u 10;
    %ix/vec4 4;
    %store/vec4a v0000021b17aeb7a0, 4, 0;
    %load/vec4 v0000021b17a64600_0;
    %subi 1, 0, 8;
    %store/vec4 v0000021b17a96080_0, 0, 8;
    %jmp T_0.4;
T_0.3 ;
    %load/vec4 v0000021b17a64600_0;
    %addi 1, 0, 8;
    %store/vec4 v0000021b17a96080_0, 0, 8;
    %load/vec4 v0000021b17a96080_0;
    %pad/u 10;
    %ix/vec4 4;
    %load/vec4a v0000021b17aeb7a0, 4;
    %store/vec4 v0000021b179d6ba0_0, 0, 8;
    %jmp T_0.4;
T_0.4 ;
    %pop/vec4 1;
    %end;
S_0000021b17a8c450 .scope task, "execute_memory_register" "execute_memory_register" 2 87, 2 87 0, S_0000021b179d6340;
 .timescale 0 0;
TD_miniCPU.execute_memory_register ;
    %load/vec4 v0000021b17aeb3e0_0;
    %dup/vec4;
    %pushi/vec4 169, 0, 8;
    %cmp/u;
    %jmp/1 T_1.5, 6;
    %dup/vec4;
    %pushi/vec4 165, 0, 8;
    %cmp/u;
    %jmp/1 T_1.6, 6;
    %dup/vec4;
    %pushi/vec4 76, 0, 8;
    %cmp/u;
    %jmp/1 T_1.7, 6;
    %dup/vec4;
    %pushi/vec4 105, 0, 8;
    %cmp/u;
    %jmp/1 T_1.8, 6;
    %dup/vec4;
    %pushi/vec4 101, 0, 8;
    %cmp/u;
    %jmp/1 T_1.9, 6;
    %dup/vec4;
    %pushi/vec4 32, 0, 8;
    %cmp/u;
    %jmp/1 T_1.10, 6;
    %jmp T_1.11;
T_1.5 ;
    %load/vec4 v0000021b17a60a70_0;
    %store/vec4 v0000021b179d6ba0_0, 0, 8;
    %jmp T_1.11;
T_1.6 ;
    %load/vec4 v0000021b179d6700_0;
    %pad/u 10;
    %ix/vec4 4;
    %load/vec4a v0000021b17aeb7a0, 4;
    %store/vec4 v0000021b179d6ba0_0, 0, 8;
    %jmp T_1.11;
T_1.7 ;
    %load/vec4 v0000021b17a60a70_0;
    %store/vec4 v0000021b17a644c0_0, 0, 8;
    %jmp T_1.11;
T_1.8 ;
    %load/vec4 v0000021b179d6980_0;
    %load/vec4 v0000021b17a60a70_0;
    %add;
    %store/vec4 v0000021b179d6ba0_0, 0, 8;
    %jmp T_1.11;
T_1.9 ;
    %load/vec4 v0000021b179d6980_0;
    %load/vec4 v0000021b179d6700_0;
    %pad/u 10;
    %ix/vec4 4;
    %load/vec4a v0000021b17aeb7a0, 4;
    %add;
    %store/vec4 v0000021b179d6ba0_0, 0, 8;
    %jmp T_1.11;
T_1.10 ;
    %load/vec4 v0000021b17a64420_0;
    %addi 1, 0, 8;
    %load/vec4 v0000021b17a64600_0;
    %pad/u 10;
    %ix/vec4 4;
    %store/vec4a v0000021b17aeb7a0, 4, 0;
    %load/vec4 v0000021b17a64600_0;
    %subi 1, 0, 8;
    %store/vec4 v0000021b17a96080_0, 0, 8;
    %load/vec4 v0000021b17a60a70_0;
    %store/vec4 v0000021b17a644c0_0, 0, 8;
    %jmp T_1.11;
T_1.11 ;
    %pop/vec4 1;
    %end;
S_0000021b17a8c5e0 .scope task, "execute_register_memory" "execute_register_memory" 2 120, 2 120 0, S_0000021b179d6340;
 .timescale 0 0;
TD_miniCPU.execute_register_memory ;
    %load/vec4 v0000021b17aeb3e0_0;
    %dup/vec4;
    %pushi/vec4 133, 0, 8;
    %cmp/u;
    %jmp/1 T_2.12, 6;
    %jmp T_2.13;
T_2.12 ;
    %load/vec4 v0000021b179d6980_0;
    %load/vec4 v0000021b179d6700_0;
    %pad/u 10;
    %ix/vec4 4;
    %store/vec4a v0000021b17aeb7a0, 4, 0;
    %jmp T_2.13;
T_2.13 ;
    %pop/vec4 1;
    %end;
    .scope S_0000021b179d6340;
T_3 ;
    %pushi/vec4 0, 0, 8;
    %store/vec4 v0000021b179d6980_0, 0, 8;
    %pushi/vec4 0, 0, 8;
    %store/vec4 v0000021b17a64420_0, 0, 8;
    %pushi/vec4 0, 0, 8;
    %store/vec4 v0000021b179d6700_0, 0, 8;
    %pushi/vec4 0, 0, 8;
    %store/vec4 v0000021b17a64600_0, 0, 8;
    %pushi/vec4 0, 0, 8;
    %store/vec4 v0000021b17a60a70_0, 0, 8;
    %pushi/vec4 0, 0, 8;
    %store/vec4 v0000021b17a96120_0, 0, 8;
    %pushi/vec4 0, 0, 8;
    %store/vec4 v0000021b17aeb3e0_0, 0, 8;
    %pushi/vec4 0, 0, 8;
    %store/vec4 v0000021b179d6ba0_0, 0, 8;
    %pushi/vec4 0, 0, 8;
    %store/vec4 v0000021b17a644c0_0, 0, 8;
    %pushi/vec4 0, 0, 8;
    %store/vec4 v0000021b17a609d0_0, 0, 8;
    %pushi/vec4 0, 0, 8;
    %store/vec4 v0000021b17a96080_0, 0, 8;
    %pushi/vec4 0, 0, 8;
    %store/vec4 v0000021b17a64380_0, 0, 8;
    %pushi/vec4 0, 0, 8;
    %store/vec4 v0000021b17aeb0c0_0, 0, 8;
    %pushi/vec4 0, 0, 8;
    %store/vec4 v0000021b17aeb480_0, 0, 8;
    %pushi/vec4 0, 0, 8;
    %store/vec4 v0000021b17aeb2a0_0, 0, 8;
    %pushi/vec4 0, 0, 8;
    %store/vec4 v0000021b17aeab20_0, 0, 8;
    %end;
    .thread T_3;
    .scope S_0000021b179d6340;
T_4 ;
    %wait E_0000021b17a665d0;
    %load/vec4 v0000021b17a64560_0;
    %nor/r;
    %flag_set/vec4 8;
    %jmp/0xz  T_4.0, 8;
    %pushi/vec4 0, 0, 8;
    %assign/vec4 v0000021b17a96120_0, 0;
    %jmp T_4.1;
T_4.0 ;
    %load/vec4 v0000021b17aeb0c0_0;
    %assign/vec4 v0000021b17a96120_0, 0;
T_4.1 ;
    %load/vec4 v0000021b179d6ba0_0;
    %assign/vec4 v0000021b179d6980_0, 0;
    %load/vec4 v0000021b17a644c0_0;
    %assign/vec4 v0000021b17a64420_0, 0;
    %load/vec4 v0000021b17a609d0_0;
    %assign/vec4 v0000021b179d6700_0, 0;
    %load/vec4 v0000021b17a96080_0;
    %assign/vec4 v0000021b17a64600_0, 0;
    %jmp T_4;
    .thread T_4;
    .scope S_0000021b179d6340;
T_5 ;
    %wait E_0000021b17a57d40;
    %load/vec4 v0000021b17a96120_0;
    %store/vec4 v0000021b17aeb0c0_0, 0, 8;
    %load/vec4 v0000021b179d6980_0;
    %store/vec4 v0000021b179d6ba0_0, 0, 8;
    %load/vec4 v0000021b17a64420_0;
    %store/vec4 v0000021b17a644c0_0, 0, 8;
    %load/vec4 v0000021b179d6700_0;
    %store/vec4 v0000021b17a609d0_0, 0, 8;
    %load/vec4 v0000021b17a64600_0;
    %store/vec4 v0000021b17a96080_0, 0, 8;
    %load/vec4 v0000021b17a96120_0;
    %dup/vec4;
    %pushi/vec4 0, 0, 8;
    %cmp/u;
    %jmp/1 T_5.0, 6;
    %dup/vec4;
    %pushi/vec4 1, 0, 8;
    %cmp/u;
    %jmp/1 T_5.1, 6;
    %dup/vec4;
    %pushi/vec4 3, 0, 8;
    %cmp/u;
    %jmp/1 T_5.2, 6;
    %dup/vec4;
    %pushi/vec4 2, 0, 8;
    %cmp/u;
    %jmp/1 T_5.3, 6;
    %dup/vec4;
    %pushi/vec4 4, 0, 8;
    %cmp/u;
    %jmp/1 T_5.4, 6;
    %dup/vec4;
    %pushi/vec4 63, 0, 8;
    %cmp/u;
    %jmp/1 T_5.5, 6;
    %pushi/vec4 63, 0, 8;
    %store/vec4 v0000021b17aeb0c0_0, 0, 8;
    %jmp T_5.7;
T_5.0 ;
    %load/vec4 v0000021b17a64560_0;
    %flag_set/vec4 8;
    %jmp/0xz  T_5.8, 8;
    %pushi/vec4 255, 0, 8;
    %store/vec4 v0000021b17a96080_0, 0, 8;
    %pushi/vec4 0, 0, 8;
    %store/vec4 v0000021b179d6ba0_0, 0, 8;
    %pushi/vec4 0, 0, 8;
    %store/vec4 v0000021b17a644c0_0, 0, 8;
    %pushi/vec4 0, 0, 8;
    %store/vec4 v0000021b17a609d0_0, 0, 8;
    %pushi/vec4 1, 0, 8;
    %store/vec4 v0000021b17aeb0c0_0, 0, 8;
T_5.8 ;
    %jmp T_5.7;
T_5.1 ;
    %load/vec4 v0000021b17a64420_0;
    %pad/u 10;
    %ix/vec4 4;
    %load/vec4a v0000021b17aeb7a0, 4;
    %store/vec4 v0000021b17aeb480_0, 0, 8;
    %load/vec4 v0000021b17aeb480_0;
    %pad/u 10;
    %ix/vec4 4;
    %load/vec4a v0000021b17aeada0, 4;
    %store/vec4 v0000021b17aeab20_0, 0, 8;
    %load/vec4 v0000021b17a64420_0;
    %addi 1, 0, 8;
    %store/vec4 v0000021b17a644c0_0, 0, 8;
    %load/vec4 v0000021b17aeab20_0;
    %parti/s 6, 0, 2;
    %pad/u 8;
    %store/vec4 v0000021b17aeb0c0_0, 0, 8;
    %jmp T_5.7;
T_5.2 ;
    %load/vec4 v0000021b17a64420_0;
    %pad/u 10;
    %ix/vec4 4;
    %load/vec4a v0000021b17aeb7a0, 4;
    %store/vec4 v0000021b17a609d0_0, 0, 8;
    %pushi/vec4 4, 0, 8;
    %store/vec4 v0000021b17aeb0c0_0, 0, 8;
    %jmp T_5.7;
T_5.3 ;
    %load/vec4 v0000021b17a64420_0;
    %pad/u 10;
    %ix/vec4 4;
    %load/vec4a v0000021b17aeb7a0, 4;
    %store/vec4 v0000021b17a64380_0, 0, 8;
    %pushi/vec4 4, 0, 8;
    %store/vec4 v0000021b17aeb0c0_0, 0, 8;
    %jmp T_5.7;
T_5.4 ;
    %load/vec4 v0000021b17aeb2a0_0;
    %parti/s 2, 6, 4;
    %dup/vec4;
    %pushi/vec4 2, 0, 2;
    %cmp/u;
    %jmp/1 T_5.10, 6;
    %dup/vec4;
    %pushi/vec4 1, 0, 2;
    %cmp/u;
    %jmp/1 T_5.11, 6;
    %dup/vec4;
    %pushi/vec4 0, 0, 2;
    %cmp/u;
    %jmp/1 T_5.12, 6;
    %jmp T_5.13;
T_5.10 ;
    %fork TD_miniCPU.execute_control, S_0000021b179d64d0;
    %join;
    %jmp T_5.13;
T_5.11 ;
    %fork TD_miniCPU.execute_memory_register, S_0000021b17a8c450;
    %join;
    %jmp T_5.13;
T_5.12 ;
    %fork TD_miniCPU.execute_register_memory, S_0000021b17a8c5e0;
    %join;
    %jmp T_5.13;
T_5.13 ;
    %pop/vec4 1;
    %pushi/vec4 1, 0, 8;
    %store/vec4 v0000021b17aeb0c0_0, 0, 8;
    %jmp T_5.7;
T_5.5 ;
    %pushi/vec4 63, 0, 8;
    %store/vec4 v0000021b17aeb0c0_0, 0, 8;
    %jmp T_5.7;
T_5.7 ;
    %pop/vec4 1;
    %jmp T_5;
    .thread T_5, $push;
    .scope S_0000021b179d6340;
T_6 ;
    %pushi/vec4 0, 0, 32;
    %store/vec4 v0000021b17a961c0_0, 0, 32;
T_6.0 ;
    %load/vec4 v0000021b17a961c0_0;
    %cmpi/s 256, 0, 32;
    %jmp/0xz T_6.1, 5;
    %pushi/vec4 63, 0, 8;
    %ix/getv/s 4, v0000021b17a961c0_0;
    %store/vec4a v0000021b17aeada0, 4, 0;
    %pushi/vec4 0, 0, 8;
    %ix/getv/s 4, v0000021b17a961c0_0;
    %store/vec4a v0000021b17aeb7a0, 4, 0;
    %load/vec4 v0000021b17a961c0_0;
    %addi 1, 0, 32;
    %store/vec4 v0000021b17a961c0_0, 0, 32;
    %jmp T_6.0;
T_6.1 ;
    %pushi/vec4 66, 0, 8;
    %ix/load 4, 169, 0;
    %flag_set/imm 4, 0;
    %store/vec4a v0000021b17aeada0, 4, 0;
    %pushi/vec4 67, 0, 8;
    %ix/load 4, 165, 0;
    %flag_set/imm 4, 0;
    %store/vec4a v0000021b17aeada0, 4, 0;
    %pushi/vec4 3, 0, 8;
    %ix/load 4, 133, 0;
    %flag_set/imm 4, 0;
    %store/vec4a v0000021b17aeada0, 4, 0;
    %pushi/vec4 66, 0, 8;
    %ix/load 4, 105, 0;
    %flag_set/imm 4, 0;
    %store/vec4a v0000021b17aeada0, 4, 0;
    %pushi/vec4 67, 0, 8;
    %ix/load 4, 101, 0;
    %flag_set/imm 4, 0;
    %store/vec4a v0000021b17aeada0, 4, 0;
    %pushi/vec4 132, 0, 8;
    %ix/load 4, 234, 0;
    %flag_set/imm 4, 0;
    %store/vec4a v0000021b17aeada0, 4, 0;
    %pushi/vec4 66, 0, 8;
    %ix/load 4, 76, 0;
    %flag_set/imm 4, 0;
    %store/vec4a v0000021b17aeada0, 4, 0;
    %pushi/vec4 66, 0, 8;
    %ix/load 4, 32, 0;
    %flag_set/imm 4, 0;
    %store/vec4a v0000021b17aeada0, 4, 0;
    %pushi/vec4 132, 0, 8;
    %ix/load 4, 96, 0;
    %flag_set/imm 4, 0;
    %store/vec4a v0000021b17aeada0, 4, 0;
    %pushi/vec4 132, 0, 8;
    %ix/load 4, 72, 0;
    %flag_set/imm 4, 0;
    %store/vec4a v0000021b17aeada0, 4, 0;
    %pushi/vec4 132, 0, 8;
    %ix/load 4, 104, 0;
    %flag_set/imm 4, 0;
    %store/vec4a v0000021b17aeada0, 4, 0;
    %end;
    .thread T_6;
# The file index is used to find the file name in the following table.
:file_names 3;
    "N/A";
    "<interactive>";
    "miniCPU.v";
