#! /c/Source/iverilog-install/bin/vvp
:ivl_version "12.0 (devel)" "(s20150603-1539-g2693dd32b)";
:ivl_delay_selection "TYPICAL";
:vpi_time_precision - 11;
:vpi_module "D:\iverilog\lib\ivl\system.vpi";
:vpi_module "D:\iverilog\lib\ivl\vhdl_sys.vpi";
:vpi_module "D:\iverilog\lib\ivl\vhdl_textio.vpi";
:vpi_module "D:\iverilog\lib\ivl\v2005_math.vpi";
:vpi_module "D:\iverilog\lib\ivl\va_math.vpi";
S_000001da420e2380 .scope module, "miniCPU_tb" "miniCPU_tb" 2 3;
 .timescale -8 -11;
v000001da4211fd30_0 .var "clk", 0 0;
v000001da4211fbf0_0 .var "rst_", 0 0;
S_000001da420e3710 .scope module, "CPU" "miniCPU" 2 11, 3 1 0, S_000001da420e2380;
 .timescale -8 -11;
    .port_info 0 /INPUT 1 "CLK";
    .port_info 1 /INPUT 1 "RST_";
P_000001da421057f0 .param/l "ADC_I" 1 3 18, C4<01101001>;
P_000001da42105828 .param/l "ADC_M" 1 3 19, C4<01100101>;
P_000001da42105860 .param/l "CY_EXECUTE" 1 3 11, C4<000100>;
P_000001da42105898 .param/l "CY_FETCH_DECODE" 1 3 8, C4<000001>;
P_000001da421058d0 .param/l "CY_GET_IMMEDIATE" 1 3 9, C4<000010>;
P_000001da42105908 .param/l "CY_GET_OPERAND" 1 3 10, C4<000011>;
P_000001da42105940 .param/l "CY_ILLEGAL_OPCODE" 1 3 12, C4<111111>;
P_000001da42105978 .param/l "CY_RESET" 1 3 7, C4<000000>;
P_000001da421059b0 .param/l "JMP" 1 3 21, C4<01001100>;
P_000001da421059e8 .param/l "JSR" 1 3 22, C4<00100000>;
P_000001da42105a20 .param/l "LDA_I" 1 3 15, C4<10101001>;
P_000001da42105a58 .param/l "LDA_M" 1 3 16, C4<10100101>;
P_000001da42105a90 .param/l "NOP" 1 3 20, C4<11101010>;
P_000001da42105ac8 .param/l "PHA" 1 3 24, C4<01001000>;
P_000001da42105b00 .param/l "PLA" 1 3 25, C4<01101000>;
P_000001da42105b38 .param/l "RTS" 1 3 23, C4<01100000>;
P_000001da42105b70 .param/l "STA_M" 1 3 17, C4<10000101>;
P_000001da42105ba8 .param/l "dir_CTRL" 1 3 30, C4<10>;
P_000001da42105be0 .param/l "dir_MR" 1 3 29, C4<01>;
P_000001da42105c18 .param/l "dir_RM" 1 3 28, C4<00>;
v000001da422169e0_0 .var "A", 7 0;
v000001da42216c00_0 .var "A_out", 7 0;
v000001da420e38a0_0 .net "CLK", 0 0, v000001da4211fd30_0;  1 drivers
v000001da422166a0_0 .var "DP", 7 0;
v000001da42216740_0 .var "DP_out", 7 0;
v000001da420e3f40_0 .var "IR", 7 0;
v000001da420e3fe0_0 .var "IR_out", 7 0;
v000001da420e4080_0 .var "PC", 7 0;
v000001da420e4120_0 .var "PC_out", 7 0;
v000001da420e41c0_0 .net "RST_", 0 0, v000001da4211fbf0_0;  1 drivers
v000001da420e4260_0 .var "SP", 7 0;
v000001da420e4300_0 .var "SP_out", 7 0;
v000001da420e43a0_0 .var "cycle", 7 0;
v000001da420e4440_0 .var/i "i", 31 0;
v000001da4211f970_0 .var "instruction", 7 0;
v000001da4211f330_0 .var "instruction_out", 7 0;
v000001da4211f5b0 .array "itable", 255 0, 7 0;
v000001da4211f3d0 .array "mem", 255 0, 7 0;
v000001da4211fc90_0 .var "next_cycle", 7 0;
v000001da4211f1f0_0 .var "opcode", 7 0;
v000001da4211f650_0 .var "opcode_out", 7 0;
E_000001da42126950/0 .event anyedge, v000001da420e43a0_0, v000001da422169e0_0, v000001da420e4080_0, v000001da422166a0_0;
E_000001da42126950/1 .event anyedge, v000001da420e4260_0, v000001da420e3f40_0, v000001da4211f1f0_0, v000001da4211f970_0;
v000001da4211f3d0_0 .array/port v000001da4211f3d0, 0;
v000001da4211f3d0_1 .array/port v000001da4211f3d0, 1;
v000001da4211f3d0_2 .array/port v000001da4211f3d0, 2;
E_000001da42126950/2 .event anyedge, v000001da420e41c0_0, v000001da4211f3d0_0, v000001da4211f3d0_1, v000001da4211f3d0_2;
v000001da4211f3d0_3 .array/port v000001da4211f3d0, 3;
v000001da4211f3d0_4 .array/port v000001da4211f3d0, 4;
v000001da4211f3d0_5 .array/port v000001da4211f3d0, 5;
v000001da4211f3d0_6 .array/port v000001da4211f3d0, 6;
E_000001da42126950/3 .event anyedge, v000001da4211f3d0_3, v000001da4211f3d0_4, v000001da4211f3d0_5, v000001da4211f3d0_6;
v000001da4211f3d0_7 .array/port v000001da4211f3d0, 7;
v000001da4211f3d0_8 .array/port v000001da4211f3d0, 8;
v000001da4211f3d0_9 .array/port v000001da4211f3d0, 9;
v000001da4211f3d0_10 .array/port v000001da4211f3d0, 10;
E_000001da42126950/4 .event anyedge, v000001da4211f3d0_7, v000001da4211f3d0_8, v000001da4211f3d0_9, v000001da4211f3d0_10;
v000001da4211f3d0_11 .array/port v000001da4211f3d0, 11;
v000001da4211f3d0_12 .array/port v000001da4211f3d0, 12;
v000001da4211f3d0_13 .array/port v000001da4211f3d0, 13;
v000001da4211f3d0_14 .array/port v000001da4211f3d0, 14;
E_000001da42126950/5 .event anyedge, v000001da4211f3d0_11, v000001da4211f3d0_12, v000001da4211f3d0_13, v000001da4211f3d0_14;
v000001da4211f3d0_15 .array/port v000001da4211f3d0, 15;
v000001da4211f3d0_16 .array/port v000001da4211f3d0, 16;
v000001da4211f3d0_17 .array/port v000001da4211f3d0, 17;
v000001da4211f3d0_18 .array/port v000001da4211f3d0, 18;
E_000001da42126950/6 .event anyedge, v000001da4211f3d0_15, v000001da4211f3d0_16, v000001da4211f3d0_17, v000001da4211f3d0_18;
v000001da4211f3d0_19 .array/port v000001da4211f3d0, 19;
v000001da4211f3d0_20 .array/port v000001da4211f3d0, 20;
v000001da4211f3d0_21 .array/port v000001da4211f3d0, 21;
v000001da4211f3d0_22 .array/port v000001da4211f3d0, 22;
E_000001da42126950/7 .event anyedge, v000001da4211f3d0_19, v000001da4211f3d0_20, v000001da4211f3d0_21, v000001da4211f3d0_22;
v000001da4211f3d0_23 .array/port v000001da4211f3d0, 23;
v000001da4211f3d0_24 .array/port v000001da4211f3d0, 24;
v000001da4211f3d0_25 .array/port v000001da4211f3d0, 25;
v000001da4211f3d0_26 .array/port v000001da4211f3d0, 26;
E_000001da42126950/8 .event anyedge, v000001da4211f3d0_23, v000001da4211f3d0_24, v000001da4211f3d0_25, v000001da4211f3d0_26;
v000001da4211f3d0_27 .array/port v000001da4211f3d0, 27;
v000001da4211f3d0_28 .array/port v000001da4211f3d0, 28;
v000001da4211f3d0_29 .array/port v000001da4211f3d0, 29;
v000001da4211f3d0_30 .array/port v000001da4211f3d0, 30;
E_000001da42126950/9 .event anyedge, v000001da4211f3d0_27, v000001da4211f3d0_28, v000001da4211f3d0_29, v000001da4211f3d0_30;
v000001da4211f3d0_31 .array/port v000001da4211f3d0, 31;
v000001da4211f3d0_32 .array/port v000001da4211f3d0, 32;
v000001da4211f3d0_33 .array/port v000001da4211f3d0, 33;
v000001da4211f3d0_34 .array/port v000001da4211f3d0, 34;
E_000001da42126950/10 .event anyedge, v000001da4211f3d0_31, v000001da4211f3d0_32, v000001da4211f3d0_33, v000001da4211f3d0_34;
v000001da4211f3d0_35 .array/port v000001da4211f3d0, 35;
v000001da4211f3d0_36 .array/port v000001da4211f3d0, 36;
v000001da4211f3d0_37 .array/port v000001da4211f3d0, 37;
v000001da4211f3d0_38 .array/port v000001da4211f3d0, 38;
E_000001da42126950/11 .event anyedge, v000001da4211f3d0_35, v000001da4211f3d0_36, v000001da4211f3d0_37, v000001da4211f3d0_38;
v000001da4211f3d0_39 .array/port v000001da4211f3d0, 39;
v000001da4211f3d0_40 .array/port v000001da4211f3d0, 40;
v000001da4211f3d0_41 .array/port v000001da4211f3d0, 41;
v000001da4211f3d0_42 .array/port v000001da4211f3d0, 42;
E_000001da42126950/12 .event anyedge, v000001da4211f3d0_39, v000001da4211f3d0_40, v000001da4211f3d0_41, v000001da4211f3d0_42;
v000001da4211f3d0_43 .array/port v000001da4211f3d0, 43;
v000001da4211f3d0_44 .array/port v000001da4211f3d0, 44;
v000001da4211f3d0_45 .array/port v000001da4211f3d0, 45;
v000001da4211f3d0_46 .array/port v000001da4211f3d0, 46;
E_000001da42126950/13 .event anyedge, v000001da4211f3d0_43, v000001da4211f3d0_44, v000001da4211f3d0_45, v000001da4211f3d0_46;
v000001da4211f3d0_47 .array/port v000001da4211f3d0, 47;
v000001da4211f3d0_48 .array/port v000001da4211f3d0, 48;
v000001da4211f3d0_49 .array/port v000001da4211f3d0, 49;
v000001da4211f3d0_50 .array/port v000001da4211f3d0, 50;
E_000001da42126950/14 .event anyedge, v000001da4211f3d0_47, v000001da4211f3d0_48, v000001da4211f3d0_49, v000001da4211f3d0_50;
v000001da4211f3d0_51 .array/port v000001da4211f3d0, 51;
v000001da4211f3d0_52 .array/port v000001da4211f3d0, 52;
v000001da4211f3d0_53 .array/port v000001da4211f3d0, 53;
v000001da4211f3d0_54 .array/port v000001da4211f3d0, 54;
E_000001da42126950/15 .event anyedge, v000001da4211f3d0_51, v000001da4211f3d0_52, v000001da4211f3d0_53, v000001da4211f3d0_54;
v000001da4211f3d0_55 .array/port v000001da4211f3d0, 55;
v000001da4211f3d0_56 .array/port v000001da4211f3d0, 56;
v000001da4211f3d0_57 .array/port v000001da4211f3d0, 57;
v000001da4211f3d0_58 .array/port v000001da4211f3d0, 58;
E_000001da42126950/16 .event anyedge, v000001da4211f3d0_55, v000001da4211f3d0_56, v000001da4211f3d0_57, v000001da4211f3d0_58;
v000001da4211f3d0_59 .array/port v000001da4211f3d0, 59;
v000001da4211f3d0_60 .array/port v000001da4211f3d0, 60;
v000001da4211f3d0_61 .array/port v000001da4211f3d0, 61;
v000001da4211f3d0_62 .array/port v000001da4211f3d0, 62;
E_000001da42126950/17 .event anyedge, v000001da4211f3d0_59, v000001da4211f3d0_60, v000001da4211f3d0_61, v000001da4211f3d0_62;
v000001da4211f3d0_63 .array/port v000001da4211f3d0, 63;
v000001da4211f3d0_64 .array/port v000001da4211f3d0, 64;
v000001da4211f3d0_65 .array/port v000001da4211f3d0, 65;
v000001da4211f3d0_66 .array/port v000001da4211f3d0, 66;
E_000001da42126950/18 .event anyedge, v000001da4211f3d0_63, v000001da4211f3d0_64, v000001da4211f3d0_65, v000001da4211f3d0_66;
v000001da4211f3d0_67 .array/port v000001da4211f3d0, 67;
v000001da4211f3d0_68 .array/port v000001da4211f3d0, 68;
v000001da4211f3d0_69 .array/port v000001da4211f3d0, 69;
v000001da4211f3d0_70 .array/port v000001da4211f3d0, 70;
E_000001da42126950/19 .event anyedge, v000001da4211f3d0_67, v000001da4211f3d0_68, v000001da4211f3d0_69, v000001da4211f3d0_70;
v000001da4211f3d0_71 .array/port v000001da4211f3d0, 71;
v000001da4211f3d0_72 .array/port v000001da4211f3d0, 72;
v000001da4211f3d0_73 .array/port v000001da4211f3d0, 73;
v000001da4211f3d0_74 .array/port v000001da4211f3d0, 74;
E_000001da42126950/20 .event anyedge, v000001da4211f3d0_71, v000001da4211f3d0_72, v000001da4211f3d0_73, v000001da4211f3d0_74;
v000001da4211f3d0_75 .array/port v000001da4211f3d0, 75;
v000001da4211f3d0_76 .array/port v000001da4211f3d0, 76;
v000001da4211f3d0_77 .array/port v000001da4211f3d0, 77;
v000001da4211f3d0_78 .array/port v000001da4211f3d0, 78;
E_000001da42126950/21 .event anyedge, v000001da4211f3d0_75, v000001da4211f3d0_76, v000001da4211f3d0_77, v000001da4211f3d0_78;
v000001da4211f3d0_79 .array/port v000001da4211f3d0, 79;
v000001da4211f3d0_80 .array/port v000001da4211f3d0, 80;
v000001da4211f3d0_81 .array/port v000001da4211f3d0, 81;
v000001da4211f3d0_82 .array/port v000001da4211f3d0, 82;
E_000001da42126950/22 .event anyedge, v000001da4211f3d0_79, v000001da4211f3d0_80, v000001da4211f3d0_81, v000001da4211f3d0_82;
v000001da4211f3d0_83 .array/port v000001da4211f3d0, 83;
v000001da4211f3d0_84 .array/port v000001da4211f3d0, 84;
v000001da4211f3d0_85 .array/port v000001da4211f3d0, 85;
v000001da4211f3d0_86 .array/port v000001da4211f3d0, 86;
E_000001da42126950/23 .event anyedge, v000001da4211f3d0_83, v000001da4211f3d0_84, v000001da4211f3d0_85, v000001da4211f3d0_86;
v000001da4211f3d0_87 .array/port v000001da4211f3d0, 87;
v000001da4211f3d0_88 .array/port v000001da4211f3d0, 88;
v000001da4211f3d0_89 .array/port v000001da4211f3d0, 89;
v000001da4211f3d0_90 .array/port v000001da4211f3d0, 90;
E_000001da42126950/24 .event anyedge, v000001da4211f3d0_87, v000001da4211f3d0_88, v000001da4211f3d0_89, v000001da4211f3d0_90;
v000001da4211f3d0_91 .array/port v000001da4211f3d0, 91;
v000001da4211f3d0_92 .array/port v000001da4211f3d0, 92;
v000001da4211f3d0_93 .array/port v000001da4211f3d0, 93;
v000001da4211f3d0_94 .array/port v000001da4211f3d0, 94;
E_000001da42126950/25 .event anyedge, v000001da4211f3d0_91, v000001da4211f3d0_92, v000001da4211f3d0_93, v000001da4211f3d0_94;
v000001da4211f3d0_95 .array/port v000001da4211f3d0, 95;
v000001da4211f3d0_96 .array/port v000001da4211f3d0, 96;
v000001da4211f3d0_97 .array/port v000001da4211f3d0, 97;
v000001da4211f3d0_98 .array/port v000001da4211f3d0, 98;
E_000001da42126950/26 .event anyedge, v000001da4211f3d0_95, v000001da4211f3d0_96, v000001da4211f3d0_97, v000001da4211f3d0_98;
v000001da4211f3d0_99 .array/port v000001da4211f3d0, 99;
v000001da4211f3d0_100 .array/port v000001da4211f3d0, 100;
v000001da4211f3d0_101 .array/port v000001da4211f3d0, 101;
v000001da4211f3d0_102 .array/port v000001da4211f3d0, 102;
E_000001da42126950/27 .event anyedge, v000001da4211f3d0_99, v000001da4211f3d0_100, v000001da4211f3d0_101, v000001da4211f3d0_102;
v000001da4211f3d0_103 .array/port v000001da4211f3d0, 103;
v000001da4211f3d0_104 .array/port v000001da4211f3d0, 104;
v000001da4211f3d0_105 .array/port v000001da4211f3d0, 105;
v000001da4211f3d0_106 .array/port v000001da4211f3d0, 106;
E_000001da42126950/28 .event anyedge, v000001da4211f3d0_103, v000001da4211f3d0_104, v000001da4211f3d0_105, v000001da4211f3d0_106;
v000001da4211f3d0_107 .array/port v000001da4211f3d0, 107;
v000001da4211f3d0_108 .array/port v000001da4211f3d0, 108;
v000001da4211f3d0_109 .array/port v000001da4211f3d0, 109;
v000001da4211f3d0_110 .array/port v000001da4211f3d0, 110;
E_000001da42126950/29 .event anyedge, v000001da4211f3d0_107, v000001da4211f3d0_108, v000001da4211f3d0_109, v000001da4211f3d0_110;
v000001da4211f3d0_111 .array/port v000001da4211f3d0, 111;
v000001da4211f3d0_112 .array/port v000001da4211f3d0, 112;
v000001da4211f3d0_113 .array/port v000001da4211f3d0, 113;
v000001da4211f3d0_114 .array/port v000001da4211f3d0, 114;
E_000001da42126950/30 .event anyedge, v000001da4211f3d0_111, v000001da4211f3d0_112, v000001da4211f3d0_113, v000001da4211f3d0_114;
v000001da4211f3d0_115 .array/port v000001da4211f3d0, 115;
v000001da4211f3d0_116 .array/port v000001da4211f3d0, 116;
v000001da4211f3d0_117 .array/port v000001da4211f3d0, 117;
v000001da4211f3d0_118 .array/port v000001da4211f3d0, 118;
E_000001da42126950/31 .event anyedge, v000001da4211f3d0_115, v000001da4211f3d0_116, v000001da4211f3d0_117, v000001da4211f3d0_118;
v000001da4211f3d0_119 .array/port v000001da4211f3d0, 119;
v000001da4211f3d0_120 .array/port v000001da4211f3d0, 120;
v000001da4211f3d0_121 .array/port v000001da4211f3d0, 121;
v000001da4211f3d0_122 .array/port v000001da4211f3d0, 122;
E_000001da42126950/32 .event anyedge, v000001da4211f3d0_119, v000001da4211f3d0_120, v000001da4211f3d0_121, v000001da4211f3d0_122;
v000001da4211f3d0_123 .array/port v000001da4211f3d0, 123;
v000001da4211f3d0_124 .array/port v000001da4211f3d0, 124;
v000001da4211f3d0_125 .array/port v000001da4211f3d0, 125;
v000001da4211f3d0_126 .array/port v000001da4211f3d0, 126;
E_000001da42126950/33 .event anyedge, v000001da4211f3d0_123, v000001da4211f3d0_124, v000001da4211f3d0_125, v000001da4211f3d0_126;
v000001da4211f3d0_127 .array/port v000001da4211f3d0, 127;
v000001da4211f3d0_128 .array/port v000001da4211f3d0, 128;
v000001da4211f3d0_129 .array/port v000001da4211f3d0, 129;
v000001da4211f3d0_130 .array/port v000001da4211f3d0, 130;
E_000001da42126950/34 .event anyedge, v000001da4211f3d0_127, v000001da4211f3d0_128, v000001da4211f3d0_129, v000001da4211f3d0_130;
v000001da4211f3d0_131 .array/port v000001da4211f3d0, 131;
v000001da4211f3d0_132 .array/port v000001da4211f3d0, 132;
v000001da4211f3d0_133 .array/port v000001da4211f3d0, 133;
v000001da4211f3d0_134 .array/port v000001da4211f3d0, 134;
E_000001da42126950/35 .event anyedge, v000001da4211f3d0_131, v000001da4211f3d0_132, v000001da4211f3d0_133, v000001da4211f3d0_134;
v000001da4211f3d0_135 .array/port v000001da4211f3d0, 135;
v000001da4211f3d0_136 .array/port v000001da4211f3d0, 136;
v000001da4211f3d0_137 .array/port v000001da4211f3d0, 137;
v000001da4211f3d0_138 .array/port v000001da4211f3d0, 138;
E_000001da42126950/36 .event anyedge, v000001da4211f3d0_135, v000001da4211f3d0_136, v000001da4211f3d0_137, v000001da4211f3d0_138;
v000001da4211f3d0_139 .array/port v000001da4211f3d0, 139;
v000001da4211f3d0_140 .array/port v000001da4211f3d0, 140;
v000001da4211f3d0_141 .array/port v000001da4211f3d0, 141;
v000001da4211f3d0_142 .array/port v000001da4211f3d0, 142;
E_000001da42126950/37 .event anyedge, v000001da4211f3d0_139, v000001da4211f3d0_140, v000001da4211f3d0_141, v000001da4211f3d0_142;
v000001da4211f3d0_143 .array/port v000001da4211f3d0, 143;
v000001da4211f3d0_144 .array/port v000001da4211f3d0, 144;
v000001da4211f3d0_145 .array/port v000001da4211f3d0, 145;
v000001da4211f3d0_146 .array/port v000001da4211f3d0, 146;
E_000001da42126950/38 .event anyedge, v000001da4211f3d0_143, v000001da4211f3d0_144, v000001da4211f3d0_145, v000001da4211f3d0_146;
v000001da4211f3d0_147 .array/port v000001da4211f3d0, 147;
v000001da4211f3d0_148 .array/port v000001da4211f3d0, 148;
v000001da4211f3d0_149 .array/port v000001da4211f3d0, 149;
v000001da4211f3d0_150 .array/port v000001da4211f3d0, 150;
E_000001da42126950/39 .event anyedge, v000001da4211f3d0_147, v000001da4211f3d0_148, v000001da4211f3d0_149, v000001da4211f3d0_150;
v000001da4211f3d0_151 .array/port v000001da4211f3d0, 151;
v000001da4211f3d0_152 .array/port v000001da4211f3d0, 152;
v000001da4211f3d0_153 .array/port v000001da4211f3d0, 153;
v000001da4211f3d0_154 .array/port v000001da4211f3d0, 154;
E_000001da42126950/40 .event anyedge, v000001da4211f3d0_151, v000001da4211f3d0_152, v000001da4211f3d0_153, v000001da4211f3d0_154;
v000001da4211f3d0_155 .array/port v000001da4211f3d0, 155;
v000001da4211f3d0_156 .array/port v000001da4211f3d0, 156;
v000001da4211f3d0_157 .array/port v000001da4211f3d0, 157;
v000001da4211f3d0_158 .array/port v000001da4211f3d0, 158;
E_000001da42126950/41 .event anyedge, v000001da4211f3d0_155, v000001da4211f3d0_156, v000001da4211f3d0_157, v000001da4211f3d0_158;
v000001da4211f3d0_159 .array/port v000001da4211f3d0, 159;
v000001da4211f3d0_160 .array/port v000001da4211f3d0, 160;
v000001da4211f3d0_161 .array/port v000001da4211f3d0, 161;
v000001da4211f3d0_162 .array/port v000001da4211f3d0, 162;
E_000001da42126950/42 .event anyedge, v000001da4211f3d0_159, v000001da4211f3d0_160, v000001da4211f3d0_161, v000001da4211f3d0_162;
v000001da4211f3d0_163 .array/port v000001da4211f3d0, 163;
v000001da4211f3d0_164 .array/port v000001da4211f3d0, 164;
v000001da4211f3d0_165 .array/port v000001da4211f3d0, 165;
v000001da4211f3d0_166 .array/port v000001da4211f3d0, 166;
E_000001da42126950/43 .event anyedge, v000001da4211f3d0_163, v000001da4211f3d0_164, v000001da4211f3d0_165, v000001da4211f3d0_166;
v000001da4211f3d0_167 .array/port v000001da4211f3d0, 167;
v000001da4211f3d0_168 .array/port v000001da4211f3d0, 168;
v000001da4211f3d0_169 .array/port v000001da4211f3d0, 169;
v000001da4211f3d0_170 .array/port v000001da4211f3d0, 170;
E_000001da42126950/44 .event anyedge, v000001da4211f3d0_167, v000001da4211f3d0_168, v000001da4211f3d0_169, v000001da4211f3d0_170;
v000001da4211f3d0_171 .array/port v000001da4211f3d0, 171;
v000001da4211f3d0_172 .array/port v000001da4211f3d0, 172;
v000001da4211f3d0_173 .array/port v000001da4211f3d0, 173;
v000001da4211f3d0_174 .array/port v000001da4211f3d0, 174;
E_000001da42126950/45 .event anyedge, v000001da4211f3d0_171, v000001da4211f3d0_172, v000001da4211f3d0_173, v000001da4211f3d0_174;
v000001da4211f3d0_175 .array/port v000001da4211f3d0, 175;
v000001da4211f3d0_176 .array/port v000001da4211f3d0, 176;
v000001da4211f3d0_177 .array/port v000001da4211f3d0, 177;
v000001da4211f3d0_178 .array/port v000001da4211f3d0, 178;
E_000001da42126950/46 .event anyedge, v000001da4211f3d0_175, v000001da4211f3d0_176, v000001da4211f3d0_177, v000001da4211f3d0_178;
v000001da4211f3d0_179 .array/port v000001da4211f3d0, 179;
v000001da4211f3d0_180 .array/port v000001da4211f3d0, 180;
v000001da4211f3d0_181 .array/port v000001da4211f3d0, 181;
v000001da4211f3d0_182 .array/port v000001da4211f3d0, 182;
E_000001da42126950/47 .event anyedge, v000001da4211f3d0_179, v000001da4211f3d0_180, v000001da4211f3d0_181, v000001da4211f3d0_182;
v000001da4211f3d0_183 .array/port v000001da4211f3d0, 183;
v000001da4211f3d0_184 .array/port v000001da4211f3d0, 184;
v000001da4211f3d0_185 .array/port v000001da4211f3d0, 185;
v000001da4211f3d0_186 .array/port v000001da4211f3d0, 186;
E_000001da42126950/48 .event anyedge, v000001da4211f3d0_183, v000001da4211f3d0_184, v000001da4211f3d0_185, v000001da4211f3d0_186;
v000001da4211f3d0_187 .array/port v000001da4211f3d0, 187;
v000001da4211f3d0_188 .array/port v000001da4211f3d0, 188;
v000001da4211f3d0_189 .array/port v000001da4211f3d0, 189;
v000001da4211f3d0_190 .array/port v000001da4211f3d0, 190;
E_000001da42126950/49 .event anyedge, v000001da4211f3d0_187, v000001da4211f3d0_188, v000001da4211f3d0_189, v000001da4211f3d0_190;
v000001da4211f3d0_191 .array/port v000001da4211f3d0, 191;
v000001da4211f3d0_192 .array/port v000001da4211f3d0, 192;
v000001da4211f3d0_193 .array/port v000001da4211f3d0, 193;
v000001da4211f3d0_194 .array/port v000001da4211f3d0, 194;
E_000001da42126950/50 .event anyedge, v000001da4211f3d0_191, v000001da4211f3d0_192, v000001da4211f3d0_193, v000001da4211f3d0_194;
v000001da4211f3d0_195 .array/port v000001da4211f3d0, 195;
v000001da4211f3d0_196 .array/port v000001da4211f3d0, 196;
v000001da4211f3d0_197 .array/port v000001da4211f3d0, 197;
v000001da4211f3d0_198 .array/port v000001da4211f3d0, 198;
E_000001da42126950/51 .event anyedge, v000001da4211f3d0_195, v000001da4211f3d0_196, v000001da4211f3d0_197, v000001da4211f3d0_198;
v000001da4211f3d0_199 .array/port v000001da4211f3d0, 199;
v000001da4211f3d0_200 .array/port v000001da4211f3d0, 200;
v000001da4211f3d0_201 .array/port v000001da4211f3d0, 201;
v000001da4211f3d0_202 .array/port v000001da4211f3d0, 202;
E_000001da42126950/52 .event anyedge, v000001da4211f3d0_199, v000001da4211f3d0_200, v000001da4211f3d0_201, v000001da4211f3d0_202;
v000001da4211f3d0_203 .array/port v000001da4211f3d0, 203;
v000001da4211f3d0_204 .array/port v000001da4211f3d0, 204;
v000001da4211f3d0_205 .array/port v000001da4211f3d0, 205;
v000001da4211f3d0_206 .array/port v000001da4211f3d0, 206;
E_000001da42126950/53 .event anyedge, v000001da4211f3d0_203, v000001da4211f3d0_204, v000001da4211f3d0_205, v000001da4211f3d0_206;
v000001da4211f3d0_207 .array/port v000001da4211f3d0, 207;
v000001da4211f3d0_208 .array/port v000001da4211f3d0, 208;
v000001da4211f3d0_209 .array/port v000001da4211f3d0, 209;
v000001da4211f3d0_210 .array/port v000001da4211f3d0, 210;
E_000001da42126950/54 .event anyedge, v000001da4211f3d0_207, v000001da4211f3d0_208, v000001da4211f3d0_209, v000001da4211f3d0_210;
v000001da4211f3d0_211 .array/port v000001da4211f3d0, 211;
v000001da4211f3d0_212 .array/port v000001da4211f3d0, 212;
v000001da4211f3d0_213 .array/port v000001da4211f3d0, 213;
v000001da4211f3d0_214 .array/port v000001da4211f3d0, 214;
E_000001da42126950/55 .event anyedge, v000001da4211f3d0_211, v000001da4211f3d0_212, v000001da4211f3d0_213, v000001da4211f3d0_214;
v000001da4211f3d0_215 .array/port v000001da4211f3d0, 215;
v000001da4211f3d0_216 .array/port v000001da4211f3d0, 216;
v000001da4211f3d0_217 .array/port v000001da4211f3d0, 217;
v000001da4211f3d0_218 .array/port v000001da4211f3d0, 218;
E_000001da42126950/56 .event anyedge, v000001da4211f3d0_215, v000001da4211f3d0_216, v000001da4211f3d0_217, v000001da4211f3d0_218;
v000001da4211f3d0_219 .array/port v000001da4211f3d0, 219;
v000001da4211f3d0_220 .array/port v000001da4211f3d0, 220;
v000001da4211f3d0_221 .array/port v000001da4211f3d0, 221;
v000001da4211f3d0_222 .array/port v000001da4211f3d0, 222;
E_000001da42126950/57 .event anyedge, v000001da4211f3d0_219, v000001da4211f3d0_220, v000001da4211f3d0_221, v000001da4211f3d0_222;
v000001da4211f3d0_223 .array/port v000001da4211f3d0, 223;
v000001da4211f3d0_224 .array/port v000001da4211f3d0, 224;
v000001da4211f3d0_225 .array/port v000001da4211f3d0, 225;
v000001da4211f3d0_226 .array/port v000001da4211f3d0, 226;
E_000001da42126950/58 .event anyedge, v000001da4211f3d0_223, v000001da4211f3d0_224, v000001da4211f3d0_225, v000001da4211f3d0_226;
v000001da4211f3d0_227 .array/port v000001da4211f3d0, 227;
v000001da4211f3d0_228 .array/port v000001da4211f3d0, 228;
v000001da4211f3d0_229 .array/port v000001da4211f3d0, 229;
v000001da4211f3d0_230 .array/port v000001da4211f3d0, 230;
E_000001da42126950/59 .event anyedge, v000001da4211f3d0_227, v000001da4211f3d0_228, v000001da4211f3d0_229, v000001da4211f3d0_230;
v000001da4211f3d0_231 .array/port v000001da4211f3d0, 231;
v000001da4211f3d0_232 .array/port v000001da4211f3d0, 232;
v000001da4211f3d0_233 .array/port v000001da4211f3d0, 233;
v000001da4211f3d0_234 .array/port v000001da4211f3d0, 234;
E_000001da42126950/60 .event anyedge, v000001da4211f3d0_231, v000001da4211f3d0_232, v000001da4211f3d0_233, v000001da4211f3d0_234;
v000001da4211f3d0_235 .array/port v000001da4211f3d0, 235;
v000001da4211f3d0_236 .array/port v000001da4211f3d0, 236;
v000001da4211f3d0_237 .array/port v000001da4211f3d0, 237;
v000001da4211f3d0_238 .array/port v000001da4211f3d0, 238;
E_000001da42126950/61 .event anyedge, v000001da4211f3d0_235, v000001da4211f3d0_236, v000001da4211f3d0_237, v000001da4211f3d0_238;
v000001da4211f3d0_239 .array/port v000001da4211f3d0, 239;
v000001da4211f3d0_240 .array/port v000001da4211f3d0, 240;
v000001da4211f3d0_241 .array/port v000001da4211f3d0, 241;
v000001da4211f3d0_242 .array/port v000001da4211f3d0, 242;
E_000001da42126950/62 .event anyedge, v000001da4211f3d0_239, v000001da4211f3d0_240, v000001da4211f3d0_241, v000001da4211f3d0_242;
v000001da4211f3d0_243 .array/port v000001da4211f3d0, 243;
v000001da4211f3d0_244 .array/port v000001da4211f3d0, 244;
v000001da4211f3d0_245 .array/port v000001da4211f3d0, 245;
v000001da4211f3d0_246 .array/port v000001da4211f3d0, 246;
E_000001da42126950/63 .event anyedge, v000001da4211f3d0_243, v000001da4211f3d0_244, v000001da4211f3d0_245, v000001da4211f3d0_246;
v000001da4211f3d0_247 .array/port v000001da4211f3d0, 247;
v000001da4211f3d0_248 .array/port v000001da4211f3d0, 248;
v000001da4211f3d0_249 .array/port v000001da4211f3d0, 249;
v000001da4211f3d0_250 .array/port v000001da4211f3d0, 250;
E_000001da42126950/64 .event anyedge, v000001da4211f3d0_247, v000001da4211f3d0_248, v000001da4211f3d0_249, v000001da4211f3d0_250;
v000001da4211f3d0_251 .array/port v000001da4211f3d0, 251;
v000001da4211f3d0_252 .array/port v000001da4211f3d0, 252;
v000001da4211f3d0_253 .array/port v000001da4211f3d0, 253;
v000001da4211f3d0_254 .array/port v000001da4211f3d0, 254;
E_000001da42126950/65 .event anyedge, v000001da4211f3d0_251, v000001da4211f3d0_252, v000001da4211f3d0_253, v000001da4211f3d0_254;
v000001da4211f3d0_255 .array/port v000001da4211f3d0, 255;
v000001da4211f5b0_0 .array/port v000001da4211f5b0, 0;
v000001da4211f5b0_1 .array/port v000001da4211f5b0, 1;
E_000001da42126950/66 .event anyedge, v000001da4211f3d0_255, v000001da4211f650_0, v000001da4211f5b0_0, v000001da4211f5b0_1;
v000001da4211f5b0_2 .array/port v000001da4211f5b0, 2;
v000001da4211f5b0_3 .array/port v000001da4211f5b0, 3;
v000001da4211f5b0_4 .array/port v000001da4211f5b0, 4;
v000001da4211f5b0_5 .array/port v000001da4211f5b0, 5;
E_000001da42126950/67 .event anyedge, v000001da4211f5b0_2, v000001da4211f5b0_3, v000001da4211f5b0_4, v000001da4211f5b0_5;
v000001da4211f5b0_6 .array/port v000001da4211f5b0, 6;
v000001da4211f5b0_7 .array/port v000001da4211f5b0, 7;
v000001da4211f5b0_8 .array/port v000001da4211f5b0, 8;
v000001da4211f5b0_9 .array/port v000001da4211f5b0, 9;
E_000001da42126950/68 .event anyedge, v000001da4211f5b0_6, v000001da4211f5b0_7, v000001da4211f5b0_8, v000001da4211f5b0_9;
v000001da4211f5b0_10 .array/port v000001da4211f5b0, 10;
v000001da4211f5b0_11 .array/port v000001da4211f5b0, 11;
v000001da4211f5b0_12 .array/port v000001da4211f5b0, 12;
v000001da4211f5b0_13 .array/port v000001da4211f5b0, 13;
E_000001da42126950/69 .event anyedge, v000001da4211f5b0_10, v000001da4211f5b0_11, v000001da4211f5b0_12, v000001da4211f5b0_13;
v000001da4211f5b0_14 .array/port v000001da4211f5b0, 14;
v000001da4211f5b0_15 .array/port v000001da4211f5b0, 15;
v000001da4211f5b0_16 .array/port v000001da4211f5b0, 16;
v000001da4211f5b0_17 .array/port v000001da4211f5b0, 17;
E_000001da42126950/70 .event anyedge, v000001da4211f5b0_14, v000001da4211f5b0_15, v000001da4211f5b0_16, v000001da4211f5b0_17;
v000001da4211f5b0_18 .array/port v000001da4211f5b0, 18;
v000001da4211f5b0_19 .array/port v000001da4211f5b0, 19;
v000001da4211f5b0_20 .array/port v000001da4211f5b0, 20;
v000001da4211f5b0_21 .array/port v000001da4211f5b0, 21;
E_000001da42126950/71 .event anyedge, v000001da4211f5b0_18, v000001da4211f5b0_19, v000001da4211f5b0_20, v000001da4211f5b0_21;
v000001da4211f5b0_22 .array/port v000001da4211f5b0, 22;
v000001da4211f5b0_23 .array/port v000001da4211f5b0, 23;
v000001da4211f5b0_24 .array/port v000001da4211f5b0, 24;
v000001da4211f5b0_25 .array/port v000001da4211f5b0, 25;
E_000001da42126950/72 .event anyedge, v000001da4211f5b0_22, v000001da4211f5b0_23, v000001da4211f5b0_24, v000001da4211f5b0_25;
v000001da4211f5b0_26 .array/port v000001da4211f5b0, 26;
v000001da4211f5b0_27 .array/port v000001da4211f5b0, 27;
v000001da4211f5b0_28 .array/port v000001da4211f5b0, 28;
v000001da4211f5b0_29 .array/port v000001da4211f5b0, 29;
E_000001da42126950/73 .event anyedge, v000001da4211f5b0_26, v000001da4211f5b0_27, v000001da4211f5b0_28, v000001da4211f5b0_29;
v000001da4211f5b0_30 .array/port v000001da4211f5b0, 30;
v000001da4211f5b0_31 .array/port v000001da4211f5b0, 31;
v000001da4211f5b0_32 .array/port v000001da4211f5b0, 32;
v000001da4211f5b0_33 .array/port v000001da4211f5b0, 33;
E_000001da42126950/74 .event anyedge, v000001da4211f5b0_30, v000001da4211f5b0_31, v000001da4211f5b0_32, v000001da4211f5b0_33;
v000001da4211f5b0_34 .array/port v000001da4211f5b0, 34;
v000001da4211f5b0_35 .array/port v000001da4211f5b0, 35;
v000001da4211f5b0_36 .array/port v000001da4211f5b0, 36;
v000001da4211f5b0_37 .array/port v000001da4211f5b0, 37;
E_000001da42126950/75 .event anyedge, v000001da4211f5b0_34, v000001da4211f5b0_35, v000001da4211f5b0_36, v000001da4211f5b0_37;
v000001da4211f5b0_38 .array/port v000001da4211f5b0, 38;
v000001da4211f5b0_39 .array/port v000001da4211f5b0, 39;
v000001da4211f5b0_40 .array/port v000001da4211f5b0, 40;
v000001da4211f5b0_41 .array/port v000001da4211f5b0, 41;
E_000001da42126950/76 .event anyedge, v000001da4211f5b0_38, v000001da4211f5b0_39, v000001da4211f5b0_40, v000001da4211f5b0_41;
v000001da4211f5b0_42 .array/port v000001da4211f5b0, 42;
v000001da4211f5b0_43 .array/port v000001da4211f5b0, 43;
v000001da4211f5b0_44 .array/port v000001da4211f5b0, 44;
v000001da4211f5b0_45 .array/port v000001da4211f5b0, 45;
E_000001da42126950/77 .event anyedge, v000001da4211f5b0_42, v000001da4211f5b0_43, v000001da4211f5b0_44, v000001da4211f5b0_45;
v000001da4211f5b0_46 .array/port v000001da4211f5b0, 46;
v000001da4211f5b0_47 .array/port v000001da4211f5b0, 47;
v000001da4211f5b0_48 .array/port v000001da4211f5b0, 48;
v000001da4211f5b0_49 .array/port v000001da4211f5b0, 49;
E_000001da42126950/78 .event anyedge, v000001da4211f5b0_46, v000001da4211f5b0_47, v000001da4211f5b0_48, v000001da4211f5b0_49;
v000001da4211f5b0_50 .array/port v000001da4211f5b0, 50;
v000001da4211f5b0_51 .array/port v000001da4211f5b0, 51;
v000001da4211f5b0_52 .array/port v000001da4211f5b0, 52;
v000001da4211f5b0_53 .array/port v000001da4211f5b0, 53;
E_000001da42126950/79 .event anyedge, v000001da4211f5b0_50, v000001da4211f5b0_51, v000001da4211f5b0_52, v000001da4211f5b0_53;
v000001da4211f5b0_54 .array/port v000001da4211f5b0, 54;
v000001da4211f5b0_55 .array/port v000001da4211f5b0, 55;
v000001da4211f5b0_56 .array/port v000001da4211f5b0, 56;
v000001da4211f5b0_57 .array/port v000001da4211f5b0, 57;
E_000001da42126950/80 .event anyedge, v000001da4211f5b0_54, v000001da4211f5b0_55, v000001da4211f5b0_56, v000001da4211f5b0_57;
v000001da4211f5b0_58 .array/port v000001da4211f5b0, 58;
v000001da4211f5b0_59 .array/port v000001da4211f5b0, 59;
v000001da4211f5b0_60 .array/port v000001da4211f5b0, 60;
v000001da4211f5b0_61 .array/port v000001da4211f5b0, 61;
E_000001da42126950/81 .event anyedge, v000001da4211f5b0_58, v000001da4211f5b0_59, v000001da4211f5b0_60, v000001da4211f5b0_61;
v000001da4211f5b0_62 .array/port v000001da4211f5b0, 62;
v000001da4211f5b0_63 .array/port v000001da4211f5b0, 63;
v000001da4211f5b0_64 .array/port v000001da4211f5b0, 64;
v000001da4211f5b0_65 .array/port v000001da4211f5b0, 65;
E_000001da42126950/82 .event anyedge, v000001da4211f5b0_62, v000001da4211f5b0_63, v000001da4211f5b0_64, v000001da4211f5b0_65;
v000001da4211f5b0_66 .array/port v000001da4211f5b0, 66;
v000001da4211f5b0_67 .array/port v000001da4211f5b0, 67;
v000001da4211f5b0_68 .array/port v000001da4211f5b0, 68;
v000001da4211f5b0_69 .array/port v000001da4211f5b0, 69;
E_000001da42126950/83 .event anyedge, v000001da4211f5b0_66, v000001da4211f5b0_67, v000001da4211f5b0_68, v000001da4211f5b0_69;
v000001da4211f5b0_70 .array/port v000001da4211f5b0, 70;
v000001da4211f5b0_71 .array/port v000001da4211f5b0, 71;
v000001da4211f5b0_72 .array/port v000001da4211f5b0, 72;
v000001da4211f5b0_73 .array/port v000001da4211f5b0, 73;
E_000001da42126950/84 .event anyedge, v000001da4211f5b0_70, v000001da4211f5b0_71, v000001da4211f5b0_72, v000001da4211f5b0_73;
v000001da4211f5b0_74 .array/port v000001da4211f5b0, 74;
v000001da4211f5b0_75 .array/port v000001da4211f5b0, 75;
v000001da4211f5b0_76 .array/port v000001da4211f5b0, 76;
v000001da4211f5b0_77 .array/port v000001da4211f5b0, 77;
E_000001da42126950/85 .event anyedge, v000001da4211f5b0_74, v000001da4211f5b0_75, v000001da4211f5b0_76, v000001da4211f5b0_77;
v000001da4211f5b0_78 .array/port v000001da4211f5b0, 78;
v000001da4211f5b0_79 .array/port v000001da4211f5b0, 79;
v000001da4211f5b0_80 .array/port v000001da4211f5b0, 80;
v000001da4211f5b0_81 .array/port v000001da4211f5b0, 81;
E_000001da42126950/86 .event anyedge, v000001da4211f5b0_78, v000001da4211f5b0_79, v000001da4211f5b0_80, v000001da4211f5b0_81;
v000001da4211f5b0_82 .array/port v000001da4211f5b0, 82;
v000001da4211f5b0_83 .array/port v000001da4211f5b0, 83;
v000001da4211f5b0_84 .array/port v000001da4211f5b0, 84;
v000001da4211f5b0_85 .array/port v000001da4211f5b0, 85;
E_000001da42126950/87 .event anyedge, v000001da4211f5b0_82, v000001da4211f5b0_83, v000001da4211f5b0_84, v000001da4211f5b0_85;
v000001da4211f5b0_86 .array/port v000001da4211f5b0, 86;
v000001da4211f5b0_87 .array/port v000001da4211f5b0, 87;
v000001da4211f5b0_88 .array/port v000001da4211f5b0, 88;
v000001da4211f5b0_89 .array/port v000001da4211f5b0, 89;
E_000001da42126950/88 .event anyedge, v000001da4211f5b0_86, v000001da4211f5b0_87, v000001da4211f5b0_88, v000001da4211f5b0_89;
v000001da4211f5b0_90 .array/port v000001da4211f5b0, 90;
v000001da4211f5b0_91 .array/port v000001da4211f5b0, 91;
v000001da4211f5b0_92 .array/port v000001da4211f5b0, 92;
v000001da4211f5b0_93 .array/port v000001da4211f5b0, 93;
E_000001da42126950/89 .event anyedge, v000001da4211f5b0_90, v000001da4211f5b0_91, v000001da4211f5b0_92, v000001da4211f5b0_93;
v000001da4211f5b0_94 .array/port v000001da4211f5b0, 94;
v000001da4211f5b0_95 .array/port v000001da4211f5b0, 95;
v000001da4211f5b0_96 .array/port v000001da4211f5b0, 96;
v000001da4211f5b0_97 .array/port v000001da4211f5b0, 97;
E_000001da42126950/90 .event anyedge, v000001da4211f5b0_94, v000001da4211f5b0_95, v000001da4211f5b0_96, v000001da4211f5b0_97;
v000001da4211f5b0_98 .array/port v000001da4211f5b0, 98;
v000001da4211f5b0_99 .array/port v000001da4211f5b0, 99;
v000001da4211f5b0_100 .array/port v000001da4211f5b0, 100;
v000001da4211f5b0_101 .array/port v000001da4211f5b0, 101;
E_000001da42126950/91 .event anyedge, v000001da4211f5b0_98, v000001da4211f5b0_99, v000001da4211f5b0_100, v000001da4211f5b0_101;
v000001da4211f5b0_102 .array/port v000001da4211f5b0, 102;
v000001da4211f5b0_103 .array/port v000001da4211f5b0, 103;
v000001da4211f5b0_104 .array/port v000001da4211f5b0, 104;
v000001da4211f5b0_105 .array/port v000001da4211f5b0, 105;
E_000001da42126950/92 .event anyedge, v000001da4211f5b0_102, v000001da4211f5b0_103, v000001da4211f5b0_104, v000001da4211f5b0_105;
v000001da4211f5b0_106 .array/port v000001da4211f5b0, 106;
v000001da4211f5b0_107 .array/port v000001da4211f5b0, 107;
v000001da4211f5b0_108 .array/port v000001da4211f5b0, 108;
v000001da4211f5b0_109 .array/port v000001da4211f5b0, 109;
E_000001da42126950/93 .event anyedge, v000001da4211f5b0_106, v000001da4211f5b0_107, v000001da4211f5b0_108, v000001da4211f5b0_109;
v000001da4211f5b0_110 .array/port v000001da4211f5b0, 110;
v000001da4211f5b0_111 .array/port v000001da4211f5b0, 111;
v000001da4211f5b0_112 .array/port v000001da4211f5b0, 112;
v000001da4211f5b0_113 .array/port v000001da4211f5b0, 113;
E_000001da42126950/94 .event anyedge, v000001da4211f5b0_110, v000001da4211f5b0_111, v000001da4211f5b0_112, v000001da4211f5b0_113;
v000001da4211f5b0_114 .array/port v000001da4211f5b0, 114;
v000001da4211f5b0_115 .array/port v000001da4211f5b0, 115;
v000001da4211f5b0_116 .array/port v000001da4211f5b0, 116;
v000001da4211f5b0_117 .array/port v000001da4211f5b0, 117;
E_000001da42126950/95 .event anyedge, v000001da4211f5b0_114, v000001da4211f5b0_115, v000001da4211f5b0_116, v000001da4211f5b0_117;
v000001da4211f5b0_118 .array/port v000001da4211f5b0, 118;
v000001da4211f5b0_119 .array/port v000001da4211f5b0, 119;
v000001da4211f5b0_120 .array/port v000001da4211f5b0, 120;
v000001da4211f5b0_121 .array/port v000001da4211f5b0, 121;
E_000001da42126950/96 .event anyedge, v000001da4211f5b0_118, v000001da4211f5b0_119, v000001da4211f5b0_120, v000001da4211f5b0_121;
v000001da4211f5b0_122 .array/port v000001da4211f5b0, 122;
v000001da4211f5b0_123 .array/port v000001da4211f5b0, 123;
v000001da4211f5b0_124 .array/port v000001da4211f5b0, 124;
v000001da4211f5b0_125 .array/port v000001da4211f5b0, 125;
E_000001da42126950/97 .event anyedge, v000001da4211f5b0_122, v000001da4211f5b0_123, v000001da4211f5b0_124, v000001da4211f5b0_125;
v000001da4211f5b0_126 .array/port v000001da4211f5b0, 126;
v000001da4211f5b0_127 .array/port v000001da4211f5b0, 127;
v000001da4211f5b0_128 .array/port v000001da4211f5b0, 128;
v000001da4211f5b0_129 .array/port v000001da4211f5b0, 129;
E_000001da42126950/98 .event anyedge, v000001da4211f5b0_126, v000001da4211f5b0_127, v000001da4211f5b0_128, v000001da4211f5b0_129;
v000001da4211f5b0_130 .array/port v000001da4211f5b0, 130;
v000001da4211f5b0_131 .array/port v000001da4211f5b0, 131;
v000001da4211f5b0_132 .array/port v000001da4211f5b0, 132;
v000001da4211f5b0_133 .array/port v000001da4211f5b0, 133;
E_000001da42126950/99 .event anyedge, v000001da4211f5b0_130, v000001da4211f5b0_131, v000001da4211f5b0_132, v000001da4211f5b0_133;
v000001da4211f5b0_134 .array/port v000001da4211f5b0, 134;
v000001da4211f5b0_135 .array/port v000001da4211f5b0, 135;
v000001da4211f5b0_136 .array/port v000001da4211f5b0, 136;
v000001da4211f5b0_137 .array/port v000001da4211f5b0, 137;
E_000001da42126950/100 .event anyedge, v000001da4211f5b0_134, v000001da4211f5b0_135, v000001da4211f5b0_136, v000001da4211f5b0_137;
v000001da4211f5b0_138 .array/port v000001da4211f5b0, 138;
v000001da4211f5b0_139 .array/port v000001da4211f5b0, 139;
v000001da4211f5b0_140 .array/port v000001da4211f5b0, 140;
v000001da4211f5b0_141 .array/port v000001da4211f5b0, 141;
E_000001da42126950/101 .event anyedge, v000001da4211f5b0_138, v000001da4211f5b0_139, v000001da4211f5b0_140, v000001da4211f5b0_141;
v000001da4211f5b0_142 .array/port v000001da4211f5b0, 142;
v000001da4211f5b0_143 .array/port v000001da4211f5b0, 143;
v000001da4211f5b0_144 .array/port v000001da4211f5b0, 144;
v000001da4211f5b0_145 .array/port v000001da4211f5b0, 145;
E_000001da42126950/102 .event anyedge, v000001da4211f5b0_142, v000001da4211f5b0_143, v000001da4211f5b0_144, v000001da4211f5b0_145;
v000001da4211f5b0_146 .array/port v000001da4211f5b0, 146;
v000001da4211f5b0_147 .array/port v000001da4211f5b0, 147;
v000001da4211f5b0_148 .array/port v000001da4211f5b0, 148;
v000001da4211f5b0_149 .array/port v000001da4211f5b0, 149;
E_000001da42126950/103 .event anyedge, v000001da4211f5b0_146, v000001da4211f5b0_147, v000001da4211f5b0_148, v000001da4211f5b0_149;
v000001da4211f5b0_150 .array/port v000001da4211f5b0, 150;
v000001da4211f5b0_151 .array/port v000001da4211f5b0, 151;
v000001da4211f5b0_152 .array/port v000001da4211f5b0, 152;
v000001da4211f5b0_153 .array/port v000001da4211f5b0, 153;
E_000001da42126950/104 .event anyedge, v000001da4211f5b0_150, v000001da4211f5b0_151, v000001da4211f5b0_152, v000001da4211f5b0_153;
v000001da4211f5b0_154 .array/port v000001da4211f5b0, 154;
v000001da4211f5b0_155 .array/port v000001da4211f5b0, 155;
v000001da4211f5b0_156 .array/port v000001da4211f5b0, 156;
v000001da4211f5b0_157 .array/port v000001da4211f5b0, 157;
E_000001da42126950/105 .event anyedge, v000001da4211f5b0_154, v000001da4211f5b0_155, v000001da4211f5b0_156, v000001da4211f5b0_157;
v000001da4211f5b0_158 .array/port v000001da4211f5b0, 158;
v000001da4211f5b0_159 .array/port v000001da4211f5b0, 159;
v000001da4211f5b0_160 .array/port v000001da4211f5b0, 160;
v000001da4211f5b0_161 .array/port v000001da4211f5b0, 161;
E_000001da42126950/106 .event anyedge, v000001da4211f5b0_158, v000001da4211f5b0_159, v000001da4211f5b0_160, v000001da4211f5b0_161;
v000001da4211f5b0_162 .array/port v000001da4211f5b0, 162;
v000001da4211f5b0_163 .array/port v000001da4211f5b0, 163;
v000001da4211f5b0_164 .array/port v000001da4211f5b0, 164;
v000001da4211f5b0_165 .array/port v000001da4211f5b0, 165;
E_000001da42126950/107 .event anyedge, v000001da4211f5b0_162, v000001da4211f5b0_163, v000001da4211f5b0_164, v000001da4211f5b0_165;
v000001da4211f5b0_166 .array/port v000001da4211f5b0, 166;
v000001da4211f5b0_167 .array/port v000001da4211f5b0, 167;
v000001da4211f5b0_168 .array/port v000001da4211f5b0, 168;
v000001da4211f5b0_169 .array/port v000001da4211f5b0, 169;
E_000001da42126950/108 .event anyedge, v000001da4211f5b0_166, v000001da4211f5b0_167, v000001da4211f5b0_168, v000001da4211f5b0_169;
v000001da4211f5b0_170 .array/port v000001da4211f5b0, 170;
v000001da4211f5b0_171 .array/port v000001da4211f5b0, 171;
v000001da4211f5b0_172 .array/port v000001da4211f5b0, 172;
v000001da4211f5b0_173 .array/port v000001da4211f5b0, 173;
E_000001da42126950/109 .event anyedge, v000001da4211f5b0_170, v000001da4211f5b0_171, v000001da4211f5b0_172, v000001da4211f5b0_173;
v000001da4211f5b0_174 .array/port v000001da4211f5b0, 174;
v000001da4211f5b0_175 .array/port v000001da4211f5b0, 175;
v000001da4211f5b0_176 .array/port v000001da4211f5b0, 176;
v000001da4211f5b0_177 .array/port v000001da4211f5b0, 177;
E_000001da42126950/110 .event anyedge, v000001da4211f5b0_174, v000001da4211f5b0_175, v000001da4211f5b0_176, v000001da4211f5b0_177;
v000001da4211f5b0_178 .array/port v000001da4211f5b0, 178;
v000001da4211f5b0_179 .array/port v000001da4211f5b0, 179;
v000001da4211f5b0_180 .array/port v000001da4211f5b0, 180;
v000001da4211f5b0_181 .array/port v000001da4211f5b0, 181;
E_000001da42126950/111 .event anyedge, v000001da4211f5b0_178, v000001da4211f5b0_179, v000001da4211f5b0_180, v000001da4211f5b0_181;
v000001da4211f5b0_182 .array/port v000001da4211f5b0, 182;
v000001da4211f5b0_183 .array/port v000001da4211f5b0, 183;
v000001da4211f5b0_184 .array/port v000001da4211f5b0, 184;
v000001da4211f5b0_185 .array/port v000001da4211f5b0, 185;
E_000001da42126950/112 .event anyedge, v000001da4211f5b0_182, v000001da4211f5b0_183, v000001da4211f5b0_184, v000001da4211f5b0_185;
v000001da4211f5b0_186 .array/port v000001da4211f5b0, 186;
v000001da4211f5b0_187 .array/port v000001da4211f5b0, 187;
v000001da4211f5b0_188 .array/port v000001da4211f5b0, 188;
v000001da4211f5b0_189 .array/port v000001da4211f5b0, 189;
E_000001da42126950/113 .event anyedge, v000001da4211f5b0_186, v000001da4211f5b0_187, v000001da4211f5b0_188, v000001da4211f5b0_189;
v000001da4211f5b0_190 .array/port v000001da4211f5b0, 190;
v000001da4211f5b0_191 .array/port v000001da4211f5b0, 191;
v000001da4211f5b0_192 .array/port v000001da4211f5b0, 192;
v000001da4211f5b0_193 .array/port v000001da4211f5b0, 193;
E_000001da42126950/114 .event anyedge, v000001da4211f5b0_190, v000001da4211f5b0_191, v000001da4211f5b0_192, v000001da4211f5b0_193;
v000001da4211f5b0_194 .array/port v000001da4211f5b0, 194;
v000001da4211f5b0_195 .array/port v000001da4211f5b0, 195;
v000001da4211f5b0_196 .array/port v000001da4211f5b0, 196;
v000001da4211f5b0_197 .array/port v000001da4211f5b0, 197;
E_000001da42126950/115 .event anyedge, v000001da4211f5b0_194, v000001da4211f5b0_195, v000001da4211f5b0_196, v000001da4211f5b0_197;
v000001da4211f5b0_198 .array/port v000001da4211f5b0, 198;
v000001da4211f5b0_199 .array/port v000001da4211f5b0, 199;
v000001da4211f5b0_200 .array/port v000001da4211f5b0, 200;
v000001da4211f5b0_201 .array/port v000001da4211f5b0, 201;
E_000001da42126950/116 .event anyedge, v000001da4211f5b0_198, v000001da4211f5b0_199, v000001da4211f5b0_200, v000001da4211f5b0_201;
v000001da4211f5b0_202 .array/port v000001da4211f5b0, 202;
v000001da4211f5b0_203 .array/port v000001da4211f5b0, 203;
v000001da4211f5b0_204 .array/port v000001da4211f5b0, 204;
v000001da4211f5b0_205 .array/port v000001da4211f5b0, 205;
E_000001da42126950/117 .event anyedge, v000001da4211f5b0_202, v000001da4211f5b0_203, v000001da4211f5b0_204, v000001da4211f5b0_205;
v000001da4211f5b0_206 .array/port v000001da4211f5b0, 206;
v000001da4211f5b0_207 .array/port v000001da4211f5b0, 207;
v000001da4211f5b0_208 .array/port v000001da4211f5b0, 208;
v000001da4211f5b0_209 .array/port v000001da4211f5b0, 209;
E_000001da42126950/118 .event anyedge, v000001da4211f5b0_206, v000001da4211f5b0_207, v000001da4211f5b0_208, v000001da4211f5b0_209;
v000001da4211f5b0_210 .array/port v000001da4211f5b0, 210;
v000001da4211f5b0_211 .array/port v000001da4211f5b0, 211;
v000001da4211f5b0_212 .array/port v000001da4211f5b0, 212;
v000001da4211f5b0_213 .array/port v000001da4211f5b0, 213;
E_000001da42126950/119 .event anyedge, v000001da4211f5b0_210, v000001da4211f5b0_211, v000001da4211f5b0_212, v000001da4211f5b0_213;
v000001da4211f5b0_214 .array/port v000001da4211f5b0, 214;
v000001da4211f5b0_215 .array/port v000001da4211f5b0, 215;
v000001da4211f5b0_216 .array/port v000001da4211f5b0, 216;
v000001da4211f5b0_217 .array/port v000001da4211f5b0, 217;
E_000001da42126950/120 .event anyedge, v000001da4211f5b0_214, v000001da4211f5b0_215, v000001da4211f5b0_216, v000001da4211f5b0_217;
v000001da4211f5b0_218 .array/port v000001da4211f5b0, 218;
v000001da4211f5b0_219 .array/port v000001da4211f5b0, 219;
v000001da4211f5b0_220 .array/port v000001da4211f5b0, 220;
v000001da4211f5b0_221 .array/port v000001da4211f5b0, 221;
E_000001da42126950/121 .event anyedge, v000001da4211f5b0_218, v000001da4211f5b0_219, v000001da4211f5b0_220, v000001da4211f5b0_221;
v000001da4211f5b0_222 .array/port v000001da4211f5b0, 222;
v000001da4211f5b0_223 .array/port v000001da4211f5b0, 223;
v000001da4211f5b0_224 .array/port v000001da4211f5b0, 224;
v000001da4211f5b0_225 .array/port v000001da4211f5b0, 225;
E_000001da42126950/122 .event anyedge, v000001da4211f5b0_222, v000001da4211f5b0_223, v000001da4211f5b0_224, v000001da4211f5b0_225;
v000001da4211f5b0_226 .array/port v000001da4211f5b0, 226;
v000001da4211f5b0_227 .array/port v000001da4211f5b0, 227;
v000001da4211f5b0_228 .array/port v000001da4211f5b0, 228;
v000001da4211f5b0_229 .array/port v000001da4211f5b0, 229;
E_000001da42126950/123 .event anyedge, v000001da4211f5b0_226, v000001da4211f5b0_227, v000001da4211f5b0_228, v000001da4211f5b0_229;
v000001da4211f5b0_230 .array/port v000001da4211f5b0, 230;
v000001da4211f5b0_231 .array/port v000001da4211f5b0, 231;
v000001da4211f5b0_232 .array/port v000001da4211f5b0, 232;
v000001da4211f5b0_233 .array/port v000001da4211f5b0, 233;
E_000001da42126950/124 .event anyedge, v000001da4211f5b0_230, v000001da4211f5b0_231, v000001da4211f5b0_232, v000001da4211f5b0_233;
v000001da4211f5b0_234 .array/port v000001da4211f5b0, 234;
v000001da4211f5b0_235 .array/port v000001da4211f5b0, 235;
v000001da4211f5b0_236 .array/port v000001da4211f5b0, 236;
v000001da4211f5b0_237 .array/port v000001da4211f5b0, 237;
E_000001da42126950/125 .event anyedge, v000001da4211f5b0_234, v000001da4211f5b0_235, v000001da4211f5b0_236, v000001da4211f5b0_237;
v000001da4211f5b0_238 .array/port v000001da4211f5b0, 238;
v000001da4211f5b0_239 .array/port v000001da4211f5b0, 239;
v000001da4211f5b0_240 .array/port v000001da4211f5b0, 240;
v000001da4211f5b0_241 .array/port v000001da4211f5b0, 241;
E_000001da42126950/126 .event anyedge, v000001da4211f5b0_238, v000001da4211f5b0_239, v000001da4211f5b0_240, v000001da4211f5b0_241;
v000001da4211f5b0_242 .array/port v000001da4211f5b0, 242;
v000001da4211f5b0_243 .array/port v000001da4211f5b0, 243;
v000001da4211f5b0_244 .array/port v000001da4211f5b0, 244;
v000001da4211f5b0_245 .array/port v000001da4211f5b0, 245;
E_000001da42126950/127 .event anyedge, v000001da4211f5b0_242, v000001da4211f5b0_243, v000001da4211f5b0_244, v000001da4211f5b0_245;
v000001da4211f5b0_246 .array/port v000001da4211f5b0, 246;
v000001da4211f5b0_247 .array/port v000001da4211f5b0, 247;
v000001da4211f5b0_248 .array/port v000001da4211f5b0, 248;
v000001da4211f5b0_249 .array/port v000001da4211f5b0, 249;
E_000001da42126950/128 .event anyedge, v000001da4211f5b0_246, v000001da4211f5b0_247, v000001da4211f5b0_248, v000001da4211f5b0_249;
v000001da4211f5b0_250 .array/port v000001da4211f5b0, 250;
v000001da4211f5b0_251 .array/port v000001da4211f5b0, 251;
v000001da4211f5b0_252 .array/port v000001da4211f5b0, 252;
v000001da4211f5b0_253 .array/port v000001da4211f5b0, 253;
E_000001da42126950/129 .event anyedge, v000001da4211f5b0_250, v000001da4211f5b0_251, v000001da4211f5b0_252, v000001da4211f5b0_253;
v000001da4211f5b0_254 .array/port v000001da4211f5b0, 254;
v000001da4211f5b0_255 .array/port v000001da4211f5b0, 255;
E_000001da42126950/130 .event anyedge, v000001da4211f5b0_254, v000001da4211f5b0_255, v000001da4211f330_0;
E_000001da42126950 .event/or E_000001da42126950/0, E_000001da42126950/1, E_000001da42126950/2, E_000001da42126950/3, E_000001da42126950/4, E_000001da42126950/5, E_000001da42126950/6, E_000001da42126950/7, E_000001da42126950/8, E_000001da42126950/9, E_000001da42126950/10, E_000001da42126950/11, E_000001da42126950/12, E_000001da42126950/13, E_000001da42126950/14, E_000001da42126950/15, E_000001da42126950/16, E_000001da42126950/17, E_000001da42126950/18, E_000001da42126950/19, E_000001da42126950/20, E_000001da42126950/21, E_000001da42126950/22, E_000001da42126950/23, E_000001da42126950/24, E_000001da42126950/25, E_000001da42126950/26, E_000001da42126950/27, E_000001da42126950/28, E_000001da42126950/29, E_000001da42126950/30, E_000001da42126950/31, E_000001da42126950/32, E_000001da42126950/33, E_000001da42126950/34, E_000001da42126950/35, E_000001da42126950/36, E_000001da42126950/37, E_000001da42126950/38, E_000001da42126950/39, E_000001da42126950/40, E_000001da42126950/41, E_000001da42126950/42, E_000001da42126950/43, E_000001da42126950/44, E_000001da42126950/45, E_000001da42126950/46, E_000001da42126950/47, E_000001da42126950/48, E_000001da42126950/49, E_000001da42126950/50, E_000001da42126950/51, E_000001da42126950/52, E_000001da42126950/53, E_000001da42126950/54, E_000001da42126950/55, E_000001da42126950/56, E_000001da42126950/57, E_000001da42126950/58, E_000001da42126950/59, E_000001da42126950/60, E_000001da42126950/61, E_000001da42126950/62, E_000001da42126950/63, E_000001da42126950/64, E_000001da42126950/65, E_000001da42126950/66, E_000001da42126950/67, E_000001da42126950/68, E_000001da42126950/69, E_000001da42126950/70, E_000001da42126950/71, E_000001da42126950/72, E_000001da42126950/73, E_000001da42126950/74, E_000001da42126950/75, E_000001da42126950/76, E_000001da42126950/77, E_000001da42126950/78, E_000001da42126950/79, E_000001da42126950/80, E_000001da42126950/81, E_000001da42126950/82, E_000001da42126950/83, E_000001da42126950/84, E_000001da42126950/85, E_000001da42126950/86, E_000001da42126950/87, E_000001da42126950/88, E_000001da42126950/89, E_000001da42126950/90, E_000001da42126950/91, E_000001da42126950/92, E_000001da42126950/93, E_000001da42126950/94, E_000001da42126950/95, E_000001da42126950/96, E_000001da42126950/97, E_000001da42126950/98, E_000001da42126950/99, E_000001da42126950/100, E_000001da42126950/101, E_000001da42126950/102, E_000001da42126950/103, E_000001da42126950/104, E_000001da42126950/105, E_000001da42126950/106, E_000001da42126950/107, E_000001da42126950/108, E_000001da42126950/109, E_000001da42126950/110, E_000001da42126950/111, E_000001da42126950/112, E_000001da42126950/113, E_000001da42126950/114, E_000001da42126950/115, E_000001da42126950/116, E_000001da42126950/117, E_000001da42126950/118, E_000001da42126950/119, E_000001da42126950/120, E_000001da42126950/121, E_000001da42126950/122, E_000001da42126950/123, E_000001da42126950/124, E_000001da42126950/125, E_000001da42126950/126, E_000001da42126950/127, E_000001da42126950/128, E_000001da42126950/129, E_000001da42126950/130;
E_000001da421263d0 .event posedge, v000001da420e38a0_0;
S_000001da42216380 .scope task, "execute_control" "execute_control" 3 61, 3 61 0, S_000001da420e3710;
 .timescale -8 -11;
TD_miniCPU_tb.CPU.execute_control ;
    %load/vec4 v000001da4211f1f0_0;
    %dup/vec4;
    %pushi/vec4 234, 0, 8;
    %cmp/u;
    %jmp/1 T_0.0, 6;
    %dup/vec4;
    %pushi/vec4 96, 0, 8;
    %cmp/u;
    %jmp/1 T_0.1, 6;
    %dup/vec4;
    %pushi/vec4 72, 0, 8;
    %cmp/u;
    %jmp/1 T_0.2, 6;
    %dup/vec4;
    %pushi/vec4 104, 0, 8;
    %cmp/u;
    %jmp/1 T_0.3, 6;
    %jmp T_0.4;
T_0.0 ;
    %jmp T_0.4;
T_0.1 ;
    %load/vec4 v000001da420e4260_0;
    %addi 1, 0, 8;
    %store/vec4 v000001da420e4300_0, 0, 8;
    %load/vec4 v000001da420e4300_0;
    %pad/u 10;
    %ix/vec4 4;
    %load/vec4a v000001da4211f3d0, 4;
    %store/vec4 v000001da420e4120_0, 0, 8;
    %jmp T_0.4;
T_0.2 ;
    %load/vec4 v000001da422169e0_0;
    %load/vec4 v000001da420e4260_0;
    %pad/u 10;
    %ix/vec4 4;
    %store/vec4a v000001da4211f3d0, 4, 0;
    %load/vec4 v000001da420e4260_0;
    %subi 1, 0, 8;
    %store/vec4 v000001da420e4300_0, 0, 8;
    %jmp T_0.4;
T_0.3 ;
    %load/vec4 v000001da420e4260_0;
    %addi 1, 0, 8;
    %store/vec4 v000001da420e4300_0, 0, 8;
    %load/vec4 v000001da420e4300_0;
    %pad/u 10;
    %ix/vec4 4;
    %load/vec4a v000001da4211f3d0, 4;
    %store/vec4 v000001da42216c00_0, 0, 8;
    %jmp T_0.4;
T_0.4 ;
    %pop/vec4 1;
    %end;
S_000001da42216510 .scope task, "execute_memory_register" "execute_memory_register" 3 86, 3 86 0, S_000001da420e3710;
 .timescale -8 -11;
TD_miniCPU_tb.CPU.execute_memory_register ;
    %load/vec4 v000001da4211f1f0_0;
    %dup/vec4;
    %pushi/vec4 169, 0, 8;
    %cmp/u;
    %jmp/1 T_1.5, 6;
    %dup/vec4;
    %pushi/vec4 165, 0, 8;
    %cmp/u;
    %jmp/1 T_1.6, 6;
    %dup/vec4;
    %pushi/vec4 76, 0, 8;
    %cmp/u;
    %jmp/1 T_1.7, 6;
    %dup/vec4;
    %pushi/vec4 105, 0, 8;
    %cmp/u;
    %jmp/1 T_1.8, 6;
    %dup/vec4;
    %pushi/vec4 101, 0, 8;
    %cmp/u;
    %jmp/1 T_1.9, 6;
    %dup/vec4;
    %pushi/vec4 32, 0, 8;
    %cmp/u;
    %jmp/1 T_1.10, 6;
    %jmp T_1.11;
T_1.5 ;
    %load/vec4 v000001da420e3f40_0;
    %store/vec4 v000001da42216c00_0, 0, 8;
    %jmp T_1.11;
T_1.6 ;
    %load/vec4 v000001da422166a0_0;
    %pad/u 10;
    %ix/vec4 4;
    %load/vec4a v000001da4211f3d0, 4;
    %store/vec4 v000001da42216c00_0, 0, 8;
    %jmp T_1.11;
T_1.7 ;
    %load/vec4 v000001da420e3f40_0;
    %store/vec4 v000001da420e4120_0, 0, 8;
    %jmp T_1.11;
T_1.8 ;
    %load/vec4 v000001da422169e0_0;
    %load/vec4 v000001da420e3f40_0;
    %add;
    %store/vec4 v000001da42216c00_0, 0, 8;
    %jmp T_1.11;
T_1.9 ;
    %load/vec4 v000001da422169e0_0;
    %load/vec4 v000001da422166a0_0;
    %pad/u 10;
    %ix/vec4 4;
    %load/vec4a v000001da4211f3d0, 4;
    %add;
    %store/vec4 v000001da42216c00_0, 0, 8;
    %jmp T_1.11;
T_1.10 ;
    %load/vec4 v000001da420e4080_0;
    %addi 1, 0, 8;
    %load/vec4 v000001da420e4260_0;
    %pad/u 10;
    %ix/vec4 4;
    %store/vec4a v000001da4211f3d0, 4, 0;
    %load/vec4 v000001da420e4260_0;
    %subi 1, 0, 8;
    %store/vec4 v000001da420e4300_0, 0, 8;
    %load/vec4 v000001da420e3f40_0;
    %store/vec4 v000001da420e4120_0, 0, 8;
    %jmp T_1.11;
T_1.11 ;
    %pop/vec4 1;
    %end;
S_000001da420e3db0 .scope task, "execute_register_memory" "execute_register_memory" 3 119, 3 119 0, S_000001da420e3710;
 .timescale -8 -11;
TD_miniCPU_tb.CPU.execute_register_memory ;
    %load/vec4 v000001da4211f1f0_0;
    %dup/vec4;
    %pushi/vec4 133, 0, 8;
    %cmp/u;
    %jmp/1 T_2.12, 6;
    %jmp T_2.13;
T_2.12 ;
    %load/vec4 v000001da422169e0_0;
    %load/vec4 v000001da422166a0_0;
    %pad/u 10;
    %ix/vec4 4;
    %store/vec4a v000001da4211f3d0, 4, 0;
    %jmp T_2.13;
T_2.13 ;
    %pop/vec4 1;
    %end;
    .scope S_000001da420e3710;
T_3 ;
    %pushi/vec4 0, 0, 8;
    %store/vec4 v000001da422169e0_0, 0, 8;
    %pushi/vec4 0, 0, 8;
    %store/vec4 v000001da420e4080_0, 0, 8;
    %pushi/vec4 0, 0, 8;
    %store/vec4 v000001da422166a0_0, 0, 8;
    %pushi/vec4 0, 0, 8;
    %store/vec4 v000001da420e4260_0, 0, 8;
    %pushi/vec4 0, 0, 8;
    %store/vec4 v000001da420e3f40_0, 0, 8;
    %pushi/vec4 0, 0, 8;
    %store/vec4 v000001da420e43a0_0, 0, 8;
    %pushi/vec4 0, 0, 8;
    %store/vec4 v000001da4211f1f0_0, 0, 8;
    %pushi/vec4 0, 0, 8;
    %store/vec4 v000001da42216c00_0, 0, 8;
    %pushi/vec4 0, 0, 8;
    %store/vec4 v000001da420e4120_0, 0, 8;
    %pushi/vec4 0, 0, 8;
    %store/vec4 v000001da42216740_0, 0, 8;
    %pushi/vec4 0, 0, 8;
    %store/vec4 v000001da420e4300_0, 0, 8;
    %pushi/vec4 0, 0, 8;
    %store/vec4 v000001da420e3fe0_0, 0, 8;
    %pushi/vec4 0, 0, 8;
    %store/vec4 v000001da4211fc90_0, 0, 8;
    %pushi/vec4 0, 0, 8;
    %store/vec4 v000001da4211f650_0, 0, 8;
    %pushi/vec4 0, 0, 8;
    %store/vec4 v000001da4211f970_0, 0, 8;
    %pushi/vec4 0, 0, 8;
    %store/vec4 v000001da4211f330_0, 0, 8;
    %end;
    .thread T_3;
    .scope S_000001da420e3710;
T_4 ;
    %wait E_000001da421263d0;
    %load/vec4 v000001da420e41c0_0;
    %nor/r;
    %flag_set/vec4 8;
    %jmp/0xz  T_4.0, 8;
    %pushi/vec4 0, 0, 8;
    %assign/vec4 v000001da420e43a0_0, 0;
    %jmp T_4.1;
T_4.0 ;
    %load/vec4 v000001da4211fc90_0;
    %assign/vec4 v000001da420e43a0_0, 0;
T_4.1 ;
    %load/vec4 v000001da42216c00_0;
    %assign/vec4 v000001da422169e0_0, 0;
    %load/vec4 v000001da420e4120_0;
    %assign/vec4 v000001da420e4080_0, 0;
    %load/vec4 v000001da42216740_0;
    %assign/vec4 v000001da422166a0_0, 0;
    %load/vec4 v000001da420e4300_0;
    %assign/vec4 v000001da420e4260_0, 0;
    %load/vec4 v000001da420e3fe0_0;
    %assign/vec4 v000001da420e3f40_0, 0;
    %load/vec4 v000001da4211f650_0;
    %assign/vec4 v000001da4211f1f0_0, 0;
    %load/vec4 v000001da4211f330_0;
    %assign/vec4 v000001da4211f970_0, 0;
    %jmp T_4;
    .thread T_4;
    .scope S_000001da420e3710;
T_5 ;
    %wait E_000001da42126950;
    %load/vec4 v000001da420e43a0_0;
    %store/vec4 v000001da4211fc90_0, 0, 8;
    %load/vec4 v000001da422169e0_0;
    %store/vec4 v000001da42216c00_0, 0, 8;
    %load/vec4 v000001da420e4080_0;
    %store/vec4 v000001da420e4120_0, 0, 8;
    %load/vec4 v000001da422166a0_0;
    %store/vec4 v000001da42216740_0, 0, 8;
    %load/vec4 v000001da420e4260_0;
    %store/vec4 v000001da420e4300_0, 0, 8;
    %load/vec4 v000001da420e3f40_0;
    %store/vec4 v000001da420e3fe0_0, 0, 8;
    %load/vec4 v000001da4211f1f0_0;
    %store/vec4 v000001da4211f650_0, 0, 8;
    %load/vec4 v000001da4211f970_0;
    %store/vec4 v000001da4211f330_0, 0, 8;
    %load/vec4 v000001da420e43a0_0;
    %dup/vec4;
    %pushi/vec4 0, 0, 8;
    %cmp/u;
    %jmp/1 T_5.0, 6;
    %dup/vec4;
    %pushi/vec4 1, 0, 8;
    %cmp/u;
    %jmp/1 T_5.1, 6;
    %dup/vec4;
    %pushi/vec4 3, 0, 8;
    %cmp/u;
    %jmp/1 T_5.2, 6;
    %dup/vec4;
    %pushi/vec4 2, 0, 8;
    %cmp/u;
    %jmp/1 T_5.3, 6;
    %dup/vec4;
    %pushi/vec4 4, 0, 8;
    %cmp/u;
    %jmp/1 T_5.4, 6;
    %dup/vec4;
    %pushi/vec4 63, 0, 8;
    %cmp/u;
    %jmp/1 T_5.5, 6;
    %pushi/vec4 63, 0, 8;
    %store/vec4 v000001da4211fc90_0, 0, 8;
    %jmp T_5.7;
T_5.0 ;
    %load/vec4 v000001da420e41c0_0;
    %flag_set/vec4 8;
    %jmp/0xz  T_5.8, 8;
    %pushi/vec4 255, 0, 8;
    %store/vec4 v000001da420e4300_0, 0, 8;
    %pushi/vec4 0, 0, 8;
    %store/vec4 v000001da42216c00_0, 0, 8;
    %pushi/vec4 0, 0, 8;
    %store/vec4 v000001da420e4120_0, 0, 8;
    %pushi/vec4 0, 0, 8;
    %store/vec4 v000001da42216740_0, 0, 8;
    %pushi/vec4 1, 0, 8;
    %store/vec4 v000001da4211fc90_0, 0, 8;
T_5.8 ;
    %jmp T_5.7;
T_5.1 ;
    %load/vec4 v000001da420e4080_0;
    %pad/u 10;
    %ix/vec4 4;
    %load/vec4a v000001da4211f3d0, 4;
    %store/vec4 v000001da4211f650_0, 0, 8;
    %load/vec4 v000001da4211f650_0;
    %pad/u 10;
    %ix/vec4 4;
    %load/vec4a v000001da4211f5b0, 4;
    %store/vec4 v000001da4211f330_0, 0, 8;
    %load/vec4 v000001da420e4080_0;
    %addi 1, 0, 8;
    %store/vec4 v000001da420e4120_0, 0, 8;
    %load/vec4 v000001da4211f330_0;
    %parti/s 6, 0, 2;
    %pad/u 8;
    %store/vec4 v000001da4211fc90_0, 0, 8;
    %jmp T_5.7;
T_5.2 ;
    %load/vec4 v000001da420e4080_0;
    %pad/u 10;
    %ix/vec4 4;
    %load/vec4a v000001da4211f3d0, 4;
    %store/vec4 v000001da42216740_0, 0, 8;
    %pushi/vec4 4, 0, 8;
    %store/vec4 v000001da4211fc90_0, 0, 8;
    %jmp T_5.7;
T_5.3 ;
    %load/vec4 v000001da420e4080_0;
    %pad/u 10;
    %ix/vec4 4;
    %load/vec4a v000001da4211f3d0, 4;
    %store/vec4 v000001da420e3fe0_0, 0, 8;
    %pushi/vec4 4, 0, 8;
    %store/vec4 v000001da4211fc90_0, 0, 8;
    %jmp T_5.7;
T_5.4 ;
    %load/vec4 v000001da4211f970_0;
    %parti/s 2, 6, 4;
    %dup/vec4;
    %pushi/vec4 2, 0, 2;
    %cmp/u;
    %jmp/1 T_5.10, 6;
    %dup/vec4;
    %pushi/vec4 1, 0, 2;
    %cmp/u;
    %jmp/1 T_5.11, 6;
    %dup/vec4;
    %pushi/vec4 0, 0, 2;
    %cmp/u;
    %jmp/1 T_5.12, 6;
    %jmp T_5.13;
T_5.10 ;
    %fork TD_miniCPU_tb.CPU.execute_control, S_000001da42216380;
    %join;
    %jmp T_5.13;
T_5.11 ;
    %load/vec4 v000001da420e4080_0;
    %addi 1, 0, 8;
    %store/vec4 v000001da420e4120_0, 0, 8;
    %fork TD_miniCPU_tb.CPU.execute_memory_register, S_000001da42216510;
    %join;
    %jmp T_5.13;
T_5.12 ;
    %load/vec4 v000001da420e4080_0;
    %addi 1, 0, 8;
    %store/vec4 v000001da420e4120_0, 0, 8;
    %fork TD_miniCPU_tb.CPU.execute_register_memory, S_000001da420e3db0;
    %join;
    %jmp T_5.13;
T_5.13 ;
    %pop/vec4 1;
    %pushi/vec4 1, 0, 8;
    %store/vec4 v000001da4211fc90_0, 0, 8;
    %jmp T_5.7;
T_5.5 ;
    %pushi/vec4 63, 0, 8;
    %store/vec4 v000001da4211fc90_0, 0, 8;
    %jmp T_5.7;
T_5.7 ;
    %pop/vec4 1;
    %jmp T_5;
    .thread T_5, $push;
    .scope S_000001da420e3710;
T_6 ;
    %pushi/vec4 0, 0, 32;
    %store/vec4 v000001da420e4440_0, 0, 32;
T_6.0 ;
    %load/vec4 v000001da420e4440_0;
    %cmpi/s 256, 0, 32;
    %jmp/0xz T_6.1, 5;
    %pushi/vec4 63, 0, 8;
    %ix/getv/s 4, v000001da420e4440_0;
    %store/vec4a v000001da4211f5b0, 4, 0;
    %pushi/vec4 0, 0, 8;
    %ix/getv/s 4, v000001da420e4440_0;
    %store/vec4a v000001da4211f3d0, 4, 0;
    %load/vec4 v000001da420e4440_0;
    %addi 1, 0, 32;
    %store/vec4 v000001da420e4440_0, 0, 32;
    %jmp T_6.0;
T_6.1 ;
    %pushi/vec4 66, 0, 8;
    %ix/load 4, 169, 0;
    %flag_set/imm 4, 0;
    %store/vec4a v000001da4211f5b0, 4, 0;
    %pushi/vec4 67, 0, 8;
    %ix/load 4, 165, 0;
    %flag_set/imm 4, 0;
    %store/vec4a v000001da4211f5b0, 4, 0;
    %pushi/vec4 3, 0, 8;
    %ix/load 4, 133, 0;
    %flag_set/imm 4, 0;
    %store/vec4a v000001da4211f5b0, 4, 0;
    %pushi/vec4 66, 0, 8;
    %ix/load 4, 105, 0;
    %flag_set/imm 4, 0;
    %store/vec4a v000001da4211f5b0, 4, 0;
    %pushi/vec4 67, 0, 8;
    %ix/load 4, 101, 0;
    %flag_set/imm 4, 0;
    %store/vec4a v000001da4211f5b0, 4, 0;
    %pushi/vec4 132, 0, 8;
    %ix/load 4, 234, 0;
    %flag_set/imm 4, 0;
    %store/vec4a v000001da4211f5b0, 4, 0;
    %pushi/vec4 66, 0, 8;
    %ix/load 4, 76, 0;
    %flag_set/imm 4, 0;
    %store/vec4a v000001da4211f5b0, 4, 0;
    %pushi/vec4 66, 0, 8;
    %ix/load 4, 32, 0;
    %flag_set/imm 4, 0;
    %store/vec4a v000001da4211f5b0, 4, 0;
    %pushi/vec4 132, 0, 8;
    %ix/load 4, 96, 0;
    %flag_set/imm 4, 0;
    %store/vec4a v000001da4211f5b0, 4, 0;
    %pushi/vec4 132, 0, 8;
    %ix/load 4, 72, 0;
    %flag_set/imm 4, 0;
    %store/vec4a v000001da4211f5b0, 4, 0;
    %pushi/vec4 132, 0, 8;
    %ix/load 4, 104, 0;
    %flag_set/imm 4, 0;
    %store/vec4a v000001da4211f5b0, 4, 0;
    %pushi/vec4 169, 0, 8;
    %ix/load 4, 0, 0;
    %flag_set/imm 4, 0;
    %store/vec4a v000001da4211f3d0, 4, 0;
    %pushi/vec4 79, 0, 8;
    %ix/load 4, 1, 0;
    %flag_set/imm 4, 0;
    %store/vec4a v000001da4211f3d0, 4, 0;
    %pushi/vec4 133, 0, 8;
    %ix/load 4, 2, 0;
    %flag_set/imm 4, 0;
    %store/vec4a v000001da4211f3d0, 4, 0;
    %pushi/vec4 33, 0, 8;
    %ix/load 4, 3, 0;
    %flag_set/imm 4, 0;
    %store/vec4a v000001da4211f3d0, 4, 0;
    %pushi/vec4 169, 0, 8;
    %ix/load 4, 4, 0;
    %flag_set/imm 4, 0;
    %store/vec4a v000001da4211f3d0, 4, 0;
    %pushi/vec4 0, 0, 8;
    %ix/load 4, 5, 0;
    %flag_set/imm 4, 0;
    %store/vec4a v000001da4211f3d0, 4, 0;
    %pushi/vec4 165, 0, 8;
    %ix/load 4, 6, 0;
    %flag_set/imm 4, 0;
    %store/vec4a v000001da4211f3d0, 4, 0;
    %pushi/vec4 33, 0, 8;
    %ix/load 4, 7, 0;
    %flag_set/imm 4, 0;
    %store/vec4a v000001da4211f3d0, 4, 0;
    %pushi/vec4 101, 0, 8;
    %ix/load 4, 8, 0;
    %flag_set/imm 4, 0;
    %store/vec4a v000001da4211f3d0, 4, 0;
    %pushi/vec4 33, 0, 8;
    %ix/load 4, 9, 0;
    %flag_set/imm 4, 0;
    %store/vec4a v000001da4211f3d0, 4, 0;
    %pushi/vec4 105, 0, 8;
    %ix/load 4, 10, 0;
    %flag_set/imm 4, 0;
    %store/vec4a v000001da4211f3d0, 4, 0;
    %pushi/vec4 1, 0, 8;
    %ix/load 4, 11, 0;
    %flag_set/imm 4, 0;
    %store/vec4a v000001da4211f3d0, 4, 0;
    %pushi/vec4 32, 0, 8;
    %ix/load 4, 12, 0;
    %flag_set/imm 4, 0;
    %store/vec4a v000001da4211f3d0, 4, 0;
    %pushi/vec4 128, 0, 8;
    %ix/load 4, 13, 0;
    %flag_set/imm 4, 0;
    %store/vec4a v000001da4211f3d0, 4, 0;
    %pushi/vec4 72, 0, 8;
    %ix/load 4, 14, 0;
    %flag_set/imm 4, 0;
    %store/vec4a v000001da4211f3d0, 4, 0;
    %pushi/vec4 169, 0, 8;
    %ix/load 4, 15, 0;
    %flag_set/imm 4, 0;
    %store/vec4a v000001da4211f3d0, 4, 0;
    %pushi/vec4 0, 0, 8;
    %ix/load 4, 16, 0;
    %flag_set/imm 4, 0;
    %store/vec4a v000001da4211f3d0, 4, 0;
    %pushi/vec4 76, 0, 8;
    %ix/load 4, 17, 0;
    %flag_set/imm 4, 0;
    %store/vec4a v000001da4211f3d0, 4, 0;
    %pushi/vec4 133, 0, 8;
    %ix/load 4, 18, 0;
    %flag_set/imm 4, 0;
    %store/vec4a v000001da4211f3d0, 4, 0;
    %pushi/vec4 169, 0, 8;
    %ix/load 4, 128, 0;
    %flag_set/imm 4, 0;
    %store/vec4a v000001da4211f3d0, 4, 0;
    %pushi/vec4 255, 0, 8;
    %ix/load 4, 129, 0;
    %flag_set/imm 4, 0;
    %store/vec4a v000001da4211f3d0, 4, 0;
    %pushi/vec4 96, 0, 8;
    %ix/load 4, 130, 0;
    %flag_set/imm 4, 0;
    %store/vec4a v000001da4211f3d0, 4, 0;
    %pushi/vec4 104, 0, 8;
    %ix/load 4, 133, 0;
    %flag_set/imm 4, 0;
    %store/vec4a v000001da4211f3d0, 4, 0;
    %pushi/vec4 234, 0, 8;
    %ix/load 4, 134, 0;
    %flag_set/imm 4, 0;
    %store/vec4a v000001da4211f3d0, 4, 0;
    %end;
    .thread T_6;
    .scope S_000001da420e2380;
T_7 ;
    %delay 1000, 0;
    %load/vec4 v000001da4211fd30_0;
    %inv;
    %store/vec4 v000001da4211fd30_0, 0, 1;
    %jmp T_7;
    .thread T_7;
    .scope S_000001da420e2380;
T_8 ;
    %vpi_call 2 17 "$dumpfile", "signals.vcd" {0 0 0};
    %vpi_call 2 18 "$dumpvars", 32'sb00000000000000000000000000000000, S_000001da420e2380 {0 0 0};
    %pushi/vec4 0, 0, 1;
    %store/vec4 v000001da4211fd30_0, 0, 1;
    %pushi/vec4 0, 0, 1;
    %store/vec4 v000001da4211fbf0_0, 0, 1;
    %delay 2000, 0;
    %pushi/vec4 1, 0, 1;
    %store/vec4 v000001da4211fbf0_0, 0, 1;
    %delay 85000, 0;
    %vpi_call 2 23 "$finish" {0 0 0};
    %end;
    .thread T_8;
# The file index is used to find the file name in the following table.
:file_names 4;
    "N/A";
    "<interactive>";
    "miniCPU_tb.v";
    "./miniCPU.v";
