#-----------------------------------------------------------
# Vivado v2023.1 (64-bit)
# SW Build 3865809 on Sun May  7 15:05:29 MDT 2023
# IP Build 3864474 on Sun May  7 20:36:21 MDT 2023
# SharedData Build 3865790 on Sun May 07 13:33:03 MDT 2023
# Start of session at: Tue Feb  6 08:25:15 2024
# Process ID: 1352
# Current directory: D:/Projects/6502/SB6502_Cmod-A7_35T
# Command line: vivado.exe -gui_launcher_event rodinguilauncherevent7088 D:\Projects\6502\SB6502_Cmod-A7_35T\sbc6502.xpr
# Log file: D:/Projects/6502/SB6502_Cmod-A7_35T/vivado.log
# Journal file: D:/Projects/6502/SB6502_Cmod-A7_35T\vivado.jou
# Running On: W10-DEVELOP, OS: Windows, CPU Frequency: 3696 MHz, CPU Physical cores: 4, Host memory: 12884 MB
#-----------------------------------------------------------
start_gui
SSourcing tcl script 'C:/Users/daven/AppData/Roaming/Xilinx/Vivado/Vivado_init.tcl'oopen_project D:/Projects/6502/SB6502_Cmod-A7_35T/sbc6502.xprWINFO: [filemgmt 56-3] Default IP Output Path : Could not find the directory 'D:/Projects/6502/SB6502_Cmod-A7_35T/sbc6502.gen/sources_1'.
Scanning sources...
Finished scanning sources
WARNING: [Board 49-26] cannot add Board Part xilinx.com:kcu105:part0:1.6 available at C:/Xilinx/Vivado/2023.1/data/xhub/boards/XilinxBoardStore/boards/Xilinx/kcu105/1.6/board.xml as part xcku040-ffva1156-2-e specified in board_part file is either invalid or not available
WARNING: [Board 49-26] cannot add Board Part xilinx.com:kcu105:part0:1.7 available at C:/Xilinx/Vivado/2023.1/data/xhub/boards/XilinxBoardStore/boards/Xilinx/kcu105/1.7/board.xml as part xcku040-ffva1156-2-e specified in board_part file is either invalid or not available
WARNING: [Board 49-26] cannot add Board Part xilinx.com:kcu116:part0:1.4 available at C:/Xilinx/Vivado/2023.1/data/xhub/boards/XilinxBoardStore/boards/Xilinx/kcu116/1.4/board.xml as part xcku5p-ffvb676-2-e specified in board_part file is either invalid or not available
WARNING: [Board 49-26] cannot add Board Part xilinx.com:kcu116:part0:1.5 available at C:/Xilinx/Vivado/2023.1/data/xhub/boards/XilinxBoardStore/boards/Xilinx/kcu116/1.5/board.xml as part xcku5p-ffvb676-2-e specified in board_part file is either invalid or not available
WARNING: [Board 49-26] cannot add Board Part xilinx.com:kcu1500:part0:1.2 available at C:/Xilinx/Vivado/2023.1/data/xhub/boards/XilinxBoardStore/boards/Xilinx/kcu1500/1.2/board.xml as part xcku115-flvb2104-2-e specified in board_part file is either invalid or not available
WARNING: [Board 49-26] cannot add Board Part xilinx.com:vck190:part0:2.2 available at C:/Xilinx/Vivado/2023.1/data/xhub/boards/XilinxBoardStore/boards/Xilinx/vck190/production/2.2/board.xml as part xcvc1902-vsva2197-2mp-e-s specified in board_part file is either invalid or not available
WARNING: [Board 49-26] cannot add Board Part xilinx.com:vck190:part0:3.0 available at C:/Xilinx/Vivado/2023.1/data/xhub/boards/XilinxBoardStore/boards/Xilinx/vck190/production/3.0/board.xml as part xcvc1902-vsva2197-2mp-e-s specified in board_part file is either invalid or not available
WARNING: [Board 49-26] cannot add Board Part xilinx.com:vck190:part0:3.1 available at C:/Xilinx/Vivado/2023.1/data/xhub/boards/XilinxBoardStore/boards/Xilinx/vck190/production/3.1/board.xml as part xcvc1902-vsva2197-2mp-e-s specified in board_part file is either invalid or not available
WARNING: [Board 49-26] cannot add Board Part xilinx.com:vck190:part0:3.2 available at C:/Xilinx/Vivado/2023.1/data/xhub/boards/XilinxBoardStore/boards/Xilinx/vck190/production/3.2/board.xml as part xcvc1902-vsva2197-2mp-e-s specified in board_part file is either invalid or not available
WARNING: [Board 49-26] cannot add Board Part xilinx.com:vck190_newl:part0:1.0 available at C:/Xilinx/Vivado/2023.1/data/xhub/boards/XilinxBoardStore/boards/Xilinx/vck190_newl/production/1.0/board.xml as part xcvc1902-vsva2197-2mp-e-s specified in board_part file is either invalid or not available
WARNING: [Board 49-26] cannot add Board Part xilinx.com:vck190_newl:part0:1.1 available at C:/Xilinx/Vivado/2023.1/data/xhub/boards/XilinxBoardStore/boards/Xilinx/vck190_newl/production/1.1/board.xml as part xcvc1902-vsva2197-2mp-e-s specified in board_part file is either invalid or not available
WARNING: [Board 49-26] cannot add Board Part xilinx.com:vcu108:part0:1.6 available at C:/Xilinx/Vivado/2023.1/data/xhub/boards/XilinxBoardStore/boards/Xilinx/vcu108/1.6/board.xml as part xcvu095-ffva2104-2-e specified in board_part file is either invalid or not available
WARNING: [Board 49-26] cannot add Board Part xilinx.com:vcu108:part0:1.7 available at C:/Xilinx/Vivado/2023.1/data/xhub/boards/XilinxBoardStore/boards/Xilinx/vcu108/1.7/board.xml as part xcvu095-ffva2104-2-e specified in board_part file is either invalid or not available
WARNING: [Board 49-26] cannot add Board Part xilinx.com:vcu110:part0:1.4 available at C:/Xilinx/Vivado/2023.1/data/xhub/boards/XilinxBoardStore/boards/Xilinx/vcu110/1.4/board.xml as part xcvu190-flgc2104-2-e specified in board_part file is either invalid or not available
WARNING: [Board 49-26] cannot add Board Part xilinx.com:vcu118:part0:2.0 available at C:/Xilinx/Vivado/2023.1/data/xhub/boards/XilinxBoardStore/boards/Xilinx/vcu118/2.0/board.xml as part xcvu9p-flga2104-2l-e specified in board_part file is either invalid or not available
WARNING: [Board 49-26] cannot add Board Part xilinx.com:vcu118:part0:2.3 available at C:/Xilinx/Vivado/2023.1/data/xhub/boards/XilinxBoardStore/boards/Xilinx/vcu118/2.3/board.xml as part xcvu9p-flga2104-2l-e specified in board_part file is either invalid or not available
WARNING: [Board 49-26] cannot add Board Part xilinx.com:vcu118:part0:2.4 available at C:/Xilinx/Vivado/2023.1/data/xhub/boards/XilinxBoardStore/boards/Xilinx/vcu118/2.4/board.xml as part xcvu9p-flga2104-2l-e specified in board_part file is either invalid or not available
WARNING: [Board 49-26] cannot add Board Part xilinx.com:vcu128:part0:1.0 available at C:/Xilinx/Vivado/2023.1/data/xhub/boards/XilinxBoardStore/boards/Xilinx/vcu128/production/1.0/board.xml as part xcvu37p-fsvh2892-2l-e specified in board_part file is either invalid or not available
WARNING: [Board 49-26] cannot add Board Part xilinx.com:vcu129:part0:1.0 available at C:/Xilinx/Vivado/2023.1/data/xhub/boards/XilinxBoardStore/boards/Xilinx/vcu129/production/1.0/board.xml as part xcvu29p-fsga2577-2l-e specified in board_part file is either invalid or not available
WARNING: [Board 49-26] cannot add Board Part xilinx.com:vcu1525:part0:1.3 available at C:/Xilinx/Vivado/2023.1/data/xhub/boards/XilinxBoardStore/boards/Xilinx/vcu1525/1.3/board.xml as part xcvu9p-fsgd2104-2l-e specified in board_part file is either invalid or not available
WARNING: [Board 49-26] cannot add Board Part xilinx.com:vek280_es:part0:1.0 available at C:/Xilinx/Vivado/2023.1/data/xhub/boards/XilinxBoardStore/boards/Xilinx/vek280/es/rev_a/1.0/board.xml as part xcve2802-vsvh1760-2lp-e-s-es1 specified in board_part file is either invalid or not available
WARNING: [Board 49-26] cannot add Board Part xilinx.com:vek280_es:part0:1.1 available at C:/Xilinx/Vivado/2023.1/data/xhub/boards/XilinxBoardStore/boards/Xilinx/vek280/es/rev_a/1.1/board.xml as part xcve2802-vsvh1760-2lp-e-s-es1 specified in board_part file is either invalid or not available
WARNING: [Board 49-26] cannot add Board Part xilinx.com:vek280_es_revb:part0:1.0 available at C:/Xilinx/Vivado/2023.1/data/xhub/boards/XilinxBoardStore/boards/Xilinx/vek280/es/rev_b/1.0/board.xml as part xcve2802-vsvh1760-2mp-e-s-es1 specified in board_part file is either invalid or not available
WARNING: [Board 49-26] cannot add Board Part xilinx.com:vek280_es_revb:part0:1.1 available at C:/Xilinx/Vivado/2023.1/data/xhub/boards/XilinxBoardStore/boards/Xilinx/vek280/es/rev_b/1.1/board.xml as part xcve2802-vsvh1760-2mp-e-s-es1 specified in board_part file is either invalid or not available
WARNING: [Board 49-26] cannot add Board Part xilinx.com:vhk158:part0:1.0 available at C:/Xilinx/Vivado/2023.1/data/xhub/boards/XilinxBoardStore/boards/Xilinx/vhk158/production/1.0/board.xml as part xcvh1582-vsva3697-2mp-e-s specified in board_part file is either invalid or not available
WARNING: [Board 49-26] cannot add Board Part xilinx.com:vhk158_es:part0:1.0 available at C:/Xilinx/Vivado/2023.1/data/xhub/boards/XilinxBoardStore/boards/Xilinx/vhk158/es/1.0/board.xml as part xcvh1582-vsva3697-2mp-e-s-es1 specified in board_part file is either invalid or not available
WARNING: [Board 49-26] cannot add Board Part xilinx.com:vhk158_es:part0:1.1 available at C:/Xilinx/Vivado/2023.1/data/xhub/boards/XilinxBoardStore/boards/Xilinx/vhk158/es/1.1/board.xml as part xcvh1582-vsva3697-2mp-e-s-es1 specified in board_part file is either invalid or not available
WARNING: [Board 49-26] cannot add Board Part xilinx.com:vmk180:part0:2.2 available at C:/Xilinx/Vivado/2023.1/data/xhub/boards/XilinxBoardStore/boards/Xilinx/vmk180/production/2.2/board.xml as part xcvm1802-vsva2197-2mp-e-s specified in board_part file is either invalid or not available
WARNING: [Board 49-26] cannot add Board Part xilinx.com:vmk180:part0:3.0 available at C:/Xilinx/Vivado/2023.1/data/xhub/boards/XilinxBoardStore/boards/Xilinx/vmk180/production/3.0/board.xml as part xcvm1802-vsva2197-2mp-e-s specified in board_part file is either invalid or not available
WARNING: [Board 49-26] cannot add Board Part xilinx.com:vmk180:part0:3.1 available at C:/Xilinx/Vivado/2023.1/data/xhub/boards/XilinxBoardStore/boards/Xilinx/vmk180/production/3.1/board.xml as part xcvm1802-vsva2197-2mp-e-s specified in board_part file is either invalid or not available
WARNING: [Board 49-26] cannot add Board Part xilinx.com:vmk180:part0:3.2 available at C:/Xilinx/Vivado/2023.1/data/xhub/boards/XilinxBoardStore/boards/Xilinx/vmk180/production/3.2/board.xml as part xcvm1802-vsva2197-2mp-e-s specified in board_part file is either invalid or not available
WARNING: [Board 49-26] cannot add Board Part xilinx.com:vmk180_newl:part0:1.0 available at C:/Xilinx/Vivado/2023.1/data/xhub/boards/XilinxBoardStore/boards/Xilinx/vmk180_newl/production/1.0/board.xml as part xcvm1802-vsva2197-2mp-e-s specified in board_part file is either invalid or not available
WARNING: [Board 49-26] cannot add Board Part xilinx.com:vmk180_newl:part0:1.1 available at C:/Xilinx/Vivado/2023.1/data/xhub/boards/XilinxBoardStore/boards/Xilinx/vmk180_newl/production/1.1/board.xml as part xcvm1802-vsva2197-2mp-e-s specified in board_part file is either invalid or not available
WARNING: [Board 49-26] cannot add Board Part xilinx.com:vpk120:part0:1.0 available at C:/Xilinx/Vivado/2023.1/data/xhub/boards/XilinxBoardStore/boards/Xilinx/vpk120/production/1.0/board.xml as part xcvp1202-vsva2785-2mp-e-s specified in board_part file is either invalid or not available
WARNING: [Board 49-26] cannot add Board Part xilinx.com:vpk120:part0:1.1 available at C:/Xilinx/Vivado/2023.1/data/xhub/boards/XilinxBoardStore/boards/Xilinx/vpk120/production/1.1/board.xml as part xcvp1202-vsva2785-2mp-e-s specified in board_part file is either invalid or not available
WARNING: [Board 49-26] cannot add Board Part xilinx.com:vpk120_es:part0:1.2 available at C:/Xilinx/Vivado/2023.1/data/xhub/boards/XilinxBoardStore/boards/Xilinx/vpk120/es/1.2/board.xml as part xcvp1202-vsva2785-2mp-e-s-es1 specified in board_part file is either invalid or not available
WARNING: [Board 49-26] cannot add Board Part xilinx.com:vpk120_es:part0:1.3 available at C:/Xilinx/Vivado/2023.1/data/xhub/boards/XilinxBoardStore/boards/Xilinx/vpk120/es/1.3/board.xml as part xcvp1202-vsva2785-2mp-e-s-es1 specified in board_part file is either invalid or not available
WARNING: [Board 49-26] cannot add Board Part xilinx.com:vpk120_es_revb:part0:1.0 available at C:/Xilinx/Vivado/2023.1/data/xhub/boards/XilinxBoardStore/boards/Xilinx/vpk120_revb/es/1.0/board.xml as part xcvp1202-vsva2785-2mp-e-s-es1 specified in board_part file is either invalid or not available
WARNING: [Board 49-26] cannot add Board Part xilinx.com:vpk120_es_revb:part0:1.1 available at C:/Xilinx/Vivado/2023.1/data/xhub/boards/XilinxBoardStore/boards/Xilinx/vpk120_revb/es/1.1/board.xml as part xcvp1202-vsva2785-2mp-e-s-es1 specified in board_part file is either invalid or not available
WARNING: [Board 49-26] cannot add Board Part xilinx.com:vpk180:part0:1.0 available at C:/Xilinx/Vivado/2023.1/data/xhub/boards/XilinxBoardStore/boards/Xilinx/vpk180/production/1.0/board.xml as part xcvp1802-lsvc4072-2mp-e-s specified in board_part file is either invalid or not available
WARNING: [Board 49-26] cannot add Board Part xilinx.com:vpk180:part0:1.1 available at C:/Xilinx/Vivado/2023.1/data/xhub/boards/XilinxBoardStore/boards/Xilinx/vpk180/production/1.1/board.xml as part xcvp1802-lsvc4072-2mp-e-s specified in board_part file is either invalid or not available
WARNING: [Board 49-26] cannot add Board Part xilinx.com:vpk180_es:part0:1.0 available at C:/Xilinx/Vivado/2023.1/data/xhub/boards/XilinxBoardStore/boards/Xilinx/vpk180/es/1.0/board.xml as part xcvp1802-lsvc4072-2mp-e-s-es1 specified in board_part file is either invalid or not available
WARNING: [Board 49-26] cannot add Board Part xilinx.com:vpk180_es:part0:1.1 available at C:/Xilinx/Vivado/2023.1/data/xhub/boards/XilinxBoardStore/boards/Xilinx/vpk180/es/1.1/board.xml as part xcvp1802-lsvc4072-2mp-e-s-es1 specified in board_part file is either invalid or not available
WARNING: [Board 49-26] cannot add Board Part xilinx.com:zcu208ld:part0:2.0 available at C:/Xilinx/Vivado/2023.1/data/xhub/boards/XilinxBoardStore/boards/Xilinx/zcu208ld/production/2.0/board.xml as part xczu58dr-fsvg1517-2-i specified in board_part file is either invalid or not available
WARNING: [Board 49-26] cannot add Board Part xilinx.com:zcu216ld:part0:2.0 available at C:/Xilinx/Vivado/2023.1/data/xhub/boards/XilinxBoardStore/boards/Xilinx/zcu216ld/production/2.0/board.xml as part xczu59dr-ffvf1760-2-i specified in board_part file is either invalid or not available
WARNING: [Board 49-26] cannot add Board Part xilinx.com:zcu670:part0:2.0 available at C:/Xilinx/Vivado/2023.1/data/xhub/boards/XilinxBoardStore/boards/Xilinx/zcu670/2.0/board.xml as part xczu67dr-fsve1156-2-i specified in board_part file is either invalid or not available
WARNING: [Board 49-26] cannot add Board Part xilinx.com:zcu670ld:part0:1.0 available at C:/Xilinx/Vivado/2023.1/data/xhub/boards/XilinxBoardStore/boards/Xilinx/zcu670ld/1.0/board.xml as part xczu57dr-fsve1156-2-i specified in board_part file is either invalid or not available
INFO: [IP_Flow 19-234] Refreshing IP repositories
INFO: [IP_FlowINFO: [Common 17-344] 'open_project' was canINFO: [IP_Flow 19-2313] Loaded Vivado IP repository 'C:/Xilinx/Vivado/2023.1/data/ip'.
open_project: Time (s): cpu = 00:00:24 ; elapsed = 00:00:35 . Memory (MB): peak = 1511.430 ; gain = 335.125
close_project
open_project D:/Projects/PuppySBC/SB6502_Cmod-A7_35T/sbc6502.xpr
INFO: [filemgmt 56-3] Default IP Output Path : Could not find the directory 'D:/Projects/PuppySBC/SB6502_Cmod-A7_35T/sbc6502.gen/sources_1'.
Scanning sources...
Finished scanning sources
INFO: [IP_Flow 19-234] Refreshing IP repositories
INFO: [IP_Flow 19-1704] No user IP repositories specified
INFO: [IP_Flow 19-2313] Loaded Vivado IP repository 'C:/Xilinx/Vivado/2023.1/data/ip'.
open_project: Time (s): cpu = 00:00:06 ; elapsed = 00:00:05 . Memory (MB): peak = 1587.379 ; gain = 46.016
update_compile_order -fileset sources_1
export_ip_user_files -of_objects  [get_files D:/Projects/PuppySBC/SBC6502_src/SBC6502.v] -no_script -reset -force -quiet
remove_files  D:/Projects/PuppySBC/SBC6502_src/SBC6502.v
export_ip_user_files -of_objects  [get_files D:/Projects/PuppySBC/SBC6502_lib/tm1638_driver.v] -no_script -reset -force -quiet
remove_files  D:/Projects/PuppySBC/SBC6502_lib/tm1638_driver.v
export_ip_user_files -of_objects  [get_files D:/Projects/PuppySBC/SB6502_Cmod-A7_35T/sbc6502.srcs/sources_1/new/SBC6502_options.v] -no_script -reset -force -quiet
remove_files  D:/Projects/PuppySBC/SB6502_Cmod-A7_35T/sbc6502.srcs/sources_1/new/SBC6502_options.v
reset_run synth_1
INFO: [Project 1-1161] Replacing file D:/Projects/PuppySBC/SB6502_Cmod-A7_35T/sbc6502.srcs/utils_1/imports/synth_1/top.dcp with file D:/Projects/PuppySBC/SB6502_Cmod-A7_35T/sbc6502.runs/synth_1/top.dcp
launch_runs synth_1 -jobs 4
[Tue Feb  6 08:30:25 2024] Launched synth_1...
Run output will be captured here: D:/Projects/PuppySBC/SB6502_Cmod-A7_35T/sbc6502.runs/synth_1/runme.log
add_files -norecurse {D:/Projects/PuppySBC/SB6502_Cmod-A7_35T/sbc6502.srcs/rtl_ram.v D:/Projects/PuppySBC/SB6502_Cmod-A7_35T/sbc6502.srcs/rtl_rom.v}
update_compile_order -fileset sources_1
update_compile_order -fileset sources_1
reset_run synth_1
INFO: [Project 1-1161] Replacing file D:/Projects/PuppySBC/SB6502_Cmod-A7_35T/sbc6502.srcs/utils_1/imports/synth_1/top.dcp with file D:/Projects/PuppySBC/SB6502_Cmod-A7_35T/sbc6502.runs/synth_1/top.dcp
launch_runs synth_1 -jobs 4
[Tue Feb  6 08:43:46 2024] Launched synth_1...
Run output will be captured here: D:/Projects/PuppySBC/SB6502_Cmod-A7_35T/sbc6502.runs/synth_1/runme.log
reset_run synth_1
INFO: [Project 1-1161] Replacing file D:/Projects/PuppySBC/SB6502_Cmod-A7_35T/sbc6502.srcs/utils_1/imports/synth_1/top.dcp with file D:/Projects/PuppySBC/SB6502_Cmod-A7_35T/sbc6502.runs/synth_1/top.dcp
launch_runs synth_1 -jobs 4
[Tue Feb  6 08:48:46 2024] Launched synth_1...
Run output will be captured here: D:/Projects/PuppySBC/SB6502_Cmod-A7_35T/sbc6502.runs/synth_1/runme.log
update_compile_order -fileset sources_1
reset_run synth_1
INFO: [Project 1-1161] Replacing file D:/Projects/PuppySBC/SB6502_Cmod-A7_35T/sbc6502.srcs/utils_1/imports/synth_1/top.dcp with file D:/Projects/PuppySBC/SB6502_Cmod-A7_35T/sbc6502.runs/synth_1/top.dcp
launch_runs synth_1 -jobs 4
[Tue Feb  6 08:54:04 2024] Launched synth_1...
Run output will be captured here: D:/Projects/PuppySBC/SB6502_Cmod-A7_35T/sbc6502.runs/synth_1/runme.log
reset_run synth_1
WARNING: [Vivado 12-1017] Problems encountered:
1. Failed to delete one or more files in run directory D:/Projects/PuppySBC/SB6502_Cmod-A7_35T/sbc6502.runs/synth_1

add_files -norecurse D:/Projects/PuppySBC/SB6502_Cmod-A7_35T/sbc6502.srcs/osi_bas.hex
set_property file_type {Memory File} [get_files  D:/Projects/PuppySBC/SB6502_Cmod-A7_35T/sbc6502.srcs/osi_bas.hex]
set_property file_type {Data Files} [get_files  D:/Projects/PuppySBC/SB6502_Cmod-A7_35T/sbc6502.srcs/osi_bas.hex]
launch_runs synth_1 -jobs 4
[Tue Feb  6 08:56:29 2024] Launched synth_1...
Run output will be captured here: D:/Projects/PuppySBC/SB6502_Cmod-A7_35T/sbc6502.runs/synth_1/runme.log
reset_run synth_1
launch_runs synth_1 -jobs 4
[Tue Feb  6 08:57:12 2024] Launched synth_1...
Run output will be captured here: D:/Projects/PuppySBC/SB6502_Cmod-A7_35T/sbc6502.runs/synth_1/runme.log
reset_run synth_1
launch_runs synth_1 -jobs 4
[Tue Feb  6 08:58:03 2024] Launched synth_1...
Run output will be captured here: D:/Projects/PuppySBC/SB6502_Cmod-A7_35T/sbc6502.runs/synth_1/runme.log
reset_run synth_1
INFO: [Project 1-1161] Replacing file D:/Projects/PuppySBC/SB6502_Cmod-A7_35T/sbc6502.srcs/utils_1/imports/synth_1/top.dcp with file D:/Projects/PuppySBC/SB6502_Cmod-A7_35T/sbc6502.runs/synth_1/top.dcp
launch_runs synth_1 -jobs 4
[Tue Feb  6 09:02:24 2024] Launched synth_1...
Run output will be captured here: D:/Projects/PuppySBC/SB6502_Cmod-A7_35T/sbc6502.runs/synth_1/runme.log
reset_run synth_1
INFO: [Project 1-1161] Replacing file D:/Projects/PuppySBC/SB6502_Cmod-A7_35T/sbc6502.srcs/utils_1/imports/synth_1/top.dcp with file D:/Projects/PuppySBC/SB6502_Cmod-A7_35T/sbc6502.runs/synth_1/top.dcp
launch_runs synth_1 -jobs 4
[Tue Feb  6 09:04:05 2024] Launched synth_1...
Run output will be captured here: D:/Projects/PuppySBC/SB6502_Cmod-A7_35T/sbc6502.runs/synth_1/runme.log
reset_run synth_1
INFO: [Project 1-1161] Replacing file D:/Projects/PuppySBC/SB6502_Cmod-A7_35T/sbc6502.srcs/utils_1/imports/synth_1/top.dcp with file D:/Projects/PuppySBC/SB6502_Cmod-A7_35T/sbc6502.runs/synth_1/top.dcp
launch_runs synth_1 -jobs 4
[Tue Feb  6 09:07:45 2024] Launched synth_1...
Run output will be captured here: D:/Projects/PuppySBC/SB6502_Cmod-A7_35T/sbc6502.runs/synth_1/runme.log
reset_run synth_1
INFO: [Project 1-1161] Replacing file D:/Projects/PuppySBC/SB6502_Cmod-A7_35T/sbc6502.srcs/utils_1/imports/synth_1/top.dcp with file D:/Projects/PuppySBC/SB6502_Cmod-A7_35T/sbc6502.runs/synth_1/top.dcp
launch_runs synth_1 -jobs 4
[Tue Feb  6 09:09:30 2024] Launched synth_1...
Run output will be captured here: D:/Projects/PuppySBC/SB6502_Cmod-A7_35T/sbc6502.runs/synth_1/runme.log
reset_run synth_1
INFO: [Project 1-1161] Replacing file D:/Projects/PuppySBC/SB6502_Cmod-A7_35T/sbc6502.srcs/utils_1/imports/synth_1/top.dcp with file D:/Projects/PuppySBC/SB6502_Cmod-A7_35T/sbc6502.runs/synth_1/top.dcp
launch_runs synth_1 -jobs 4
[Tue Feb  6 09:19:39 2024] Launched synth_1...
Run output will be captured here: D:/Projects/PuppySBC/SB6502_Cmod-A7_35T/sbc6502.runs/synth_1/runme.log
exit
INFO: [Common 17-206] Exiting Vivado at Tue Feb  6 09:23:29 2024...
